[INFO][2018-11-05 18:04|:39][org.springframework.web.context.ContextLoader]Root WebApplicationContext: initialization started
[INFO][2018-11-05 18:04|:39][org.springframework.web.context.support.XmlWebApplicationContext]Refreshing Root WebApplicationContext: startup date [Mon Nov 05 18:04:39 CST 2018]; root of context hierarchy
[INFO][2018-11-05 18:04|:39][org.springframework.beans.factory.xml.XmlBeanDefinitionReader]Loading XML bean definitions from class path resource [applicationContext.xml]
[INFO][2018-11-05 18:04|:42][org.springframework.beans.factory.config.PropertyPlaceholderConfigurer]Loading properties file from class path resource [jdbc.properties]
[INFO][2018-11-05 18:04|:42][org.springframework.beans.factory.annotation.AutowiredAnnotationBeanPostProcessor]JSR-330 'javax.inject.Inject' annotation found and supported for autowiring
[INFO][2018-11-05 18:04|:45][org.springframework.web.context.ContextLoader]Root WebApplicationContext: initialization completed in 6882 ms
[INFO][2018-11-05 18:04|:45][org.springframework.web.servlet.DispatcherServlet]FrameworkServlet 'spring': initialization started
[INFO][2018-11-05 18:04|:45][org.springframework.web.context.support.XmlWebApplicationContext]Refreshing WebApplicationContext for namespace 'spring-servlet': startup date [Mon Nov 05 18:04:45 CST 2018]; parent: Root WebApplicationContext
[INFO][2018-11-05 18:04|:45][org.springframework.beans.factory.xml.XmlBeanDefinitionReader]Loading XML bean definitions from class path resource [springmvc-servlet.xml]
[INFO][2018-11-05 18:04|:46][org.springframework.beans.factory.annotation.AutowiredAnnotationBeanPostProcessor]JSR-330 'javax.inject.Inject' annotation found and supported for autowiring
[INFO][2018-11-05 18:04|:46][org.springframework.web.servlet.mvc.method.annotation.RequestMappingHandlerMapping]Mapped "{[/hjqcb/queryUser],methods=[],params=[],headers=[],consumes=[],produces=[],custom=[]}" onto public java.util.List<java.util.Map<java.lang.String, java.lang.Object>> com.blf.controller.HjqcbController.queryUser()
[INFO][2018-11-05 18:04|:46][org.springframework.web.servlet.mvc.method.annotation.RequestMappingHandlerMapping]Mapped "{[/hjqcb/selectSum],methods=[],params=[],headers=[],consumes=[],produces=[],custom=[]}" onto public int com.blf.controller.HjqcbController.querySum(java.lang.Integer)
[INFO][2018-11-05 18:04|:46][org.springframework.web.servlet.mvc.method.annotation.RequestMappingHandlerMapping]Mapped "{[/hjqcb/queryHj],methods=[],params=[],headers=[],consumes=[],produces=[],custom=[]}" onto public com.util.Pager com.blf.controller.HjqcbController.queryHj(java.lang.String,java.lang.Integer)
[INFO][2018-11-05 18:04|:46][org.springframework.web.servlet.mvc.method.annotation.RequestMappingHandlerMapping]Mapped "{[/hjqcb/queryUcbOrUf],methods=[],params=[],headers=[],consumes=[],produces=[],custom=[]}" onto public java.util.List<java.util.Map<java.lang.String, java.lang.Object>> com.blf.controller.HjqcbController.queryUcbOrUf(java.lang.Integer)
[INFO][2018-11-05 18:04|:46][org.springframework.web.servlet.mvc.method.annotation.RequestMappingHandlerMapping]Mapped "{[/hjqcb/selectBGjce],methods=[],params=[],headers=[],consumes=[],produces=[],custom=[]}" onto public java.util.List<java.util.Map<java.lang.String, java.lang.Object>> com.blf.controller.HjqcbController.selectBGjce(java.lang.Integer)
[INFO][2018-11-05 18:04|:46][org.springframework.web.servlet.mvc.method.annotation.RequestMappingHandlerMapping]Mapped "{[/hjqcb/saveHjqcb],methods=[],params=[],headers=[],consumes=[],produces=[],custom=[]}" onto public void com.blf.controller.HjqcbController.saveHjqcb(com.entity.Hjqcb,javax.servlet.http.HttpServletResponse) throws java.io.IOException
[INFO][2018-11-05 18:04|:46][org.springframework.web.servlet.mvc.method.annotation.RequestMappingHandlerMapping]Mapped "{[/hjqcb/queryHjqcb],methods=[],params=[],headers=[],consumes=[],produces=[],custom=[]}" onto public java.util.List<java.util.Map<java.lang.String, java.lang.Object>> com.blf.controller.HjqcbController.queryHjqcb(java.lang.Integer)
[INFO][2018-11-05 18:04|:46][org.springframework.web.servlet.mvc.method.annotation.RequestMappingHandlerMapping]Mapped "{[/ipay/saveIpayPer],methods=[],params=[],headers=[],consumes=[],produces=[],custom=[]}" onto public void com.blf.controller.individualPayController.queryIpayPer(java.util.Map,javax.servlet.http.HttpServletResponse) throws java.io.IOException
[INFO][2018-11-05 18:04|:46][org.springframework.web.servlet.mvc.method.annotation.RequestMappingHandlerMapping]Mapped "{[/utzw/queryZw],methods=[],params=[],headers=[],consumes=[],produces=[],custom=[]}" onto public java.util.List<java.util.Map<java.lang.String, java.lang.Object>> com.blf.controller.UnitpositionController.queryZw()
[INFO][2018-11-05 18:04|:46][org.springframework.web.servlet.mvc.method.annotation.RequestMappingHandlerMapping]Mapped "{[/utzw/queryLmk],methods=[],params=[],headers=[],consumes=[],produces=[],custom=[]}" onto public java.util.List<java.util.Map<java.lang.String, java.lang.Object>> com.blf.controller.UnitpositionController.queryLmk()
[INFO][2018-11-05 18:04|:46][org.springframework.web.servlet.mvc.method.annotation.RequestMappingHandlerMapping]Mapped "{[/unfo/queryUnfoAndUncc],methods=[],params=[],headers=[],consumes=[],produces=[],custom=[]}" onto public java.util.List<java.util.Map<java.lang.String, java.lang.Object>> com.blf.controller.UnitsaccountController.query()
[INFO][2018-11-05 18:04|:46][org.springframework.web.servlet.mvc.method.annotation.RequestMappingHandlerMapping]Mapped "{[/unfo/queryUnfo],methods=[],params=[],headers=[],consumes=[],produces=[],custom=[]}" onto public java.util.List<java.util.Map<java.lang.String, java.lang.Object>> com.blf.controller.UnitsaccountController.queryUnfo(com.entity.Unitsaccount)
[INFO][2018-11-05 18:04|:46][org.springframework.web.servlet.mvc.method.annotation.RequestMappingHandlerMapping]Mapped "{[/uploadExcel/upload.do],methods=[GET || POST],params=[],headers=[],consumes=[],produces=[],custom=[]}" onto public java.lang.String com.blf.controller.UploadExcelControl.uploadExcel(javax.servlet.http.HttpServletRequest) throws java.lang.Exception
[INFO][2018-11-05 18:04|:46][org.springframework.web.servlet.mvc.method.annotation.RequestMappingHandlerMapping]Mapped "{[/uploadExcel/ajaxUpload.do],methods=[GET || POST],params=[],headers=[],consumes=[],produces=[],custom=[]}" onto public void com.blf.controller.UploadExcelControl.ajaxUploadExcel(javax.servlet.http.HttpServletRequest,javax.servlet.http.HttpServletResponse) throws java.lang.Exception
[INFO][2018-11-05 18:04|:46][org.springframework.web.servlet.mvc.method.annotation.RequestMappingHandlerMapping]Mapped "{[/login/updateBeforeQuery],methods=[],params=[],headers=[],consumes=[],produces=[],custom=[]}" onto public java.util.List<java.util.Map<java.lang.String, java.lang.Object>> com.llt.controller.AdminController.updateBeforeQuery(java.lang.Integer)
[INFO][2018-11-05 18:04|:46][org.springframework.web.servlet.mvc.method.annotation.RequestMappingHandlerMapping]Mapped "{[/login/saveOrUpdateUsers],methods=[],params=[],headers=[],consumes=[],produces=[],custom=[]}" onto public void com.llt.controller.AdminController.saveOrUpdateUsers(com.entity.Usertable)
[INFO][2018-11-05 18:04|:46][org.springframework.web.servlet.mvc.method.annotation.RequestMappingHandlerMapping]Mapped "{[/login/updateBeforeQueryUsers],methods=[],params=[],headers=[],consumes=[],produces=[],custom=[]}" onto public java.util.List<java.util.Map<java.lang.String, java.lang.Object>> com.llt.controller.AdminController.updateBeforeQueryUsers(java.lang.Integer)
[INFO][2018-11-05 18:04|:46][org.springframework.web.servlet.mvc.method.annotation.RequestMappingHandlerMapping]Mapped "{[/login/queryAllUsers],methods=[],params=[],headers=[],consumes=[],produces=[],custom=[]}" onto public com.github.pagehelper.PageInfo<java.util.Map<java.lang.String, java.lang.Object>> com.llt.controller.AdminController.queryAllUsers(java.lang.Integer)
[INFO][2018-11-05 18:04|:46][org.springframework.web.servlet.mvc.method.annotation.RequestMappingHandlerMapping]Mapped "{[/login/login.action],methods=[],params=[],headers=[],consumes=[],produces=[],custom=[]}" onto public java.lang.String com.llt.controller.AdminController.dologin(com.entity.Usertable,javax.servlet.http.HttpSession)
[INFO][2018-11-05 18:04|:46][org.springframework.web.servlet.mvc.method.annotation.RequestMappingHandlerMapping]Mapped "{[/login/findAllModules],methods=[],params=[],headers=[],consumes=[],produces=[],custom=[]}" onto public java.util.List<java.util.Map<java.lang.String, java.lang.Object>> com.llt.controller.AdminController.findAllModules(int)
[INFO][2018-11-05 18:04|:46][org.springframework.web.servlet.mvc.method.annotation.RequestMappingHandlerMapping]Mapped "{[/login/saveOrUpdate],methods=[],params=[],headers=[],consumes=[],produces=[],custom=[]}" onto public void com.llt.controller.AdminController.saveOrUpdate(com.entity.Roles)
[INFO][2018-11-05 18:04|:46][org.springframework.web.servlet.mvc.method.annotation.RequestMappingHandlerMapping]Mapped "{[/login/deleteUsers],methods=[],params=[],headers=[],consumes=[],produces=[],custom=[]}" onto public void com.llt.controller.AdminController.deleteUsers(java.lang.Integer)
[INFO][2018-11-05 18:04|:46][org.springframework.web.servlet.mvc.method.annotation.RequestMappingHandlerMapping]Mapped "{[/login/queryAllRoles],methods=[],params=[],headers=[],consumes=[],produces=[],custom=[]}" onto public com.github.pagehelper.PageInfo<java.util.Map<java.lang.String, java.lang.Object>> com.llt.controller.AdminController.queryAllRoles(java.lang.Integer)
[INFO][2018-11-05 18:04|:46][org.springframework.web.servlet.mvc.method.annotation.RequestMappingHandlerMapping]Mapped "{[/login/queryMenu],methods=[],params=[],headers=[],consumes=[],produces=[],custom=[]}" onto public java.util.List<java.util.Map<java.lang.String, java.lang.Object>> com.llt.controller.AdminController.queryMenu(javax.servlet.http.HttpSession)
[INFO][2018-11-05 18:04|:46][org.springframework.web.servlet.mvc.method.annotation.RequestMappingHandlerMapping]Mapped "{[/login/dropMenu],methods=[],params=[],headers=[],consumes=[],produces=[],custom=[]}" onto public void com.llt.controller.AdminController.dropMenu(java.lang.String,int)
[INFO][2018-11-05 18:04|:46][org.springframework.web.servlet.mvc.method.annotation.RequestMappingHandlerMapping]Mapped "{[/login/deleteRoles],methods=[],params=[],headers=[],consumes=[],produces=[],custom=[]}" onto public void com.llt.controller.AdminController.deleteRoles(java.lang.Integer)
[WARN][2018-11-05 18:04|:46][org.springframework.web.context.support.XmlWebApplicationContext]Exception encountered during context initialization - cancelling refresh attempt
org.springframework.beans.factory.BeanCreationException: Error creating bean with name 'org.springframework.web.servlet.mvc.method.annotation.RequestMappingHandlerMapping#0': Invocation of init method failed; nested exception is java.lang.IllegalStateException: Ambiguous mapping found. Cannot map 'importExcelController' bean method 
public java.lang.String com.llt.controller.ImportExcelController.uploadExcel(com.entity.InfoVo,javax.servlet.http.HttpServletRequest) throws java.lang.Exception
to {[/uploadExcel/upload.do],methods=[GET || POST],params=[],headers=[],consumes=[],produces=[],custom=[]}: There is already 'uploadExcelControl' bean method
public java.lang.String com.blf.controller.UploadExcelControl.uploadExcel(javax.servlet.http.HttpServletRequest) throws java.lang.Exception mapped.
	at org.springframework.beans.factory.support.AbstractAutowireCapableBeanFactory.initializeBean(AbstractAutowireCapableBeanFactory.java:1566)
	at org.springframework.beans.factory.support.AbstractAutowireCapableBeanFactory.doCreateBean(AbstractAutowireCapableBeanFactory.java:539)
	at org.springframework.beans.factory.support.AbstractAutowireCapableBeanFactory.createBean(AbstractAutowireCapableBeanFactory.java:476)
	at org.springframework.beans.factory.support.AbstractBeanFactory$1.getObject(AbstractBeanFactory.java:302)
	at org.springframework.beans.factory.support.DefaultSingletonBeanRegistry.getSingleton(DefaultSingletonBeanRegistry.java:230)
	at org.springframework.beans.factory.support.AbstractBeanFactory.doGetBean(AbstractBeanFactory.java:298)
	at org.springframework.beans.factory.support.AbstractBeanFactory.getBean(AbstractBeanFactory.java:193)
	at org.springframework.beans.factory.support.DefaultListableBeanFactory.preInstantiateSingletons(DefaultListableBeanFactory.java:762)
	at org.springframework.context.support.AbstractApplicationContext.finishBeanFactoryInitialization(AbstractApplicationContext.java:757)
	at org.springframework.context.support.AbstractApplicationContext.refresh(AbstractApplicationContext.java:480)
	at org.springframework.web.servlet.FrameworkServlet.configureAndRefreshWebApplicationContext(FrameworkServlet.java:663)
	at org.springframework.web.servlet.FrameworkServlet.createWebApplicationContext(FrameworkServlet.java:629)
	at org.springframework.web.servlet.FrameworkServlet.createWebApplicationContext(FrameworkServlet.java:677)
	at org.springframework.web.servlet.FrameworkServlet.initWebApplicationContext(FrameworkServlet.java:548)
	at org.springframework.web.servlet.FrameworkServlet.initServletBean(FrameworkServlet.java:489)
	at org.springframework.web.servlet.HttpServletBean.init(HttpServletBean.java:136)
	at javax.servlet.GenericServlet.init(GenericServlet.java:160)
	at org.apache.catalina.core.StandardWrapper.initServlet(StandardWrapper.java:1280)
	at org.apache.catalina.core.StandardWrapper.loadServlet(StandardWrapper.java:1193)
	at org.apache.catalina.core.StandardWrapper.load(StandardWrapper.java:1088)
	at org.apache.catalina.core.StandardContext.loadOnStartup(StandardContext.java:5176)
	at org.apache.catalina.core.StandardContext.startInternal(StandardContext.java:5460)
	at org.apache.catalina.util.LifecycleBase.start(LifecycleBase.java:150)
	at org.apache.catalina.core.ContainerBase$StartChild.call(ContainerBase.java:1559)
	at org.apache.catalina.core.ContainerBase$StartChild.call(ContainerBase.java:1549)
	at java.util.concurrent.FutureTask.run(FutureTask.java:266)
	at java.util.concurrent.ThreadPoolExecutor.runWorker(ThreadPoolExecutor.java:1142)
	at java.util.concurrent.ThreadPoolExecutor$Worker.run(ThreadPoolExecutor.java:617)
	at java.lang.Thread.run(Thread.java:745)
Caused by: java.lang.IllegalStateException: Ambiguous mapping found. Cannot map 'importExcelController' bean method 
public java.lang.String com.llt.controller.ImportExcelController.uploadExcel(com.entity.InfoVo,javax.servlet.http.HttpServletRequest) throws java.lang.Exception
to {[/uploadExcel/upload.do],methods=[GET || POST],params=[],headers=[],consumes=[],produces=[],custom=[]}: There is already 'uploadExcelControl' bean method
public java.lang.String com.blf.controller.UploadExcelControl.uploadExcel(javax.servlet.http.HttpServletRequest) throws java.lang.Exception mapped.
	at org.springframework.web.servlet.handler.AbstractHandlerMethodMapping.registerHandlerMethod(AbstractHandlerMethodMapping.java:215)
	at org.springframework.web.servlet.handler.AbstractHandlerMethodMapping.detectHandlerMethods(AbstractHandlerMethodMapping.java:187)
	at org.springframework.web.servlet.handler.AbstractHandlerMethodMapping.initHandlerMethods(AbstractHandlerMethodMapping.java:147)
	at org.springframework.web.servlet.handler.AbstractHandlerMethodMapping.afterPropertiesSet(AbstractHandlerMethodMapping.java:126)
	at org.springframework.web.servlet.mvc.method.annotation.RequestMappingHandlerMapping.afterPropertiesSet(RequestMappingHandlerMapping.java:126)
	at org.springframework.beans.factory.support.AbstractAutowireCapableBeanFactory.invokeInitMethods(AbstractAutowireCapableBeanFactory.java:1625)
	at org.springframework.beans.factory.support.AbstractAutowireCapableBeanFactory.initializeBean(AbstractAutowireCapableBeanFactory.java:1562)
	... 28 more
[ERROR][2018-11-05 18:04|:46][org.springframework.web.servlet.DispatcherServlet]Context initialization failed
org.springframework.beans.factory.BeanCreationException: Error creating bean with name 'org.springframework.web.servlet.mvc.method.annotation.RequestMappingHandlerMapping#0': Invocation of init method failed; nested exception is java.lang.IllegalStateException: Ambiguous mapping found. Cannot map 'importExcelController' bean method 
public java.lang.String com.llt.controller.ImportExcelController.uploadExcel(com.entity.InfoVo,javax.servlet.http.HttpServletRequest) throws java.lang.Exception
to {[/uploadExcel/upload.do],methods=[GET || POST],params=[],headers=[],consumes=[],produces=[],custom=[]}: There is already 'uploadExcelControl' bean method
public java.lang.String com.blf.controller.UploadExcelControl.uploadExcel(javax.servlet.http.HttpServletRequest) throws java.lang.Exception mapped.
	at org.springframework.beans.factory.support.AbstractAutowireCapableBeanFactory.initializeBean(AbstractAutowireCapableBeanFactory.java:1566)
	at org.springframework.beans.factory.support.AbstractAutowireCapableBeanFactory.doCreateBean(AbstractAutowireCapableBeanFactory.java:539)
	at org.springframework.beans.factory.support.AbstractAutowireCapableBeanFactory.createBean(AbstractAutowireCapableBeanFactory.java:476)
	at org.springframework.beans.factory.support.AbstractBeanFactory$1.getObject(AbstractBeanFactory.java:302)
	at org.springframework.beans.factory.support.DefaultSingletonBeanRegistry.getSingleton(DefaultSingletonBeanRegistry.java:230)
	at org.springframework.beans.factory.support.AbstractBeanFactory.doGetBean(AbstractBeanFactory.java:298)
	at org.springframework.beans.factory.support.AbstractBeanFactory.getBean(AbstractBeanFactory.java:193)
	at org.springframework.beans.factory.support.DefaultListableBeanFactory.preInstantiateSingletons(DefaultListableBeanFactory.java:762)
	at org.springframework.context.support.AbstractApplicationContext.finishBeanFactoryInitialization(AbstractApplicationContext.java:757)
	at org.springframework.context.support.AbstractApplicationContext.refresh(AbstractApplicationContext.java:480)
	at org.springframework.web.servlet.FrameworkServlet.configureAndRefreshWebApplicationContext(FrameworkServlet.java:663)
	at org.springframework.web.servlet.FrameworkServlet.createWebApplicationContext(FrameworkServlet.java:629)
	at org.springframework.web.servlet.FrameworkServlet.createWebApplicationContext(FrameworkServlet.java:677)
	at org.springframework.web.servlet.FrameworkServlet.initWebApplicationContext(FrameworkServlet.java:548)
	at org.springframework.web.servlet.FrameworkServlet.initServletBean(FrameworkServlet.java:489)
	at org.springframework.web.servlet.HttpServletBean.init(HttpServletBean.java:136)
	at javax.servlet.GenericServlet.init(GenericServlet.java:160)
	at org.apache.catalina.core.StandardWrapper.initServlet(StandardWrapper.java:1280)
	at org.apache.catalina.core.StandardWrapper.loadServlet(StandardWrapper.java:1193)
	at org.apache.catalina.core.StandardWrapper.load(StandardWrapper.java:1088)
	at org.apache.catalina.core.StandardContext.loadOnStartup(StandardContext.java:5176)
	at org.apache.catalina.core.StandardContext.startInternal(StandardContext.java:5460)
	at org.apache.catalina.util.LifecycleBase.start(LifecycleBase.java:150)
	at org.apache.catalina.core.ContainerBase$StartChild.call(ContainerBase.java:1559)
	at org.apache.catalina.core.ContainerBase$StartChild.call(ContainerBase.java:1549)
	at java.util.concurrent.FutureTask.run(FutureTask.java:266)
	at java.util.concurrent.ThreadPoolExecutor.runWorker(ThreadPoolExecutor.java:1142)
	at java.util.concurrent.ThreadPoolExecutor$Worker.run(ThreadPoolExecutor.java:617)
	at java.lang.Thread.run(Thread.java:745)
Caused by: java.lang.IllegalStateException: Ambiguous mapping found. Cannot map 'importExcelController' bean method 
public java.lang.String com.llt.controller.ImportExcelController.uploadExcel(com.entity.InfoVo,javax.servlet.http.HttpServletRequest) throws java.lang.Exception
to {[/uploadExcel/upload.do],methods=[GET || POST],params=[],headers=[],consumes=[],produces=[],custom=[]}: There is already 'uploadExcelControl' bean method
public java.lang.String com.blf.controller.UploadExcelControl.uploadExcel(javax.servlet.http.HttpServletRequest) throws java.lang.Exception mapped.
	at org.springframework.web.servlet.handler.AbstractHandlerMethodMapping.registerHandlerMethod(AbstractHandlerMethodMapping.java:215)
	at org.springframework.web.servlet.handler.AbstractHandlerMethodMapping.detectHandlerMethods(AbstractHandlerMethodMapping.java:187)
	at org.springframework.web.servlet.handler.AbstractHandlerMethodMapping.initHandlerMethods(AbstractHandlerMethodMapping.java:147)
	at org.springframework.web.servlet.handler.AbstractHandlerMethodMapping.afterPropertiesSet(AbstractHandlerMethodMapping.java:126)
	at org.springframework.web.servlet.mvc.method.annotation.RequestMappingHandlerMapping.afterPropertiesSet(RequestMappingHandlerMapping.java:126)
	at org.springframework.beans.factory.support.AbstractAutowireCapableBeanFactory.invokeInitMethods(AbstractAutowireCapableBeanFactory.java:1625)
	at org.springframework.beans.factory.support.AbstractAutowireCapableBeanFactory.initializeBean(AbstractAutowireCapableBeanFactory.java:1562)
	... 28 more
[INFO][2018-11-05 18:20|:55][org.springframework.web.context.ContextLoader]Root WebApplicationContext: initialization started
[INFO][2018-11-05 18:20|:55][org.springframework.web.context.support.XmlWebApplicationContext]Refreshing Root WebApplicationContext: startup date [Mon Nov 05 18:20:55 CST 2018]; root of context hierarchy
[INFO][2018-11-05 18:20|:55][org.springframework.beans.factory.xml.XmlBeanDefinitionReader]Loading XML bean definitions from class path resource [applicationContext.xml]
[INFO][2018-11-05 18:20|:57][org.springframework.beans.factory.config.PropertyPlaceholderConfigurer]Loading properties file from class path resource [jdbc.properties]
[INFO][2018-11-05 18:20|:57][org.springframework.beans.factory.annotation.AutowiredAnnotationBeanPostProcessor]JSR-330 'javax.inject.Inject' annotation found and supported for autowiring
[INFO][2018-11-05 18:20|:58][org.springframework.web.context.ContextLoader]Root WebApplicationContext: initialization completed in 3870 ms
[INFO][2018-11-05 18:20|:58][org.springframework.web.servlet.DispatcherServlet]FrameworkServlet 'spring': initialization started
[INFO][2018-11-05 18:20|:58][org.springframework.web.context.support.XmlWebApplicationContext]Refreshing WebApplicationContext for namespace 'spring-servlet': startup date [Mon Nov 05 18:20:58 CST 2018]; parent: Root WebApplicationContext
[INFO][2018-11-05 18:20|:58][org.springframework.beans.factory.xml.XmlBeanDefinitionReader]Loading XML bean definitions from class path resource [springmvc-servlet.xml]
[INFO][2018-11-05 18:20|:59][org.springframework.beans.factory.annotation.AutowiredAnnotationBeanPostProcessor]JSR-330 'javax.inject.Inject' annotation found and supported for autowiring
[INFO][2018-11-05 18:21|:02][org.springframework.web.servlet.mvc.method.annotation.RequestMappingHandlerMapping]Mapped "{[/hjqcb/saveHjqcb],methods=[],params=[],headers=[],consumes=[],produces=[],custom=[]}" onto public void com.blf.controller.HjqcbController.saveHjqcb(com.entity.Hjqcb,javax.servlet.http.HttpServletResponse) throws java.io.IOException
[INFO][2018-11-05 18:21|:02][org.springframework.web.servlet.mvc.method.annotation.RequestMappingHandlerMapping]Mapped "{[/hjqcb/selectSum],methods=[],params=[],headers=[],consumes=[],produces=[],custom=[]}" onto public int com.blf.controller.HjqcbController.querySum(java.lang.Integer)
[INFO][2018-11-05 18:21|:02][org.springframework.web.servlet.mvc.method.annotation.RequestMappingHandlerMapping]Mapped "{[/hjqcb/selectBGjce],methods=[],params=[],headers=[],consumes=[],produces=[],custom=[]}" onto public java.util.List<java.util.Map<java.lang.String, java.lang.Object>> com.blf.controller.HjqcbController.selectBGjce(java.lang.Integer)
[INFO][2018-11-05 18:21|:02][org.springframework.web.servlet.mvc.method.annotation.RequestMappingHandlerMapping]Mapped "{[/hjqcb/queryUser],methods=[],params=[],headers=[],consumes=[],produces=[],custom=[]}" onto public java.util.List<java.util.Map<java.lang.String, java.lang.Object>> com.blf.controller.HjqcbController.queryUser()
[INFO][2018-11-05 18:21|:02][org.springframework.web.servlet.mvc.method.annotation.RequestMappingHandlerMapping]Mapped "{[/hjqcb/queryHj],methods=[],params=[],headers=[],consumes=[],produces=[],custom=[]}" onto public com.util.Pager com.blf.controller.HjqcbController.queryHj(java.lang.String,java.lang.Integer)
[INFO][2018-11-05 18:21|:02][org.springframework.web.servlet.mvc.method.annotation.RequestMappingHandlerMapping]Mapped "{[/hjqcb/queryHjqcb],methods=[],params=[],headers=[],consumes=[],produces=[],custom=[]}" onto public java.util.List<java.util.Map<java.lang.String, java.lang.Object>> com.blf.controller.HjqcbController.queryHjqcb(java.lang.Integer)
[INFO][2018-11-05 18:21|:02][org.springframework.web.servlet.mvc.method.annotation.RequestMappingHandlerMapping]Mapped "{[/hjqcb/queryUcbOrUf],methods=[],params=[],headers=[],consumes=[],produces=[],custom=[]}" onto public java.util.List<java.util.Map<java.lang.String, java.lang.Object>> com.blf.controller.HjqcbController.queryUcbOrUf(java.lang.Integer)
[INFO][2018-11-05 18:21|:02][org.springframework.web.servlet.mvc.method.annotation.RequestMappingHandlerMapping]Mapped "{[/ipay/saveIpayPer],methods=[],params=[],headers=[],consumes=[],produces=[],custom=[]}" onto public void com.blf.controller.individualPayController.queryIpayPer(java.util.Map,javax.servlet.http.HttpServletResponse) throws java.io.IOException
[INFO][2018-11-05 18:21|:02][org.springframework.web.servlet.mvc.method.annotation.RequestMappingHandlerMapping]Mapped "{[/utzw/queryLmk],methods=[],params=[],headers=[],consumes=[],produces=[],custom=[]}" onto public java.util.List<java.util.Map<java.lang.String, java.lang.Object>> com.blf.controller.UnitpositionController.queryLmk()
[INFO][2018-11-05 18:21|:02][org.springframework.web.servlet.mvc.method.annotation.RequestMappingHandlerMapping]Mapped "{[/utzw/queryZw],methods=[],params=[],headers=[],consumes=[],produces=[],custom=[]}" onto public java.util.List<java.util.Map<java.lang.String, java.lang.Object>> com.blf.controller.UnitpositionController.queryZw()
[INFO][2018-11-05 18:21|:02][org.springframework.web.servlet.mvc.method.annotation.RequestMappingHandlerMapping]Mapped "{[/unfo/queryUnfoAndUncc],methods=[],params=[],headers=[],consumes=[],produces=[],custom=[]}" onto public java.util.List<java.util.Map<java.lang.String, java.lang.Object>> com.blf.controller.UnitsaccountController.query()
[INFO][2018-11-05 18:21|:02][org.springframework.web.servlet.mvc.method.annotation.RequestMappingHandlerMapping]Mapped "{[/unfo/queryUnfo],methods=[],params=[],headers=[],consumes=[],produces=[],custom=[]}" onto public java.util.List<java.util.Map<java.lang.String, java.lang.Object>> com.blf.controller.UnitsaccountController.queryUnfo(com.entity.Unitsaccount)
[INFO][2018-11-05 18:21|:02][org.springframework.web.servlet.mvc.method.annotation.RequestMappingHandlerMapping]Mapped "{[/uploadExcel/upload.do],methods=[GET || POST],params=[],headers=[],consumes=[],produces=[],custom=[]}" onto public java.lang.String com.blf.controller.UploadExcelControl.uploadExcel(javax.servlet.http.HttpServletRequest) throws java.lang.Exception
[INFO][2018-11-05 18:21|:02][org.springframework.web.servlet.mvc.method.annotation.RequestMappingHandlerMapping]Mapped "{[/uploadExcel/ajaxUpload.do],methods=[GET || POST],params=[],headers=[],consumes=[],produces=[],custom=[]}" onto public void com.blf.controller.UploadExcelControl.ajaxUploadExcel(javax.servlet.http.HttpServletRequest,javax.servlet.http.HttpServletResponse) throws java.lang.Exception
[INFO][2018-11-05 18:21|:02][org.springframework.web.servlet.mvc.method.annotation.RequestMappingHandlerMapping]Mapped "{[/login/findAllModules],methods=[],params=[],headers=[],consumes=[],produces=[],custom=[]}" onto public java.util.List<java.util.Map<java.lang.String, java.lang.Object>> com.llt.controller.AdminController.findAllModules(int)
[INFO][2018-11-05 18:21|:02][org.springframework.web.servlet.mvc.method.annotation.RequestMappingHandlerMapping]Mapped "{[/login/queryAllRoles],methods=[],params=[],headers=[],consumes=[],produces=[],custom=[]}" onto public com.github.pagehelper.PageInfo<java.util.Map<java.lang.String, java.lang.Object>> com.llt.controller.AdminController.queryAllRoles(java.lang.Integer)
[INFO][2018-11-05 18:21|:02][org.springframework.web.servlet.mvc.method.annotation.RequestMappingHandlerMapping]Mapped "{[/login/deleteUsers],methods=[],params=[],headers=[],consumes=[],produces=[],custom=[]}" onto public void com.llt.controller.AdminController.deleteUsers(java.lang.Integer)
[INFO][2018-11-05 18:21|:02][org.springframework.web.servlet.mvc.method.annotation.RequestMappingHandlerMapping]Mapped "{[/login/deleteRoles],methods=[],params=[],headers=[],consumes=[],produces=[],custom=[]}" onto public void com.llt.controller.AdminController.deleteRoles(java.lang.Integer)
[INFO][2018-11-05 18:21|:02][org.springframework.web.servlet.mvc.method.annotation.RequestMappingHandlerMapping]Mapped "{[/login/login.action],methods=[],params=[],headers=[],consumes=[],produces=[],custom=[]}" onto public java.lang.String com.llt.controller.AdminController.dologin(com.entity.Usertable,javax.servlet.http.HttpSession)
[INFO][2018-11-05 18:21|:02][org.springframework.web.servlet.mvc.method.annotation.RequestMappingHandlerMapping]Mapped "{[/login/queryMenu],methods=[],params=[],headers=[],consumes=[],produces=[],custom=[]}" onto public java.util.List<java.util.Map<java.lang.String, java.lang.Object>> com.llt.controller.AdminController.queryMenu(javax.servlet.http.HttpSession)
[INFO][2018-11-05 18:21|:02][org.springframework.web.servlet.mvc.method.annotation.RequestMappingHandlerMapping]Mapped "{[/login/saveOrUpdate],methods=[],params=[],headers=[],consumes=[],produces=[],custom=[]}" onto public void com.llt.controller.AdminController.saveOrUpdate(com.entity.Roles)
[INFO][2018-11-05 18:21|:02][org.springframework.web.servlet.mvc.method.annotation.RequestMappingHandlerMapping]Mapped "{[/login/queryAllUsers],methods=[],params=[],headers=[],consumes=[],produces=[],custom=[]}" onto public com.github.pagehelper.PageInfo<java.util.Map<java.lang.String, java.lang.Object>> com.llt.controller.AdminController.queryAllUsers(java.lang.Integer)
[INFO][2018-11-05 18:21|:02][org.springframework.web.servlet.mvc.method.annotation.RequestMappingHandlerMapping]Mapped "{[/login/dropMenu],methods=[],params=[],headers=[],consumes=[],produces=[],custom=[]}" onto public void com.llt.controller.AdminController.dropMenu(java.lang.String,int)
[INFO][2018-11-05 18:21|:02][org.springframework.web.servlet.mvc.method.annotation.RequestMappingHandlerMapping]Mapped "{[/login/updateBeforeQuery],methods=[],params=[],headers=[],consumes=[],produces=[],custom=[]}" onto public java.util.List<java.util.Map<java.lang.String, java.lang.Object>> com.llt.controller.AdminController.updateBeforeQuery(java.lang.Integer)
[INFO][2018-11-05 18:21|:02][org.springframework.web.servlet.mvc.method.annotation.RequestMappingHandlerMapping]Mapped "{[/login/saveOrUpdateUsers],methods=[],params=[],headers=[],consumes=[],produces=[],custom=[]}" onto public void com.llt.controller.AdminController.saveOrUpdateUsers(com.entity.Usertable)
[INFO][2018-11-05 18:21|:02][org.springframework.web.servlet.mvc.method.annotation.RequestMappingHandlerMapping]Mapped "{[/login/updateBeforeQueryUsers],methods=[],params=[],headers=[],consumes=[],produces=[],custom=[]}" onto public java.util.List<java.util.Map<java.lang.String, java.lang.Object>> com.llt.controller.AdminController.updateBeforeQueryUsers(java.lang.Integer)
[WARN][2018-11-05 18:21|:02][org.springframework.web.context.support.XmlWebApplicationContext]Exception encountered during context initialization - cancelling refresh attempt
org.springframework.beans.factory.BeanCreationException: Error creating bean with name 'org.springframework.web.servlet.mvc.method.annotation.RequestMappingHandlerMapping#0': Invocation of init method failed; nested exception is java.lang.IllegalStateException: Ambiguous mapping found. Cannot map 'importExcelController' bean method 
public java.lang.String com.llt.controller.ImportExcelController.uploadExcel(com.entity.InfoVo,javax.servlet.http.HttpServletRequest) throws java.lang.Exception
to {[/uploadExcel/upload.do],methods=[GET || POST],params=[],headers=[],consumes=[],produces=[],custom=[]}: There is already 'uploadExcelControl' bean method
public java.lang.String com.blf.controller.UploadExcelControl.uploadExcel(javax.servlet.http.HttpServletRequest) throws java.lang.Exception mapped.
	at org.springframework.beans.factory.support.AbstractAutowireCapableBeanFactory.initializeBean(AbstractAutowireCapableBeanFactory.java:1566)
	at org.springframework.beans.factory.support.AbstractAutowireCapableBeanFactory.doCreateBean(AbstractAutowireCapableBeanFactory.java:539)
	at org.springframework.beans.factory.support.AbstractAutowireCapableBeanFactory.createBean(AbstractAutowireCapableBeanFactory.java:476)
	at org.springframework.beans.factory.support.AbstractBeanFactory$1.getObject(AbstractBeanFactory.java:302)
	at org.springframework.beans.factory.support.DefaultSingletonBeanRegistry.getSingleton(DefaultSingletonBeanRegistry.java:230)
	at org.springframework.beans.factory.support.AbstractBeanFactory.doGetBean(AbstractBeanFactory.java:298)
	at org.springframework.beans.factory.support.AbstractBeanFactory.getBean(AbstractBeanFactory.java:193)
	at org.springframework.beans.factory.support.DefaultListableBeanFactory.preInstantiateSingletons(DefaultListableBeanFactory.java:762)
	at org.springframework.context.support.AbstractApplicationContext.finishBeanFactoryInitialization(AbstractApplicationContext.java:757)
	at org.springframework.context.support.AbstractApplicationContext.refresh(AbstractApplicationContext.java:480)
	at org.springframework.web.servlet.FrameworkServlet.configureAndRefreshWebApplicationContext(FrameworkServlet.java:663)
	at org.springframework.web.servlet.FrameworkServlet.createWebApplicationContext(FrameworkServlet.java:629)
	at org.springframework.web.servlet.FrameworkServlet.createWebApplicationContext(FrameworkServlet.java:677)
	at org.springframework.web.servlet.FrameworkServlet.initWebApplicationContext(FrameworkServlet.java:548)
	at org.springframework.web.servlet.FrameworkServlet.initServletBean(FrameworkServlet.java:489)
	at org.springframework.web.servlet.HttpServletBean.init(HttpServletBean.java:136)
	at javax.servlet.GenericServlet.init(GenericServlet.java:160)
	at org.apache.catalina.core.StandardWrapper.initServlet(StandardWrapper.java:1280)
	at org.apache.catalina.core.StandardWrapper.loadServlet(StandardWrapper.java:1193)
	at org.apache.catalina.core.StandardWrapper.load(StandardWrapper.java:1088)
	at org.apache.catalina.core.StandardContext.loadOnStartup(StandardContext.java:5176)
	at org.apache.catalina.core.StandardContext.startInternal(StandardContext.java:5460)
	at org.apache.catalina.util.LifecycleBase.start(LifecycleBase.java:150)
	at org.apache.catalina.core.ContainerBase$StartChild.call(ContainerBase.java:1559)
	at org.apache.catalina.core.ContainerBase$StartChild.call(ContainerBase.java:1549)
	at java.util.concurrent.FutureTask.run(FutureTask.java:266)
	at java.util.concurrent.ThreadPoolExecutor.runWorker(ThreadPoolExecutor.java:1142)
	at java.util.concurrent.ThreadPoolExecutor$Worker.run(ThreadPoolExecutor.java:617)
	at java.lang.Thread.run(Thread.java:745)
Caused by: java.lang.IllegalStateException: Ambiguous mapping found. Cannot map 'importExcelController' bean method 
public java.lang.String com.llt.controller.ImportExcelController.uploadExcel(com.entity.InfoVo,javax.servlet.http.HttpServletRequest) throws java.lang.Exception
to {[/uploadExcel/upload.do],methods=[GET || POST],params=[],headers=[],consumes=[],produces=[],custom=[]}: There is already 'uploadExcelControl' bean method
public java.lang.String com.blf.controller.UploadExcelControl.uploadExcel(javax.servlet.http.HttpServletRequest) throws java.lang.Exception mapped.
	at org.springframework.web.servlet.handler.AbstractHandlerMethodMapping.registerHandlerMethod(AbstractHandlerMethodMapping.java:215)
	at org.springframework.web.servlet.handler.AbstractHandlerMethodMapping.detectHandlerMethods(AbstractHandlerMethodMapping.java:187)
	at org.springframework.web.servlet.handler.AbstractHandlerMethodMapping.initHandlerMethods(AbstractHandlerMethodMapping.java:147)
	at org.springframework.web.servlet.handler.AbstractHandlerMethodMapping.afterPropertiesSet(AbstractHandlerMethodMapping.java:126)
	at org.springframework.web.servlet.mvc.method.annotation.RequestMappingHandlerMapping.afterPropertiesSet(RequestMappingHandlerMapping.java:126)
	at org.springframework.beans.factory.support.AbstractAutowireCapableBeanFactory.invokeInitMethods(AbstractAutowireCapableBeanFactory.java:1625)
	at org.springframework.beans.factory.support.AbstractAutowireCapableBeanFactory.initializeBean(AbstractAutowireCapableBeanFactory.java:1562)
	... 28 more
[ERROR][2018-11-05 18:21|:02][org.springframework.web.servlet.DispatcherServlet]Context initialization failed
org.springframework.beans.factory.BeanCreationException: Error creating bean with name 'org.springframework.web.servlet.mvc.method.annotation.RequestMappingHandlerMapping#0': Invocation of init method failed; nested exception is java.lang.IllegalStateException: Ambiguous mapping found. Cannot map 'importExcelController' bean method 
public java.lang.String com.llt.controller.ImportExcelController.uploadExcel(com.entity.InfoVo,javax.servlet.http.HttpServletRequest) throws java.lang.Exception
to {[/uploadExcel/upload.do],methods=[GET || POST],params=[],headers=[],consumes=[],produces=[],custom=[]}: There is already 'uploadExcelControl' bean method
public java.lang.String com.blf.controller.UploadExcelControl.uploadExcel(javax.servlet.http.HttpServletRequest) throws java.lang.Exception mapped.
	at org.springframework.beans.factory.support.AbstractAutowireCapableBeanFactory.initializeBean(AbstractAutowireCapableBeanFactory.java:1566)
	at org.springframework.beans.factory.support.AbstractAutowireCapableBeanFactory.doCreateBean(AbstractAutowireCapableBeanFactory.java:539)
	at org.springframework.beans.factory.support.AbstractAutowireCapableBeanFactory.createBean(AbstractAutowireCapableBeanFactory.java:476)
	at org.springframework.beans.factory.support.AbstractBeanFactory$1.getObject(AbstractBeanFactory.java:302)
	at org.springframework.beans.factory.support.DefaultSingletonBeanRegistry.getSingleton(DefaultSingletonBeanRegistry.java:230)
	at org.springframework.beans.factory.support.AbstractBeanFactory.doGetBean(AbstractBeanFactory.java:298)
	at org.springframework.beans.factory.support.AbstractBeanFactory.getBean(AbstractBeanFactory.java:193)
	at org.springframework.beans.factory.support.DefaultListableBeanFactory.preInstantiateSingletons(DefaultListableBeanFactory.java:762)
	at org.springframework.context.support.AbstractApplicationContext.finishBeanFactoryInitialization(AbstractApplicationContext.java:757)
	at org.springframework.context.support.AbstractApplicationContext.refresh(AbstractApplicationContext.java:480)
	at org.springframework.web.servlet.FrameworkServlet.configureAndRefreshWebApplicationContext(FrameworkServlet.java:663)
	at org.springframework.web.servlet.FrameworkServlet.createWebApplicationContext(FrameworkServlet.java:629)
	at org.springframework.web.servlet.FrameworkServlet.createWebApplicationContext(FrameworkServlet.java:677)
	at org.springframework.web.servlet.FrameworkServlet.initWebApplicationContext(FrameworkServlet.java:548)
	at org.springframework.web.servlet.FrameworkServlet.initServletBean(FrameworkServlet.java:489)
	at org.springframework.web.servlet.HttpServletBean.init(HttpServletBean.java:136)
	at javax.servlet.GenericServlet.init(GenericServlet.java:160)
	at org.apache.catalina.core.StandardWrapper.initServlet(StandardWrapper.java:1280)
	at org.apache.catalina.core.StandardWrapper.loadServlet(StandardWrapper.java:1193)
	at org.apache.catalina.core.StandardWrapper.load(StandardWrapper.java:1088)
	at org.apache.catalina.core.StandardContext.loadOnStartup(StandardContext.java:5176)
	at org.apache.catalina.core.StandardContext.startInternal(StandardContext.java:5460)
	at org.apache.catalina.util.LifecycleBase.start(LifecycleBase.java:150)
	at org.apache.catalina.core.ContainerBase$StartChild.call(ContainerBase.java:1559)
	at org.apache.catalina.core.ContainerBase$StartChild.call(ContainerBase.java:1549)
	at java.util.concurrent.FutureTask.run(FutureTask.java:266)
	at java.util.concurrent.ThreadPoolExecutor.runWorker(ThreadPoolExecutor.java:1142)
	at java.util.concurrent.ThreadPoolExecutor$Worker.run(ThreadPoolExecutor.java:617)
	at java.lang.Thread.run(Thread.java:745)
Caused by: java.lang.IllegalStateException: Ambiguous mapping found. Cannot map 'importExcelController' bean method 
public java.lang.String com.llt.controller.ImportExcelController.uploadExcel(com.entity.InfoVo,javax.servlet.http.HttpServletRequest) throws java.lang.Exception
to {[/uploadExcel/upload.do],methods=[GET || POST],params=[],headers=[],consumes=[],produces=[],custom=[]}: There is already 'uploadExcelControl' bean method
public java.lang.String com.blf.controller.UploadExcelControl.uploadExcel(javax.servlet.http.HttpServletRequest) throws java.lang.Exception mapped.
	at org.springframework.web.servlet.handler.AbstractHandlerMethodMapping.registerHandlerMethod(AbstractHandlerMethodMapping.java:215)
	at org.springframework.web.servlet.handler.AbstractHandlerMethodMapping.detectHandlerMethods(AbstractHandlerMethodMapping.java:187)
	at org.springframework.web.servlet.handler.AbstractHandlerMethodMapping.initHandlerMethods(AbstractHandlerMethodMapping.java:147)
	at org.springframework.web.servlet.handler.AbstractHandlerMethodMapping.afterPropertiesSet(AbstractHandlerMethodMapping.java:126)
	at org.springframework.web.servlet.mvc.method.annotation.RequestMappingHandlerMapping.afterPropertiesSet(RequestMappingHandlerMapping.java:126)
	at org.springframework.beans.factory.support.AbstractAutowireCapableBeanFactory.invokeInitMethods(AbstractAutowireCapableBeanFactory.java:1625)
	at org.springframework.beans.factory.support.AbstractAutowireCapableBeanFactory.initializeBean(AbstractAutowireCapableBeanFactory.java:1562)
	... 28 more
[INFO][2018-11-05 18:29|:12][org.springframework.web.context.ContextLoader]Root WebApplicationContext: initialization started
[INFO][2018-11-05 18:29|:12][org.springframework.web.context.support.XmlWebApplicationContext]Refreshing Root WebApplicationContext: startup date [Mon Nov 05 18:29:12 CST 2018]; root of context hierarchy
[INFO][2018-11-05 18:29|:12][org.springframework.beans.factory.xml.XmlBeanDefinitionReader]Loading XML bean definitions from class path resource [applicationContext.xml]
[INFO][2018-11-05 18:29|:14][org.springframework.beans.factory.config.PropertyPlaceholderConfigurer]Loading properties file from class path resource [jdbc.properties]
[INFO][2018-11-05 18:29|:14][org.springframework.beans.factory.annotation.AutowiredAnnotationBeanPostProcessor]JSR-330 'javax.inject.Inject' annotation found and supported for autowiring
[INFO][2018-11-05 18:29|:15][org.springframework.web.context.ContextLoader]Root WebApplicationContext: initialization completed in 3422 ms
[INFO][2018-11-05 18:29|:15][org.springframework.web.servlet.DispatcherServlet]FrameworkServlet 'spring': initialization started
[INFO][2018-11-05 18:29|:15][org.springframework.web.context.support.XmlWebApplicationContext]Refreshing WebApplicationContext for namespace 'spring-servlet': startup date [Mon Nov 05 18:29:15 CST 2018]; parent: Root WebApplicationContext
[INFO][2018-11-05 18:29|:15][org.springframework.beans.factory.xml.XmlBeanDefinitionReader]Loading XML bean definitions from class path resource [springmvc-servlet.xml]
[INFO][2018-11-05 18:29|:16][org.springframework.beans.factory.annotation.AutowiredAnnotationBeanPostProcessor]JSR-330 'javax.inject.Inject' annotation found and supported for autowiring
[INFO][2018-11-05 18:29|:16][org.springframework.web.servlet.mvc.method.annotation.RequestMappingHandlerMapping]Mapped "{[/hjqcb/queryUser],methods=[],params=[],headers=[],consumes=[],produces=[],custom=[]}" onto public java.util.List<java.util.Map<java.lang.String, java.lang.Object>> com.blf.controller.HjqcbController.queryUser()
[INFO][2018-11-05 18:29|:16][org.springframework.web.servlet.mvc.method.annotation.RequestMappingHandlerMapping]Mapped "{[/hjqcb/queryUcbOrUf],methods=[],params=[],headers=[],consumes=[],produces=[],custom=[]}" onto public java.util.List<java.util.Map<java.lang.String, java.lang.Object>> com.blf.controller.HjqcbController.queryUcbOrUf(java.lang.Integer)
[INFO][2018-11-05 18:29|:16][org.springframework.web.servlet.mvc.method.annotation.RequestMappingHandlerMapping]Mapped "{[/hjqcb/queryHjqcb],methods=[],params=[],headers=[],consumes=[],produces=[],custom=[]}" onto public java.util.List<java.util.Map<java.lang.String, java.lang.Object>> com.blf.controller.HjqcbController.queryHjqcb(java.lang.Integer)
[INFO][2018-11-05 18:29|:16][org.springframework.web.servlet.mvc.method.annotation.RequestMappingHandlerMapping]Mapped "{[/hjqcb/selectSum],methods=[],params=[],headers=[],consumes=[],produces=[],custom=[]}" onto public int com.blf.controller.HjqcbController.querySum(java.lang.Integer)
[INFO][2018-11-05 18:29|:16][org.springframework.web.servlet.mvc.method.annotation.RequestMappingHandlerMapping]Mapped "{[/hjqcb/queryHj],methods=[],params=[],headers=[],consumes=[],produces=[],custom=[]}" onto public com.util.Pager com.blf.controller.HjqcbController.queryHj(java.lang.String,java.lang.Integer)
[INFO][2018-11-05 18:29|:16][org.springframework.web.servlet.mvc.method.annotation.RequestMappingHandlerMapping]Mapped "{[/hjqcb/selectBGjce],methods=[],params=[],headers=[],consumes=[],produces=[],custom=[]}" onto public java.util.List<java.util.Map<java.lang.String, java.lang.Object>> com.blf.controller.HjqcbController.selectBGjce(java.lang.Integer)
[INFO][2018-11-05 18:29|:16][org.springframework.web.servlet.mvc.method.annotation.RequestMappingHandlerMapping]Mapped "{[/hjqcb/saveHjqcb],methods=[],params=[],headers=[],consumes=[],produces=[],custom=[]}" onto public void com.blf.controller.HjqcbController.saveHjqcb(com.entity.Hjqcb,javax.servlet.http.HttpServletResponse) throws java.io.IOException
[INFO][2018-11-05 18:29|:16][org.springframework.web.servlet.mvc.method.annotation.RequestMappingHandlerMapping]Mapped "{[/ipay/saveIpayPer],methods=[],params=[],headers=[],consumes=[],produces=[],custom=[]}" onto public void com.blf.controller.individualPayController.queryIpayPer(java.util.Map,javax.servlet.http.HttpServletResponse) throws java.io.IOException
[INFO][2018-11-05 18:29|:16][org.springframework.web.servlet.mvc.method.annotation.RequestMappingHandlerMapping]Mapped "{[/utzw/queryZw],methods=[],params=[],headers=[],consumes=[],produces=[],custom=[]}" onto public java.util.List<java.util.Map<java.lang.String, java.lang.Object>> com.blf.controller.UnitpositionController.queryZw()
[INFO][2018-11-05 18:29|:16][org.springframework.web.servlet.mvc.method.annotation.RequestMappingHandlerMapping]Mapped "{[/utzw/queryLmk],methods=[],params=[],headers=[],consumes=[],produces=[],custom=[]}" onto public java.util.List<java.util.Map<java.lang.String, java.lang.Object>> com.blf.controller.UnitpositionController.queryLmk()
[INFO][2018-11-05 18:29|:16][org.springframework.web.servlet.mvc.method.annotation.RequestMappingHandlerMapping]Mapped "{[/unfo/queryUnfoAndUncc],methods=[],params=[],headers=[],consumes=[],produces=[],custom=[]}" onto public java.util.List<java.util.Map<java.lang.String, java.lang.Object>> com.blf.controller.UnitsaccountController.query()
[INFO][2018-11-05 18:29|:16][org.springframework.web.servlet.mvc.method.annotation.RequestMappingHandlerMapping]Mapped "{[/unfo/queryUnfo],methods=[],params=[],headers=[],consumes=[],produces=[],custom=[]}" onto public java.util.List<java.util.Map<java.lang.String, java.lang.Object>> com.blf.controller.UnitsaccountController.queryUnfo(com.entity.Unitsaccount)
[INFO][2018-11-05 18:29|:16][org.springframework.web.servlet.mvc.method.annotation.RequestMappingHandlerMapping]Mapped "{[/uploadExcel/ajaxUpload.do],methods=[GET || POST],params=[],headers=[],consumes=[],produces=[],custom=[]}" onto public void com.blf.controller.UploadExcelControl.ajaxUploadExcel(javax.servlet.http.HttpServletRequest,javax.servlet.http.HttpServletResponse) throws java.lang.Exception
[INFO][2018-11-05 18:29|:16][org.springframework.web.servlet.mvc.method.annotation.RequestMappingHandlerMapping]Mapped "{[/uploadExcel/upload.do],methods=[GET || POST],params=[],headers=[],consumes=[],produces=[],custom=[]}" onto public java.lang.String com.blf.controller.UploadExcelControl.uploadExcel(javax.servlet.http.HttpServletRequest) throws java.lang.Exception
[INFO][2018-11-05 18:29|:16][org.springframework.web.servlet.mvc.method.annotation.RequestMappingHandlerMapping]Mapped "{[/login/queryAllRoles],methods=[],params=[],headers=[],consumes=[],produces=[],custom=[]}" onto public com.github.pagehelper.PageInfo<java.util.Map<java.lang.String, java.lang.Object>> com.llt.controller.AdminController.queryAllRoles(java.lang.Integer)
[INFO][2018-11-05 18:29|:16][org.springframework.web.servlet.mvc.method.annotation.RequestMappingHandlerMapping]Mapped "{[/login/dropMenu],methods=[],params=[],headers=[],consumes=[],produces=[],custom=[]}" onto public void com.llt.controller.AdminController.dropMenu(java.lang.String,int)
[INFO][2018-11-05 18:29|:16][org.springframework.web.servlet.mvc.method.annotation.RequestMappingHandlerMapping]Mapped "{[/login/login.action],methods=[],params=[],headers=[],consumes=[],produces=[],custom=[]}" onto public java.lang.String com.llt.controller.AdminController.dologin(com.entity.Usertable,javax.servlet.http.HttpSession)
[INFO][2018-11-05 18:29|:16][org.springframework.web.servlet.mvc.method.annotation.RequestMappingHandlerMapping]Mapped "{[/login/saveOrUpdate],methods=[],params=[],headers=[],consumes=[],produces=[],custom=[]}" onto public void com.llt.controller.AdminController.saveOrUpdate(com.entity.Roles)
[INFO][2018-11-05 18:29|:16][org.springframework.web.servlet.mvc.method.annotation.RequestMappingHandlerMapping]Mapped "{[/login/queryAllUsers],methods=[],params=[],headers=[],consumes=[],produces=[],custom=[]}" onto public com.github.pagehelper.PageInfo<java.util.Map<java.lang.String, java.lang.Object>> com.llt.controller.AdminController.queryAllUsers(java.lang.Integer)
[INFO][2018-11-05 18:29|:16][org.springframework.web.servlet.mvc.method.annotation.RequestMappingHandlerMapping]Mapped "{[/login/deleteUsers],methods=[],params=[],headers=[],consumes=[],produces=[],custom=[]}" onto public void com.llt.controller.AdminController.deleteUsers(java.lang.Integer)
[INFO][2018-11-05 18:29|:16][org.springframework.web.servlet.mvc.method.annotation.RequestMappingHandlerMapping]Mapped "{[/login/queryMenu],methods=[],params=[],headers=[],consumes=[],produces=[],custom=[]}" onto public java.util.List<java.util.Map<java.lang.String, java.lang.Object>> com.llt.controller.AdminController.queryMenu(javax.servlet.http.HttpSession)
[INFO][2018-11-05 18:29|:16][org.springframework.web.servlet.mvc.method.annotation.RequestMappingHandlerMapping]Mapped "{[/login/deleteRoles],methods=[],params=[],headers=[],consumes=[],produces=[],custom=[]}" onto public void com.llt.controller.AdminController.deleteRoles(java.lang.Integer)
[INFO][2018-11-05 18:29|:16][org.springframework.web.servlet.mvc.method.annotation.RequestMappingHandlerMapping]Mapped "{[/login/findAllModules],methods=[],params=[],headers=[],consumes=[],produces=[],custom=[]}" onto public java.util.List<java.util.Map<java.lang.String, java.lang.Object>> com.llt.controller.AdminController.findAllModules(int)
[INFO][2018-11-05 18:29|:16][org.springframework.web.servlet.mvc.method.annotation.RequestMappingHandlerMapping]Mapped "{[/login/saveOrUpdateUsers],methods=[],params=[],headers=[],consumes=[],produces=[],custom=[]}" onto public void com.llt.controller.AdminController.saveOrUpdateUsers(com.entity.Usertable)
[INFO][2018-11-05 18:29|:16][org.springframework.web.servlet.mvc.method.annotation.RequestMappingHandlerMapping]Mapped "{[/login/updateBeforeQueryUsers],methods=[],params=[],headers=[],consumes=[],produces=[],custom=[]}" onto public java.util.List<java.util.Map<java.lang.String, java.lang.Object>> com.llt.controller.AdminController.updateBeforeQueryUsers(java.lang.Integer)
[INFO][2018-11-05 18:29|:16][org.springframework.web.servlet.mvc.method.annotation.RequestMappingHandlerMapping]Mapped "{[/login/updateBeforeQuery],methods=[],params=[],headers=[],consumes=[],produces=[],custom=[]}" onto public java.util.List<java.util.Map<java.lang.String, java.lang.Object>> com.llt.controller.AdminController.updateBeforeQuery(java.lang.Integer)
[WARN][2018-11-05 18:29|:16][org.springframework.web.context.support.XmlWebApplicationContext]Exception encountered during context initialization - cancelling refresh attempt
org.springframework.beans.factory.BeanCreationException: Error creating bean with name 'org.springframework.web.servlet.mvc.method.annotation.RequestMappingHandlerMapping#0': Invocation of init method failed; nested exception is java.lang.IllegalStateException: Ambiguous mapping found. Cannot map 'importExcelController' bean method 
public void com.llt.controller.ImportExcelController.ajaxUploadExcel(com.entity.InfoVo,javax.servlet.http.HttpServletRequest,javax.servlet.http.HttpServletResponse) throws java.lang.Exception
to {[/uploadExcel/ajaxUpload.do],methods=[GET || POST],params=[],headers=[],consumes=[],produces=[],custom=[]}: There is already 'uploadExcelControl' bean method
public void com.blf.controller.UploadExcelControl.ajaxUploadExcel(javax.servlet.http.HttpServletRequest,javax.servlet.http.HttpServletResponse) throws java.lang.Exception mapped.
	at org.springframework.beans.factory.support.AbstractAutowireCapableBeanFactory.initializeBean(AbstractAutowireCapableBeanFactory.java:1566)
	at org.springframework.beans.factory.support.AbstractAutowireCapableBeanFactory.doCreateBean(AbstractAutowireCapableBeanFactory.java:539)
	at org.springframework.beans.factory.support.AbstractAutowireCapableBeanFactory.createBean(AbstractAutowireCapableBeanFactory.java:476)
	at org.springframework.beans.factory.support.AbstractBeanFactory$1.getObject(AbstractBeanFactory.java:302)
	at org.springframework.beans.factory.support.DefaultSingletonBeanRegistry.getSingleton(DefaultSingletonBeanRegistry.java:230)
	at org.springframework.beans.factory.support.AbstractBeanFactory.doGetBean(AbstractBeanFactory.java:298)
	at org.springframework.beans.factory.support.AbstractBeanFactory.getBean(AbstractBeanFactory.java:193)
	at org.springframework.beans.factory.support.DefaultListableBeanFactory.preInstantiateSingletons(DefaultListableBeanFactory.java:762)
	at org.springframework.context.support.AbstractApplicationContext.finishBeanFactoryInitialization(AbstractApplicationContext.java:757)
	at org.springframework.context.support.AbstractApplicationContext.refresh(AbstractApplicationContext.java:480)
	at org.springframework.web.servlet.FrameworkServlet.configureAndRefreshWebApplicationContext(FrameworkServlet.java:663)
	at org.springframework.web.servlet.FrameworkServlet.createWebApplicationContext(FrameworkServlet.java:629)
	at org.springframework.web.servlet.FrameworkServlet.createWebApplicationContext(FrameworkServlet.java:677)
	at org.springframework.web.servlet.FrameworkServlet.initWebApplicationContext(FrameworkServlet.java:548)
	at org.springframework.web.servlet.FrameworkServlet.initServletBean(FrameworkServlet.java:489)
	at org.springframework.web.servlet.HttpServletBean.init(HttpServletBean.java:136)
	at javax.servlet.GenericServlet.init(GenericServlet.java:160)
	at org.apache.catalina.core.StandardWrapper.initServlet(StandardWrapper.java:1280)
	at org.apache.catalina.core.StandardWrapper.loadServlet(StandardWrapper.java:1193)
	at org.apache.catalina.core.StandardWrapper.load(StandardWrapper.java:1088)
	at org.apache.catalina.core.StandardContext.loadOnStartup(StandardContext.java:5176)
	at org.apache.catalina.core.StandardContext.startInternal(StandardContext.java:5460)
	at org.apache.catalina.util.LifecycleBase.start(LifecycleBase.java:150)
	at org.apache.catalina.core.ContainerBase$StartChild.call(ContainerBase.java:1559)
	at org.apache.catalina.core.ContainerBase$StartChild.call(ContainerBase.java:1549)
	at java.util.concurrent.FutureTask.run(FutureTask.java:266)
	at java.util.concurrent.ThreadPoolExecutor.runWorker(ThreadPoolExecutor.java:1142)
	at java.util.concurrent.ThreadPoolExecutor$Worker.run(ThreadPoolExecutor.java:617)
	at java.lang.Thread.run(Thread.java:745)
Caused by: java.lang.IllegalStateException: Ambiguous mapping found. Cannot map 'importExcelController' bean method 
public void com.llt.controller.ImportExcelController.ajaxUploadExcel(com.entity.InfoVo,javax.servlet.http.HttpServletRequest,javax.servlet.http.HttpServletResponse) throws java.lang.Exception
to {[/uploadExcel/ajaxUpload.do],methods=[GET || POST],params=[],headers=[],consumes=[],produces=[],custom=[]}: There is already 'uploadExcelControl' bean method
public void com.blf.controller.UploadExcelControl.ajaxUploadExcel(javax.servlet.http.HttpServletRequest,javax.servlet.http.HttpServletResponse) throws java.lang.Exception mapped.
	at org.springframework.web.servlet.handler.AbstractHandlerMethodMapping.registerHandlerMethod(AbstractHandlerMethodMapping.java:215)
	at org.springframework.web.servlet.handler.AbstractHandlerMethodMapping.detectHandlerMethods(AbstractHandlerMethodMapping.java:187)
	at org.springframework.web.servlet.handler.AbstractHandlerMethodMapping.initHandlerMethods(AbstractHandlerMethodMapping.java:147)
	at org.springframework.web.servlet.handler.AbstractHandlerMethodMapping.afterPropertiesSet(AbstractHandlerMethodMapping.java:126)
	at org.springframework.web.servlet.mvc.method.annotation.RequestMappingHandlerMapping.afterPropertiesSet(RequestMappingHandlerMapping.java:126)
	at org.springframework.beans.factory.support.AbstractAutowireCapableBeanFactory.invokeInitMethods(AbstractAutowireCapableBeanFactory.java:1625)
	at org.springframework.beans.factory.support.AbstractAutowireCapableBeanFactory.initializeBean(AbstractAutowireCapableBeanFactory.java:1562)
	... 28 more
[ERROR][2018-11-05 18:29|:16][org.springframework.web.servlet.DispatcherServlet]Context initialization failed
org.springframework.beans.factory.BeanCreationException: Error creating bean with name 'org.springframework.web.servlet.mvc.method.annotation.RequestMappingHandlerMapping#0': Invocation of init method failed; nested exception is java.lang.IllegalStateException: Ambiguous mapping found. Cannot map 'importExcelController' bean method 
public void com.llt.controller.ImportExcelController.ajaxUploadExcel(com.entity.InfoVo,javax.servlet.http.HttpServletRequest,javax.servlet.http.HttpServletResponse) throws java.lang.Exception
to {[/uploadExcel/ajaxUpload.do],methods=[GET || POST],params=[],headers=[],consumes=[],produces=[],custom=[]}: There is already 'uploadExcelControl' bean method
public void com.blf.controller.UploadExcelControl.ajaxUploadExcel(javax.servlet.http.HttpServletRequest,javax.servlet.http.HttpServletResponse) throws java.lang.Exception mapped.
	at org.springframework.beans.factory.support.AbstractAutowireCapableBeanFactory.initializeBean(AbstractAutowireCapableBeanFactory.java:1566)
	at org.springframework.beans.factory.support.AbstractAutowireCapableBeanFactory.doCreateBean(AbstractAutowireCapableBeanFactory.java:539)
	at org.springframework.beans.factory.support.AbstractAutowireCapableBeanFactory.createBean(AbstractAutowireCapableBeanFactory.java:476)
	at org.springframework.beans.factory.support.AbstractBeanFactory$1.getObject(AbstractBeanFactory.java:302)
	at org.springframework.beans.factory.support.DefaultSingletonBeanRegistry.getSingleton(DefaultSingletonBeanRegistry.java:230)
	at org.springframework.beans.factory.support.AbstractBeanFactory.doGetBean(AbstractBeanFactory.java:298)
	at org.springframework.beans.factory.support.AbstractBeanFactory.getBean(AbstractBeanFactory.java:193)
	at org.springframework.beans.factory.support.DefaultListableBeanFactory.preInstantiateSingletons(DefaultListableBeanFactory.java:762)
	at org.springframework.context.support.AbstractApplicationContext.finishBeanFactoryInitialization(AbstractApplicationContext.java:757)
	at org.springframework.context.support.AbstractApplicationContext.refresh(AbstractApplicationContext.java:480)
	at org.springframework.web.servlet.FrameworkServlet.configureAndRefreshWebApplicationContext(FrameworkServlet.java:663)
	at org.springframework.web.servlet.FrameworkServlet.createWebApplicationContext(FrameworkServlet.java:629)
	at org.springframework.web.servlet.FrameworkServlet.createWebApplicationContext(FrameworkServlet.java:677)
	at org.springframework.web.servlet.FrameworkServlet.initWebApplicationContext(FrameworkServlet.java:548)
	at org.springframework.web.servlet.FrameworkServlet.initServletBean(FrameworkServlet.java:489)
	at org.springframework.web.servlet.HttpServletBean.init(HttpServletBean.java:136)
	at javax.servlet.GenericServlet.init(GenericServlet.java:160)
	at org.apache.catalina.core.StandardWrapper.initServlet(StandardWrapper.java:1280)
	at org.apache.catalina.core.StandardWrapper.loadServlet(StandardWrapper.java:1193)
	at org.apache.catalina.core.StandardWrapper.load(StandardWrapper.java:1088)
	at org.apache.catalina.core.StandardContext.loadOnStartup(StandardContext.java:5176)
	at org.apache.catalina.core.StandardContext.startInternal(StandardContext.java:5460)
	at org.apache.catalina.util.LifecycleBase.start(LifecycleBase.java:150)
	at org.apache.catalina.core.ContainerBase$StartChild.call(ContainerBase.java:1559)
	at org.apache.catalina.core.ContainerBase$StartChild.call(ContainerBase.java:1549)
	at java.util.concurrent.FutureTask.run(FutureTask.java:266)
	at java.util.concurrent.ThreadPoolExecutor.runWorker(ThreadPoolExecutor.java:1142)
	at java.util.concurrent.ThreadPoolExecutor$Worker.run(ThreadPoolExecutor.java:617)
	at java.lang.Thread.run(Thread.java:745)
Caused by: java.lang.IllegalStateException: Ambiguous mapping found. Cannot map 'importExcelController' bean method 
public void com.llt.controller.ImportExcelController.ajaxUploadExcel(com.entity.InfoVo,javax.servlet.http.HttpServletRequest,javax.servlet.http.HttpServletResponse) throws java.lang.Exception
to {[/uploadExcel/ajaxUpload.do],methods=[GET || POST],params=[],headers=[],consumes=[],produces=[],custom=[]}: There is already 'uploadExcelControl' bean method
public void com.blf.controller.UploadExcelControl.ajaxUploadExcel(javax.servlet.http.HttpServletRequest,javax.servlet.http.HttpServletResponse) throws java.lang.Exception mapped.
	at org.springframework.web.servlet.handler.AbstractHandlerMethodMapping.registerHandlerMethod(AbstractHandlerMethodMapping.java:215)
	at org.springframework.web.servlet.handler.AbstractHandlerMethodMapping.detectHandlerMethods(AbstractHandlerMethodMapping.java:187)
	at org.springframework.web.servlet.handler.AbstractHandlerMethodMapping.initHandlerMethods(AbstractHandlerMethodMapping.java:147)
	at org.springframework.web.servlet.handler.AbstractHandlerMethodMapping.afterPropertiesSet(AbstractHandlerMethodMapping.java:126)
	at org.springframework.web.servlet.mvc.method.annotation.RequestMappingHandlerMapping.afterPropertiesSet(RequestMappingHandlerMapping.java:126)
	at org.springframework.beans.factory.support.AbstractAutowireCapableBeanFactory.invokeInitMethods(AbstractAutowireCapableBeanFactory.java:1625)
	at org.springframework.beans.factory.support.AbstractAutowireCapableBeanFactory.initializeBean(AbstractAutowireCapableBeanFactory.java:1562)
	... 28 more
[INFO][2018-11-05 18:32|:39][org.springframework.web.context.ContextLoader]Root WebApplicationContext: initialization started
[INFO][2018-11-05 18:32|:39][org.springframework.web.context.support.XmlWebApplicationContext]Refreshing Root WebApplicationContext: startup date [Mon Nov 05 18:32:39 CST 2018]; root of context hierarchy
[INFO][2018-11-05 18:32|:39][org.springframework.beans.factory.xml.XmlBeanDefinitionReader]Loading XML bean definitions from class path resource [applicationContext.xml]
[INFO][2018-11-05 18:32|:41][org.springframework.beans.factory.config.PropertyPlaceholderConfigurer]Loading properties file from class path resource [jdbc.properties]
[INFO][2018-11-05 18:32|:41][org.springframework.beans.factory.annotation.AutowiredAnnotationBeanPostProcessor]JSR-330 'javax.inject.Inject' annotation found and supported for autowiring
[INFO][2018-11-05 18:32|:42][org.springframework.web.context.ContextLoader]Root WebApplicationContext: initialization completed in 3294 ms
[INFO][2018-11-05 18:32|:42][org.springframework.web.servlet.DispatcherServlet]FrameworkServlet 'spring': initialization started
[INFO][2018-11-05 18:32|:42][org.springframework.web.context.support.XmlWebApplicationContext]Refreshing WebApplicationContext for namespace 'spring-servlet': startup date [Mon Nov 05 18:32:42 CST 2018]; parent: Root WebApplicationContext
[INFO][2018-11-05 18:32|:42][org.springframework.beans.factory.xml.XmlBeanDefinitionReader]Loading XML bean definitions from class path resource [springmvc-servlet.xml]
[INFO][2018-11-05 18:32|:42][org.springframework.beans.factory.annotation.AutowiredAnnotationBeanPostProcessor]JSR-330 'javax.inject.Inject' annotation found and supported for autowiring
[INFO][2018-11-05 18:32|:42][org.springframework.web.servlet.mvc.method.annotation.RequestMappingHandlerMapping]Mapped "{[/hjqcb/selectBGjce],methods=[],params=[],headers=[],consumes=[],produces=[],custom=[]}" onto public java.util.List<java.util.Map<java.lang.String, java.lang.Object>> com.blf.controller.HjqcbController.selectBGjce(java.lang.Integer)
[INFO][2018-11-05 18:32|:42][org.springframework.web.servlet.mvc.method.annotation.RequestMappingHandlerMapping]Mapped "{[/hjqcb/queryHj],methods=[],params=[],headers=[],consumes=[],produces=[],custom=[]}" onto public com.util.Pager com.blf.controller.HjqcbController.queryHj(java.lang.String,java.lang.Integer)
[INFO][2018-11-05 18:32|:42][org.springframework.web.servlet.mvc.method.annotation.RequestMappingHandlerMapping]Mapped "{[/hjqcb/queryUcbOrUf],methods=[],params=[],headers=[],consumes=[],produces=[],custom=[]}" onto public java.util.List<java.util.Map<java.lang.String, java.lang.Object>> com.blf.controller.HjqcbController.queryUcbOrUf(java.lang.Integer)
[INFO][2018-11-05 18:32|:42][org.springframework.web.servlet.mvc.method.annotation.RequestMappingHandlerMapping]Mapped "{[/hjqcb/queryUser],methods=[],params=[],headers=[],consumes=[],produces=[],custom=[]}" onto public java.util.List<java.util.Map<java.lang.String, java.lang.Object>> com.blf.controller.HjqcbController.queryUser()
[INFO][2018-11-05 18:32|:42][org.springframework.web.servlet.mvc.method.annotation.RequestMappingHandlerMapping]Mapped "{[/hjqcb/saveHjqcb],methods=[],params=[],headers=[],consumes=[],produces=[],custom=[]}" onto public void com.blf.controller.HjqcbController.saveHjqcb(com.entity.Hjqcb,javax.servlet.http.HttpServletResponse) throws java.io.IOException
[INFO][2018-11-05 18:32|:42][org.springframework.web.servlet.mvc.method.annotation.RequestMappingHandlerMapping]Mapped "{[/hjqcb/queryHjqcb],methods=[],params=[],headers=[],consumes=[],produces=[],custom=[]}" onto public java.util.List<java.util.Map<java.lang.String, java.lang.Object>> com.blf.controller.HjqcbController.queryHjqcb(java.lang.Integer)
[INFO][2018-11-05 18:32|:42][org.springframework.web.servlet.mvc.method.annotation.RequestMappingHandlerMapping]Mapped "{[/hjqcb/selectSum],methods=[],params=[],headers=[],consumes=[],produces=[],custom=[]}" onto public int com.blf.controller.HjqcbController.querySum(java.lang.Integer)
[INFO][2018-11-05 18:32|:42][org.springframework.web.servlet.mvc.method.annotation.RequestMappingHandlerMapping]Mapped "{[/ipay/saveIpayPer],methods=[],params=[],headers=[],consumes=[],produces=[],custom=[]}" onto public void com.blf.controller.individualPayController.queryIpayPer(java.util.Map,javax.servlet.http.HttpServletResponse) throws java.io.IOException
[INFO][2018-11-05 18:32|:42][org.springframework.web.servlet.mvc.method.annotation.RequestMappingHandlerMapping]Mapped "{[/utzw/queryZw],methods=[],params=[],headers=[],consumes=[],produces=[],custom=[]}" onto public java.util.List<java.util.Map<java.lang.String, java.lang.Object>> com.blf.controller.UnitpositionController.queryZw()
[INFO][2018-11-05 18:32|:42][org.springframework.web.servlet.mvc.method.annotation.RequestMappingHandlerMapping]Mapped "{[/utzw/queryLmk],methods=[],params=[],headers=[],consumes=[],produces=[],custom=[]}" onto public java.util.List<java.util.Map<java.lang.String, java.lang.Object>> com.blf.controller.UnitpositionController.queryLmk()
[INFO][2018-11-05 18:32|:42][org.springframework.web.servlet.mvc.method.annotation.RequestMappingHandlerMapping]Mapped "{[/unfo/queryUnfoAndUncc],methods=[],params=[],headers=[],consumes=[],produces=[],custom=[]}" onto public java.util.List<java.util.Map<java.lang.String, java.lang.Object>> com.blf.controller.UnitsaccountController.query()
[INFO][2018-11-05 18:32|:42][org.springframework.web.servlet.mvc.method.annotation.RequestMappingHandlerMapping]Mapped "{[/unfo/queryUnfo],methods=[],params=[],headers=[],consumes=[],produces=[],custom=[]}" onto public java.util.List<java.util.Map<java.lang.String, java.lang.Object>> com.blf.controller.UnitsaccountController.queryUnfo(com.entity.Unitsaccount)
[INFO][2018-11-05 18:32|:42][org.springframework.web.servlet.mvc.method.annotation.RequestMappingHandlerMapping]Mapped "{[/uploadExcel/upload.do],methods=[GET || POST],params=[],headers=[],consumes=[],produces=[],custom=[]}" onto public java.lang.String com.blf.controller.UploadExcelControl.uploadExcel(javax.servlet.http.HttpServletRequest) throws java.lang.Exception
[INFO][2018-11-05 18:32|:42][org.springframework.web.servlet.mvc.method.annotation.RequestMappingHandlerMapping]Mapped "{[/uploadExcel/ajaxUpload.do],methods=[GET || POST],params=[],headers=[],consumes=[],produces=[],custom=[]}" onto public void com.blf.controller.UploadExcelControl.ajaxUploadExcel(javax.servlet.http.HttpServletRequest,javax.servlet.http.HttpServletResponse) throws java.lang.Exception
[INFO][2018-11-05 18:32|:42][org.springframework.web.servlet.mvc.method.annotation.RequestMappingHandlerMapping]Mapped "{[/login/queryAllUsers],methods=[],params=[],headers=[],consumes=[],produces=[],custom=[]}" onto public com.github.pagehelper.PageInfo<java.util.Map<java.lang.String, java.lang.Object>> com.llt.controller.AdminController.queryAllUsers(java.lang.Integer)
[INFO][2018-11-05 18:32|:42][org.springframework.web.servlet.mvc.method.annotation.RequestMappingHandlerMapping]Mapped "{[/login/queryAllRoles],methods=[],params=[],headers=[],consumes=[],produces=[],custom=[]}" onto public com.github.pagehelper.PageInfo<java.util.Map<java.lang.String, java.lang.Object>> com.llt.controller.AdminController.queryAllRoles(java.lang.Integer)
[INFO][2018-11-05 18:32|:42][org.springframework.web.servlet.mvc.method.annotation.RequestMappingHandlerMapping]Mapped "{[/login/queryMenu],methods=[],params=[],headers=[],consumes=[],produces=[],custom=[]}" onto public java.util.List<java.util.Map<java.lang.String, java.lang.Object>> com.llt.controller.AdminController.queryMenu(javax.servlet.http.HttpSession)
[INFO][2018-11-05 18:32|:42][org.springframework.web.servlet.mvc.method.annotation.RequestMappingHandlerMapping]Mapped "{[/login/dropMenu],methods=[],params=[],headers=[],consumes=[],produces=[],custom=[]}" onto public void com.llt.controller.AdminController.dropMenu(java.lang.String,int)
[INFO][2018-11-05 18:32|:42][org.springframework.web.servlet.mvc.method.annotation.RequestMappingHandlerMapping]Mapped "{[/login/deleteRoles],methods=[],params=[],headers=[],consumes=[],produces=[],custom=[]}" onto public void com.llt.controller.AdminController.deleteRoles(java.lang.Integer)
[INFO][2018-11-05 18:32|:42][org.springframework.web.servlet.mvc.method.annotation.RequestMappingHandlerMapping]Mapped "{[/login/login.action],methods=[],params=[],headers=[],consumes=[],produces=[],custom=[]}" onto public java.lang.String com.llt.controller.AdminController.dologin(com.entity.Usertable,javax.servlet.http.HttpSession)
[INFO][2018-11-05 18:32|:42][org.springframework.web.servlet.mvc.method.annotation.RequestMappingHandlerMapping]Mapped "{[/login/saveOrUpdate],methods=[],params=[],headers=[],consumes=[],produces=[],custom=[]}" onto public void com.llt.controller.AdminController.saveOrUpdate(com.entity.Roles)
[INFO][2018-11-05 18:32|:42][org.springframework.web.servlet.mvc.method.annotation.RequestMappingHandlerMapping]Mapped "{[/login/deleteUsers],methods=[],params=[],headers=[],consumes=[],produces=[],custom=[]}" onto public void com.llt.controller.AdminController.deleteUsers(java.lang.Integer)
[INFO][2018-11-05 18:32|:42][org.springframework.web.servlet.mvc.method.annotation.RequestMappingHandlerMapping]Mapped "{[/login/findAllModules],methods=[],params=[],headers=[],consumes=[],produces=[],custom=[]}" onto public java.util.List<java.util.Map<java.lang.String, java.lang.Object>> com.llt.controller.AdminController.findAllModules(int)
[INFO][2018-11-05 18:32|:42][org.springframework.web.servlet.mvc.method.annotation.RequestMappingHandlerMapping]Mapped "{[/login/updateBeforeQueryUsers],methods=[],params=[],headers=[],consumes=[],produces=[],custom=[]}" onto public java.util.List<java.util.Map<java.lang.String, java.lang.Object>> com.llt.controller.AdminController.updateBeforeQueryUsers(java.lang.Integer)
[INFO][2018-11-05 18:32|:42][org.springframework.web.servlet.mvc.method.annotation.RequestMappingHandlerMapping]Mapped "{[/login/updateBeforeQuery],methods=[],params=[],headers=[],consumes=[],produces=[],custom=[]}" onto public java.util.List<java.util.Map<java.lang.String, java.lang.Object>> com.llt.controller.AdminController.updateBeforeQuery(java.lang.Integer)
[INFO][2018-11-05 18:32|:42][org.springframework.web.servlet.mvc.method.annotation.RequestMappingHandlerMapping]Mapped "{[/login/saveOrUpdateUsers],methods=[],params=[],headers=[],consumes=[],produces=[],custom=[]}" onto public void com.llt.controller.AdminController.saveOrUpdateUsers(com.entity.Usertable)
[WARN][2018-11-05 18:32|:42][org.springframework.web.context.support.XmlWebApplicationContext]Exception encountered during context initialization - cancelling refresh attempt
org.springframework.beans.factory.BeanCreationException: Error creating bean with name 'org.springframework.web.servlet.mvc.method.annotation.RequestMappingHandlerMapping#0': Invocation of init method failed; nested exception is java.lang.IllegalStateException: Ambiguous mapping found. Cannot map 'importExcelController' bean method 
public java.lang.String com.llt.controller.ImportExcelController.uploadExcel(com.entity.InfoVo,javax.servlet.http.HttpServletRequest) throws java.lang.Exception
to {[/uploadExcel/upload.do],methods=[GET || POST],params=[],headers=[],consumes=[],produces=[],custom=[]}: There is already 'uploadExcelControl' bean method
public java.lang.String com.blf.controller.UploadExcelControl.uploadExcel(javax.servlet.http.HttpServletRequest) throws java.lang.Exception mapped.
	at org.springframework.beans.factory.support.AbstractAutowireCapableBeanFactory.initializeBean(AbstractAutowireCapableBeanFactory.java:1566)
	at org.springframework.beans.factory.support.AbstractAutowireCapableBeanFactory.doCreateBean(AbstractAutowireCapableBeanFactory.java:539)
	at org.springframework.beans.factory.support.AbstractAutowireCapableBeanFactory.createBean(AbstractAutowireCapableBeanFactory.java:476)
	at org.springframework.beans.factory.support.AbstractBeanFactory$1.getObject(AbstractBeanFactory.java:302)
	at org.springframework.beans.factory.support.DefaultSingletonBeanRegistry.getSingleton(DefaultSingletonBeanRegistry.java:230)
	at org.springframework.beans.factory.support.AbstractBeanFactory.doGetBean(AbstractBeanFactory.java:298)
	at org.springframework.beans.factory.support.AbstractBeanFactory.getBean(AbstractBeanFactory.java:193)
	at org.springframework.beans.factory.support.DefaultListableBeanFactory.preInstantiateSingletons(DefaultListableBeanFactory.java:762)
	at org.springframework.context.support.AbstractApplicationContext.finishBeanFactoryInitialization(AbstractApplicationContext.java:757)
	at org.springframework.context.support.AbstractApplicationContext.refresh(AbstractApplicationContext.java:480)
	at org.springframework.web.servlet.FrameworkServlet.configureAndRefreshWebApplicationContext(FrameworkServlet.java:663)
	at org.springframework.web.servlet.FrameworkServlet.createWebApplicationContext(FrameworkServlet.java:629)
	at org.springframework.web.servlet.FrameworkServlet.createWebApplicationContext(FrameworkServlet.java:677)
	at org.springframework.web.servlet.FrameworkServlet.initWebApplicationContext(FrameworkServlet.java:548)
	at org.springframework.web.servlet.FrameworkServlet.initServletBean(FrameworkServlet.java:489)
	at org.springframework.web.servlet.HttpServletBean.init(HttpServletBean.java:136)
	at javax.servlet.GenericServlet.init(GenericServlet.java:160)
	at org.apache.catalina.core.StandardWrapper.initServlet(StandardWrapper.java:1280)
	at org.apache.catalina.core.StandardWrapper.loadServlet(StandardWrapper.java:1193)
	at org.apache.catalina.core.StandardWrapper.load(StandardWrapper.java:1088)
	at org.apache.catalina.core.StandardContext.loadOnStartup(StandardContext.java:5176)
	at org.apache.catalina.core.StandardContext.startInternal(StandardContext.java:5460)
	at org.apache.catalina.util.LifecycleBase.start(LifecycleBase.java:150)
	at org.apache.catalina.core.ContainerBase$StartChild.call(ContainerBase.java:1559)
	at org.apache.catalina.core.ContainerBase$StartChild.call(ContainerBase.java:1549)
	at java.util.concurrent.FutureTask.run(FutureTask.java:266)
	at java.util.concurrent.ThreadPoolExecutor.runWorker(ThreadPoolExecutor.java:1142)
	at java.util.concurrent.ThreadPoolExecutor$Worker.run(ThreadPoolExecutor.java:617)
	at java.lang.Thread.run(Thread.java:745)
Caused by: java.lang.IllegalStateException: Ambiguous mapping found. Cannot map 'importExcelController' bean method 
public java.lang.String com.llt.controller.ImportExcelController.uploadExcel(com.entity.InfoVo,javax.servlet.http.HttpServletRequest) throws java.lang.Exception
to {[/uploadExcel/upload.do],methods=[GET || POST],params=[],headers=[],consumes=[],produces=[],custom=[]}: There is already 'uploadExcelControl' bean method
public java.lang.String com.blf.controller.UploadExcelControl.uploadExcel(javax.servlet.http.HttpServletRequest) throws java.lang.Exception mapped.
	at org.springframework.web.servlet.handler.AbstractHandlerMethodMapping.registerHandlerMethod(AbstractHandlerMethodMapping.java:215)
	at org.springframework.web.servlet.handler.AbstractHandlerMethodMapping.detectHandlerMethods(AbstractHandlerMethodMapping.java:187)
	at org.springframework.web.servlet.handler.AbstractHandlerMethodMapping.initHandlerMethods(AbstractHandlerMethodMapping.java:147)
	at org.springframework.web.servlet.handler.AbstractHandlerMethodMapping.afterPropertiesSet(AbstractHandlerMethodMapping.java:126)
	at org.springframework.web.servlet.mvc.method.annotation.RequestMappingHandlerMapping.afterPropertiesSet(RequestMappingHandlerMapping.java:126)
	at org.springframework.beans.factory.support.AbstractAutowireCapableBeanFactory.invokeInitMethods(AbstractAutowireCapableBeanFactory.java:1625)
	at org.springframework.beans.factory.support.AbstractAutowireCapableBeanFactory.initializeBean(AbstractAutowireCapableBeanFactory.java:1562)
	... 28 more
[ERROR][2018-11-05 18:32|:42][org.springframework.web.servlet.DispatcherServlet]Context initialization failed
org.springframework.beans.factory.BeanCreationException: Error creating bean with name 'org.springframework.web.servlet.mvc.method.annotation.RequestMappingHandlerMapping#0': Invocation of init method failed; nested exception is java.lang.IllegalStateException: Ambiguous mapping found. Cannot map 'importExcelController' bean method 
public java.lang.String com.llt.controller.ImportExcelController.uploadExcel(com.entity.InfoVo,javax.servlet.http.HttpServletRequest) throws java.lang.Exception
to {[/uploadExcel/upload.do],methods=[GET || POST],params=[],headers=[],consumes=[],produces=[],custom=[]}: There is already 'uploadExcelControl' bean method
public java.lang.String com.blf.controller.UploadExcelControl.uploadExcel(javax.servlet.http.HttpServletRequest) throws java.lang.Exception mapped.
	at org.springframework.beans.factory.support.AbstractAutowireCapableBeanFactory.initializeBean(AbstractAutowireCapableBeanFactory.java:1566)
	at org.springframework.beans.factory.support.AbstractAutowireCapableBeanFactory.doCreateBean(AbstractAutowireCapableBeanFactory.java:539)
	at org.springframework.beans.factory.support.AbstractAutowireCapableBeanFactory.createBean(AbstractAutowireCapableBeanFactory.java:476)
	at org.springframework.beans.factory.support.AbstractBeanFactory$1.getObject(AbstractBeanFactory.java:302)
	at org.springframework.beans.factory.support.DefaultSingletonBeanRegistry.getSingleton(DefaultSingletonBeanRegistry.java:230)
	at org.springframework.beans.factory.support.AbstractBeanFactory.doGetBean(AbstractBeanFactory.java:298)
	at org.springframework.beans.factory.support.AbstractBeanFactory.getBean(AbstractBeanFactory.java:193)
	at org.springframework.beans.factory.support.DefaultListableBeanFactory.preInstantiateSingletons(DefaultListableBeanFactory.java:762)
	at org.springframework.context.support.AbstractApplicationContext.finishBeanFactoryInitialization(AbstractApplicationContext.java:757)
	at org.springframework.context.support.AbstractApplicationContext.refresh(AbstractApplicationContext.java:480)
	at org.springframework.web.servlet.FrameworkServlet.configureAndRefreshWebApplicationContext(FrameworkServlet.java:663)
	at org.springframework.web.servlet.FrameworkServlet.createWebApplicationContext(FrameworkServlet.java:629)
	at org.springframework.web.servlet.FrameworkServlet.createWebApplicationContext(FrameworkServlet.java:677)
	at org.springframework.web.servlet.FrameworkServlet.initWebApplicationContext(FrameworkServlet.java:548)
	at org.springframework.web.servlet.FrameworkServlet.initServletBean(FrameworkServlet.java:489)
	at org.springframework.web.servlet.HttpServletBean.init(HttpServletBean.java:136)
	at javax.servlet.GenericServlet.init(GenericServlet.java:160)
	at org.apache.catalina.core.StandardWrapper.initServlet(StandardWrapper.java:1280)
	at org.apache.catalina.core.StandardWrapper.loadServlet(StandardWrapper.java:1193)
	at org.apache.catalina.core.StandardWrapper.load(StandardWrapper.java:1088)
	at org.apache.catalina.core.StandardContext.loadOnStartup(StandardContext.java:5176)
	at org.apache.catalina.core.StandardContext.startInternal(StandardContext.java:5460)
	at org.apache.catalina.util.LifecycleBase.start(LifecycleBase.java:150)
	at org.apache.catalina.core.ContainerBase$StartChild.call(ContainerBase.java:1559)
	at org.apache.catalina.core.ContainerBase$StartChild.call(ContainerBase.java:1549)
	at java.util.concurrent.FutureTask.run(FutureTask.java:266)
	at java.util.concurrent.ThreadPoolExecutor.runWorker(ThreadPoolExecutor.java:1142)
	at java.util.concurrent.ThreadPoolExecutor$Worker.run(ThreadPoolExecutor.java:617)
	at java.lang.Thread.run(Thread.java:745)
Caused by: java.lang.IllegalStateException: Ambiguous mapping found. Cannot map 'importExcelController' bean method 
public java.lang.String com.llt.controller.ImportExcelController.uploadExcel(com.entity.InfoVo,javax.servlet.http.HttpServletRequest) throws java.lang.Exception
to {[/uploadExcel/upload.do],methods=[GET || POST],params=[],headers=[],consumes=[],produces=[],custom=[]}: There is already 'uploadExcelControl' bean method
public java.lang.String com.blf.controller.UploadExcelControl.uploadExcel(javax.servlet.http.HttpServletRequest) throws java.lang.Exception mapped.
	at org.springframework.web.servlet.handler.AbstractHandlerMethodMapping.registerHandlerMethod(AbstractHandlerMethodMapping.java:215)
	at org.springframework.web.servlet.handler.AbstractHandlerMethodMapping.detectHandlerMethods(AbstractHandlerMethodMapping.java:187)
	at org.springframework.web.servlet.handler.AbstractHandlerMethodMapping.initHandlerMethods(AbstractHandlerMethodMapping.java:147)
	at org.springframework.web.servlet.handler.AbstractHandlerMethodMapping.afterPropertiesSet(AbstractHandlerMethodMapping.java:126)
	at org.springframework.web.servlet.mvc.method.annotation.RequestMappingHandlerMapping.afterPropertiesSet(RequestMappingHandlerMapping.java:126)
	at org.springframework.beans.factory.support.AbstractAutowireCapableBeanFactory.invokeInitMethods(AbstractAutowireCapableBeanFactory.java:1625)
	at org.springframework.beans.factory.support.AbstractAutowireCapableBeanFactory.initializeBean(AbstractAutowireCapableBeanFactory.java:1562)
	... 28 more
