#
# There is insufficient memory for the Java Runtime Environment to continue.
# Native memory allocation (malloc) failed to allocate 32744 bytes for ChunkPool::allocate
# Possible reasons:
#   The system is out of physical RAM or swap space
#   In 32 bit mode, the process size limit was hit
# Possible solutions:
#   Reduce memory load on the system
#   Increase physical memory or swap space
#   Check if swap backing store is full
#   Use 64 bit Java on a 64 bit OS
#   Decrease Java heap size (-Xmx/-Xms)
#   Decrease number of Java threads
#   Decrease Java thread stack sizes (-Xss)
#   Set larger code cache with -XX:ReservedCodeCacheSize=
# This output file may be truncated or incomplete.
#
#  Out of Memory Error (allocation.cpp:273), pid=12340, tid=0x00000000000011a0
#
# JRE version: Java(TM) SE Runtime Environment (8.0_112-b15) (build 1.8.0_112-b15)
# Java VM: Java HotSpot(TM) 64-Bit Server VM (25.112-b15 mixed mode windows-amd64 compressed oops)
# Failed to write core dump. Minidumps are not enabled by default on client versions of Windows
#

---------------  T H R E A D  ---------------

Current thread (0x0000000015530800):  JavaThread "C2 CompilerThread0" daemon [_thread_in_native, id=4512, stack(0x0000000016ef0000,0x0000000016ff0000)]

Stack: [0x0000000016ef0000,0x0000000016ff0000]
[error occurred during error reporting (printing stack bounds), id 0xc0000005]

Native frames: (J=compiled Java code, j=interpreted, Vv=VM code, C=native code)


Current CompileTask:
C2:   4785 1997       4       org.codehaus.plexus.util.xml.pull.MXParser::nextImpl (1202 bytes)


---------------  P R O C E S S  ---------------

Java Threads: ( => current thread )
  0x0000000016976800 JavaThread "Service Thread" daemon [_thread_blocked, id=11436, stack(0x00000000171f0000,0x00000000172f0000)]
  0x00000000168fc000 JavaThread "C1 CompilerThread2" daemon [_thread_in_native, id=7032, stack(0x00000000170f0000,0x00000000171f0000)]
  0x0000000015532800 JavaThread "C2 CompilerThread1" daemon [_thread_in_native, id=16932, stack(0x0000000016ff0000,0x00000000170f0000)]
=>0x0000000015530800 JavaThread "C2 CompilerThread0" daemon [_thread_in_native, id=4512, stack(0x0000000016ef0000,0x0000000016ff0000)]
  0x000000001552f000 JavaThread "Attach Listener" daemon [_thread_blocked, id=16744, stack(0x0000000016df0000,0x0000000016ef0000)]
  0x00000000168f8800 JavaThread "Signal Dispatcher" daemon [_thread_blocked, id=6840, stack(0x0000000016cf0000,0x0000000016df0000)]
  0x0000000015510000 JavaThread "Finalizer" daemon [_thread_blocked, id=12352, stack(0x0000000016790000,0x0000000016890000)]
  0x0000000002f72800 JavaThread "Reference Handler" daemon [_thread_blocked, id=10124, stack(0x0000000016690000,0x0000000016790000)]
  0x0000000000e1e000 JavaThread "main" [_thread_in_vm, id=10188, stack(0x0000000002a10000,0x0000000002b10000)]

Other Threads:
  0x00000000154e8000 VMThread [stack: 0x0000000016590000,0x0000000016690000] [id=4312]
  0x00000000169d4000 WatcherThread [stack: 0x00000000172f0000,0x00000000173f0000] [id=17028]

VM state:not at safepoint (normal execution)

VM Mutex/Monitor currently owned by a thread: None

Heap:
 PSYoungGen      total 34304K, used 5759K [0x00000000eb580000, 0x00000000f0280000, 0x0000000100000000)
  eden space 31744K, 10% used [0x00000000eb580000,0x00000000eb8a1ce8,0x00000000ed480000)
  from space 2560K, 99% used [0x00000000ed480000,0x00000000ed6fe030,0x00000000ed700000)
  to   space 7680K, 0% used [0x00000000efb00000,0x00000000efb00000,0x00000000f0280000)
 ParOldGen       total 42496K, used 11481K [0x00000000c2000000, 0x00000000c4980000, 0x00000000eb580000)
  object space 42496K, 27% used [0x00000000c2000000,0x00000000c2b365b0,0x00000000c4980000)
 Metaspace       used 15523K, capacity 15758K, committed 16128K, reserved 1062912K
  class space    used 1896K, capacity 1975K, committed 2048K, reserved 1048576K

Card table byte_map: [0x0000000012340000,0x0000000012540000] byte_map_base: 0x0000000011d30000

Marking Bits: (ParMarkBitMap*) 0x0000000056d8a6d0
 Begin Bits: [0x0000000012a90000, 0x0000000013a10000)
 End Bits:   [0x0000000013a10000, 0x0000000014990000)

Polling page: 0x0000000000df0000

CodeCache: size=245760Kb used=7109Kb max_used=7109Kb free=238650Kb
 bounds [0x0000000002f80000, 0x0000000003680000, 0x0000000011f80000]
 total_blobs=2396 nmethods=2025 adapters=283
 compilation: enabled

Compilation events (10 events):
Event: 4.751 Thread 0x00000000168fc000 nmethod 2000 0x0000000003649350 code [0x00000000036494c0, 0x0000000003649690]
Event: 4.751 Thread 0x00000000168fc000 2005       1       java.util.Collections$EmptyList::isEmpty (2 bytes)
Event: 4.751 Thread 0x00000000168fc000 nmethod 2005 0x0000000003649090 code [0x00000000036491e0, 0x00000000036492f0]
Event: 4.753 Thread 0x00000000168fc000 2007       3       org.apache.maven.model.Dependency::setVersion (6 bytes)
Event: 4.753 Thread 0x00000000168fc000 nmethod 2007 0x0000000003648d50 code [0x0000000003648ea0, 0x0000000003649010]
Event: 4.758 Thread 0x00000000168fc000 2009       1       org.apache.maven.model.Parent::getGroupId (5 bytes)
Event: 4.758 Thread 0x00000000168fc000 nmethod 2009 0x0000000003648a90 code [0x0000000003648be0, 0x0000000003648cf0]
Event: 4.758 Thread 0x00000000168fc000 2010       3       java.util.Arrays::hashCode (56 bytes)
Event: 4.758 Thread 0x00000000168fc000 nmethod 2010 0x0000000003654590 code [0x0000000003654700, 0x0000000003654a88]
Event: 4.761 Thread 0x00000000168fc000 2011       3       java.util.StringTokenizer::setMaxDelimCodePoint (156 bytes)

GC Heap History (10 events):
Event: 2.998 GC heap before
{Heap before GC invocations=1 (full 0):
 PSYoungGen      total 18432K, used 15872K [0x00000000eb580000, 0x00000000eca00000, 0x0000000100000000)
  eden space 15872K, 100% used [0x00000000eb580000,0x00000000ec500000,0x00000000ec500000)
  from space 2560K, 0% used [0x00000000ec780000,0x00000000ec780000,0x00000000eca00000)
  to   space 2560K, 0% used [0x00000000ec500000,0x00000000ec500000,0x00000000ec780000)
 ParOldGen       total 42496K, used 0K [0x00000000c2000000, 0x00000000c4980000, 0x00000000eb580000)
  object space 42496K, 0% used [0x00000000c2000000,0x00000000c2000000,0x00000000c4980000)
 Metaspace       used 7438K, capacity 7592K, committed 7808K, reserved 1056768K
  class space    used 849K, capacity 892K, committed 896K, reserved 1048576K
Event: 3.002 GC heap after
Heap after GC invocations=1 (full 0):
 PSYoungGen      total 18432K, used 2544K [0x00000000eb580000, 0x00000000eca00000, 0x0000000100000000)
  eden space 15872K, 0% used [0x00000000eb580000,0x00000000eb580000,0x00000000ec500000)
  from space 2560K, 99% used [0x00000000ec500000,0x00000000ec77c1a8,0x00000000ec780000)
  to   space 2560K, 0% used [0x00000000ec780000,0x00000000ec780000,0x00000000eca00000)
 ParOldGen       total 42496K, used 1333K [0x00000000c2000000, 0x00000000c4980000, 0x00000000eb580000)
  object space 42496K, 3% used [0x00000000c2000000,0x00000000c214d5a8,0x00000000c4980000)
 Metaspace       used 7438K, capacity 7592K, committed 7808K, reserved 1056768K
  class space    used 849K, capacity 892K, committed 896K, reserved 1048576K
}
Event: 3.205 GC heap before
{Heap before GC invocations=2 (full 0):
 PSYoungGen      total 18432K, used 18415K [0x00000000eb580000, 0x00000000eca00000, 0x0000000100000000)
  eden space 15872K, 99% used [0x00000000eb580000,0x00000000ec4ffbd0,0x00000000ec500000)
  from space 2560K, 99% used [0x00000000ec500000,0x00000000ec77c1a8,0x00000000ec780000)
  to   space 2560K, 0% used [0x00000000ec780000,0x00000000ec780000,0x00000000eca00000)
 ParOldGen       total 42496K, used 1333K [0x00000000c2000000, 0x00000000c4980000, 0x00000000eb580000)
  object space 42496K, 3% used [0x00000000c2000000,0x00000000c214d5a8,0x00000000c4980000)
 Metaspace       used 8771K, capacity 9000K, committed 9088K, reserved 1056768K
  class space    used 1084K, capacity 1148K, committed 1152K, reserved 1048576K
Event: 3.210 GC heap after
Heap after GC invocations=2 (full 0):
 PSYoungGen      total 18432K, used 2552K [0x00000000eb580000, 0x00000000ed980000, 0x0000000100000000)
  eden space 15872K, 0% used [0x00000000eb580000,0x00000000eb580000,0x00000000ec500000)
  from space 2560K, 99% used [0x00000000ec780000,0x00000000ec9fe030,0x00000000eca00000)
  to   space 2560K, 0% used [0x00000000ec500000,0x00000000ec500000,0x00000000ec780000)
 ParOldGen       total 42496K, used 2238K [0x00000000c2000000, 0x00000000c4980000, 0x00000000eb580000)
  object space 42496K, 5% used [0x00000000c2000000,0x00000000c222fa10,0x00000000c4980000)
 Metaspace       used 8771K, capacity 9000K, committed 9088K, reserved 1056768K
  class space    used 1084K, capacity 1148K, committed 1152K, reserved 1048576K
}
Event: 3.450 GC heap before
{Heap before GC invocations=3 (full 0):
 PSYoungGen      total 18432K, used 18424K [0x00000000eb580000, 0x00000000ed980000, 0x0000000100000000)
  eden space 15872K, 100% used [0x00000000eb580000,0x00000000ec500000,0x00000000ec500000)
  from space 2560K, 99% used [0x00000000ec780000,0x00000000ec9fe030,0x00000000eca00000)
  to   space 2560K, 0% used [0x00000000ec500000,0x00000000ec500000,0x00000000ec780000)
 ParOldGen       total 42496K, used 2238K [0x00000000c2000000, 0x00000000c4980000, 0x00000000eb580000)
  object space 42496K, 5% used [0x00000000c2000000,0x00000000c222fa10,0x00000000c4980000)
 Metaspace       used 10614K, capacity 10816K, committed 11136K, reserved 1058816K
  class space    used 1295K, capacity 1345K, committed 1408K, reserved 1048576K
Event: 3.454 GC heap after
Heap after GC invocations=3 (full 0):
 PSYoungGen      total 18432K, used 2552K [0x00000000eb580000, 0x00000000ed980000, 0x0000000100000000)
  eden space 15872K, 0% used [0x00000000eb580000,0x00000000eb580000,0x00000000ec500000)
  from space 2560K, 99% used [0x00000000ec500000,0x00000000ec77e010,0x00000000ec780000)
  to   space 2560K, 0% used [0x00000000ed700000,0x00000000ed700000,0x00000000ed980000)
 ParOldGen       total 42496K, used 4340K [0x00000000c2000000, 0x00000000c4980000, 0x00000000eb580000)
  object space 42496K, 10% used [0x00000000c2000000,0x00000000c243d268,0x00000000c4980000)
 Metaspace       used 10614K, capacity 10816K, committed 11136K, reserved 1058816K
  class space    used 1295K, capacity 1345K, committed 1408K, reserved 1048576K
}
Event: 3.692 GC heap before
{Heap before GC invocations=4 (full 0):
 PSYoungGen      total 18432K, used 18424K [0x00000000eb580000, 0x00000000ed980000, 0x0000000100000000)
  eden space 15872K, 100% used [0x00000000eb580000,0x00000000ec500000,0x00000000ec500000)
  from space 2560K, 99% used [0x00000000ec500000,0x00000000ec77e010,0x00000000ec780000)
  to   space 2560K, 0% used [0x00000000ed700000,0x00000000ed700000,0x00000000ed980000)
 ParOldGen       total 42496K, used 4340K [0x00000000c2000000, 0x00000000c4980000, 0x00000000eb580000)
  object space 42496K, 10% used [0x00000000c2000000,0x00000000c243d268,0x00000000c4980000)
 Metaspace       used 12508K, capacity 12756K, committed 13056K, reserved 1060864K
  class space    used 1558K, capacity 1672K, committed 1792K, reserved 1048576K
Event: 3.698 GC heap after
Heap after GC invocations=4 (full 0):
 PSYoungGen      total 34304K, used 2552K [0x00000000eb580000, 0x00000000ed980000, 0x0000000100000000)
  eden space 31744K, 0% used [0x00000000eb580000,0x00000000eb580000,0x00000000ed480000)
  from space 2560K, 99% used [0x00000000ed700000,0x00000000ed97e030,0x00000000ed980000)
  to   space 2560K, 0% used [0x00000000ed480000,0x00000000ed480000,0x00000000ed700000)
 ParOldGen       total 42496K, used 7015K [0x00000000c2000000, 0x00000000c4980000, 0x00000000eb580000)
  object space 42496K, 16% used [0x00000000c2000000,0x00000000c26d9c30,0x00000000c4980000)
 Metaspace       used 12508K, capacity 12756K, committed 13056K, reserved 1060864K
  class space    used 1558K, capacity 1672K, committed 1792K, reserved 1048576K
}
Event: 4.689 GC heap before
{Heap before GC invocations=5 (full 0):
 PSYoungGen      total 34304K, used 34296K [0x00000000eb580000, 0x00000000ed980000, 0x0000000100000000)
  eden space 31744K, 100% used [0x00000000eb580000,0x00000000ed480000,0x00000000ed480000)
  from space 2560K, 99% used [0x00000000ed700000,0x00000000ed97e030,0x00000000ed980000)
  to   space 2560K, 0% used [0x00000000ed480000,0x00000000ed480000,0x00000000ed700000)
 ParOldGen       total 42496K, used 7015K [0x00000000c2000000, 0x00000000c4980000, 0x00000000eb580000)
  object space 42496K, 16% used [0x00000000c2000000,0x00000000c26d9c30,0x00000000c4980000)
 Metaspace       used 15485K, capacity 15752K, committed 16128K, reserved 1062912K
  class space    used 1894K, capacity 1974K, committed 2048K, reserved 1048576K
Event: 4.702 GC heap after
Heap after GC invocations=5 (full 0):
 PSYoungGen      total 34304K, used 2552K [0x00000000eb580000, 0x00000000f0280000, 0x0000000100000000)
  eden space 31744K, 0% used [0x00000000eb580000,0x00000000eb580000,0x00000000ed480000)
  from space 2560K, 99% used [0x00000000ed480000,0x00000000ed6fe030,0x00000000ed700000)
  to   space 7680K, 0% used [0x00000000efb00000,0x00000000efb00000,0x00000000f0280000)
 ParOldGen       total 42496K, used 11481K [0x00000000c2000000, 0x00000000c4980000, 0x00000000eb580000)
  object space 42496K, 27% used [0x00000000c2000000,0x00000000c2b365b0,0x00000000c4980000)
 Metaspace       used 15485K, capacity 15752K, committed 16128K, reserved 1062912K
  class space    used 1894K, capacity 1974K, committed 2048K, reserved 1048576K
}

Deoptimization events (10 events):
Event: 4.267 Thread 0x0000000000e1e000 Uncommon trap: reason=unstable_if action=reinterpret pc=0x000000000311d090 method=java.lang.String.startsWith(Ljava/lang/String;I)Z @ 25
Event: 4.321 Thread 0x0000000000e1e000 Uncommon trap: reason=unstable_if action=reinterpret pc=0x000000000353f6c0 method=sun.nio.cs.UTF_8$Decoder.decodeArrayLoop(Ljava/nio/ByteBuffer;Ljava/nio/CharBuffer;)Ljava/nio/charset/CoderResult; @ 167
Event: 4.389 Thread 0x0000000000e1e000 Uncommon trap: reason=unstable_if action=reinterpret pc=0x000000000353c0c4 method=org.codehaus.plexus.util.xml.pull.MXParser.nextImpl()I @ 555
Event: 4.511 Thread 0x0000000000e1e000 Uncommon trap: reason=unstable_if action=reinterpret pc=0x0000000003364a7c method=java.util.HashMap.hash(Ljava/lang/Object;)I @ 1
Event: 4.512 Thread 0x0000000000e1e000 Uncommon trap: reason=unstable_if action=reinterpret pc=0x00000000032c81e8 method=java.util.HashMap.hash(Ljava/lang/Object;)I @ 1
Event: 4.526 Thread 0x0000000000e1e000 Uncommon trap: reason=unstable_if action=reinterpret pc=0x0000000003537ac4 method=sun.nio.cs.UTF_8$Decoder.decode([BII[C)I @ 90
Event: 4.567 Thread 0x0000000000e1e000 Uncommon trap: reason=unstable_if action=reinterpret pc=0x0000000003425560 method=java.util.HashMap.hash(Ljava/lang/Object;)I @ 1
Event: 4.612 Thread 0x0000000000e1e000 Uncommon trap: reason=null_check action=make_not_entrant pc=0x0000000003604480 method=org.apache.maven.model.io.xpp3.MavenXpp3Reader.checkFieldWithDuplicate(Lorg/codehaus/plexus/util/xml/pull/XmlPullParser;Ljava/lang/String;Ljava/lang/String;Ljava/util/Se
Event: 4.618 Thread 0x0000000000e1e000 Uncommon trap: reason=unstable_if action=reinterpret pc=0x00000000035a70c4 method=org.codehaus.plexus.util.xml.pull.MXParser.nextImpl()I @ 280
Event: 4.630 Thread 0x0000000000e1e000 Uncommon trap: reason=unstable_if action=reinterpret pc=0x000000000331cc58 method=java.lang.String.regionMatches(ZILjava/lang/String;II)Z @ 25

Internal exceptions (10 events):
Event: 4.112 Thread 0x0000000000e1e000 Exception <a 'java/lang/NullPointerException'> (0x00000000ec208ca8) thrown at [C:\re\workspace\8-2-build-windows-amd64-cygwin\jdk8u112\7884\hotspot\src\share\vm\interpreter\linkResolver.cpp, line 1178]
Event: 4.112 Thread 0x0000000000e1e000 Exception <a 'java/lang/NullPointerException'> (0x00000000ec208ec0) thrown at [C:\re\workspace\8-2-build-windows-amd64-cygwin\jdk8u112\7884\hotspot\src\share\vm\interpreter\linkResolver.cpp, line 1178]
Event: 4.112 Thread 0x0000000000e1e000 Exception <a 'java/lang/NullPointerException'> (0x00000000ec2090d8) thrown at [C:\re\workspace\8-2-build-windows-amd64-cygwin\jdk8u112\7884\hotspot\src\share\vm\interpreter\linkResolver.cpp, line 1178]
Event: 4.113 Thread 0x0000000000e1e000 Exception <a 'java/lang/NullPointerException'> (0x00000000ec21e8c8) thrown at [C:\re\workspace\8-2-build-windows-amd64-cygwin\jdk8u112\7884\hotspot\src\share\vm\interpreter\linkResolver.cpp, line 1178]
Event: 4.113 Thread 0x0000000000e1e000 Exception <a 'java/lang/NullPointerException'> (0x00000000ec21eae0) thrown at [C:\re\workspace\8-2-build-windows-amd64-cygwin\jdk8u112\7884\hotspot\src\share\vm\interpreter\linkResolver.cpp, line 1178]
Event: 4.114 Thread 0x0000000000e1e000 Exception <a 'java/lang/NullPointerException'> (0x00000000ec21ecf8) thrown at [C:\re\workspace\8-2-build-windows-amd64-cygwin\jdk8u112\7884\hotspot\src\share\vm\interpreter\linkResolver.cpp, line 1178]
Event: 4.511 Thread 0x0000000000e1e000 Implicit null exception at 0x0000000003364895 to 0x0000000003364a6d
Event: 4.512 Thread 0x0000000000e1e000 Implicit null exception at 0x00000000032c816f to 0x00000000032c81d9
Event: 4.567 Thread 0x0000000000e1e000 Implicit null exception at 0x00000000034250db to 0x0000000003425545
Event: 4.612 Thread 0x0000000000e1e000 Implicit null exception at 0x00000000036032dd to 0x0000000003604469

Events (10 events):
Event: 4.710 loading class sun/nio/cs/ISO_8859_1$Decoder
Event: 4.736 loading class sun/nio/cs/ISO_8859_1$Decoder done
Event: 4.743 Thread 0x0000000000e1e000 DEOPT PACKING pc=0x00000000035f435a sp=0x0000000002b0c3a0
Event: 4.743 Thread 0x0000000000e1e000 DEOPT UNPACKING pc=0x0000000002fc787f sp=0x0000000002b0c220 mode 0
Event: 4.749 loading class org/eclipse/aether/graph/Dependency$Exclusions$1
Event: 4.749 loading class org/eclipse/aether/graph/Dependency$Exclusions$1 done
Event: 4.750 loading class org/eclipse/aether/util/graph/selector/ExclusionDependencySelector$ExclusionComparator
Event: 4.750 loading class org/eclipse/aether/util/graph/selector/ExclusionDependencySelector$ExclusionComparator done
Event: 4.756 Thread 0x0000000000e1e000 DEOPT PACKING pc=0x00000000035f435a sp=0x0000000002b0c700
Event: 4.756 Thread 0x0000000000e1e000 DEOPT UNPACKING pc=0x0000000002fc787f sp=0x0000000002b0c580 mode 0


Dynamic libraries:
0x00007ff63c790000 - 0x00007ff63c7c7000 	E:\MyEclipse Professional 2017\binary\com.sun.java.jdk8.win32.x86_64_1.8.0.v112\bin\javaw.exe
0x00007fff7ba40000 - 0x00007fff7bc21000 	C:\WINDOWS\SYSTEM32\ntdll.dll
0x00007fff7b390000 - 0x00007fff7b442000 	C:\WINDOWS\System32\KERNEL32.DLL
0x00007fff77e30000 - 0x00007fff780a3000 	C:\WINDOWS\System32\KERNELBASE.dll
0x00007fff7b1b0000 - 0x00007fff7b251000 	C:\WINDOWS\System32\ADVAPI32.dll
0x00007fff7b2c0000 - 0x00007fff7b35e000 	C:\WINDOWS\System32\msvcrt.dll
0x00007fff7b260000 - 0x00007fff7b2bb000 	C:\WINDOWS\System32\sechost.dll
0x00007fff7b450000 - 0x00007fff7b574000 	C:\WINDOWS\System32\RPCRT4.dll
0x00007fff791f0000 - 0x00007fff79380000 	C:\WINDOWS\System32\USER32.dll
0x00007fff77e10000 - 0x00007fff77e30000 	C:\WINDOWS\System32\win32u.dll
0x00007fff7a7c0000 - 0x00007fff7a7e8000 	C:\WINDOWS\System32\GDI32.dll
0x00007fff78c30000 - 0x00007fff78dc2000 	C:\WINDOWS\System32\gdi32full.dll
0x00007fff78ae0000 - 0x00007fff78b7f000 	C:\WINDOWS\System32\msvcp_win.dll
0x00007fff78dd0000 - 0x00007fff78eca000 	C:\WINDOWS\System32\ucrtbase.dll
0x00007fff6b290000 - 0x00007fff6b4f9000 	C:\WINDOWS\WinSxS\amd64_microsoft.windows.common-controls_6595b64144ccf1df_6.0.17134.345_none_fb429a5930656358\COMCTL32.dll
0x00007fff7b6e0000 - 0x00007fff7ba03000 	C:\WINDOWS\System32\combase.dll
0x00007fff789b0000 - 0x00007fff78a2a000 	C:\WINDOWS\System32\bcryptPrimitives.dll
0x00007fff7aac0000 - 0x00007fff7aaed000 	C:\WINDOWS\System32\IMM32.DLL
0x0000000057720000 - 0x00000000577f2000 	E:\MyEclipse Professional 2017\binary\com.sun.java.jdk8.win32.x86_64_1.8.0.v112\jre\bin\msvcr100.dll
0x0000000056570000 - 0x0000000056e0a000 	E:\MyEclipse Professional 2017\binary\com.sun.java.jdk8.win32.x86_64_1.8.0.v112\jre\bin\server\jvm.dll
0x00007fff78fa0000 - 0x00007fff78fa8000 	C:\WINDOWS\System32\PSAPI.DLL
0x00007fff73d30000 - 0x00007fff73d53000 	C:\WINDOWS\SYSTEM32\WINMM.dll
0x00007fff673b0000 - 0x00007fff673b9000 	C:\WINDOWS\SYSTEM32\WSOCK32.dll
0x00007fff75d60000 - 0x00007fff75d6a000 	C:\WINDOWS\SYSTEM32\VERSION.dll
0x00007fff7b140000 - 0x00007fff7b1ac000 	C:\WINDOWS\System32\WS2_32.dll
0x00007fff73d00000 - 0x00007fff73d2a000 	C:\WINDOWS\SYSTEM32\winmmbase.dll
0x00007fff78a30000 - 0x00007fff78a79000 	C:\WINDOWS\System32\cfgmgr32.dll
0x00000000578f0000 - 0x00000000578ff000 	E:\MyEclipse Professional 2017\binary\com.sun.java.jdk8.win32.x86_64_1.8.0.v112\jre\bin\verify.dll
0x00000000578c0000 - 0x00000000578e9000 	E:\MyEclipse Professional 2017\binary\com.sun.java.jdk8.win32.x86_64_1.8.0.v112\jre\bin\java.dll
0x00000000578a0000 - 0x00000000578b6000 	E:\MyEclipse Professional 2017\binary\com.sun.java.jdk8.win32.x86_64_1.8.0.v112\jre\bin\zip.dll
0x00007fff79380000 - 0x00007fff7a7bf000 	C:\WINDOWS\System32\SHELL32.dll
0x00007fff7aa10000 - 0x00007fff7aab9000 	C:\WINDOWS\System32\shcore.dll
0x00007fff782a0000 - 0x00007fff789ad000 	C:\WINDOWS\System32\windows.storage.dll
0x00007fff7b0e0000 - 0x00007fff7b131000 	C:\WINDOWS\System32\shlwapi.dll
0x00007fff77df0000 - 0x00007fff77e01000 	C:\WINDOWS\System32\kernel.appcore.dll
0x00007fff77db0000 - 0x00007fff77dcf000 	C:\WINDOWS\System32\profapi.dll
0x00007fff77d60000 - 0x00007fff77dac000 	C:\WINDOWS\System32\powrprof.dll
0x00007fff77d50000 - 0x00007fff77d5a000 	C:\WINDOWS\System32\FLTLIB.DLL
0x00007fff77760000 - 0x00007fff77777000 	C:\WINDOWS\SYSTEM32\CRYPTSP.dll
0x00007fff77190000 - 0x00007fff771c3000 	C:\WINDOWS\system32\rsaenh.dll
0x00007fff77890000 - 0x00007fff778b5000 	C:\WINDOWS\SYSTEM32\bcrypt.dll
0x00007fff77c50000 - 0x00007fff77c78000 	C:\WINDOWS\SYSTEM32\USERENV.dll
0x00007fff77780000 - 0x00007fff7778b000 	C:\WINDOWS\SYSTEM32\CRYPTBASE.dll
0x0000000057880000 - 0x000000005789a000 	E:\MyEclipse Professional 2017\binary\com.sun.java.jdk8.win32.x86_64_1.8.0.v112\jre\bin\net.dll
0x00007fff775b0000 - 0x00007fff77616000 	C:\WINDOWS\system32\mswsock.dll
0x00007fff77330000 - 0x00007fff77368000 	C:\WINDOWS\SYSTEM32\IPHLPAPI.DLL
0x00007fff7b360000 - 0x00007fff7b368000 	C:\WINDOWS\System32\NSI.dll
0x00007fff6e9d0000 - 0x00007fff6e9e6000 	C:\WINDOWS\SYSTEM32\dhcpcsvc6.DLL
0x00007fff6eab0000 - 0x00007fff6eaca000 	C:\WINDOWS\SYSTEM32\dhcpcsvc.DLL
0x0000000057860000 - 0x0000000057871000 	E:\MyEclipse Professional 2017\binary\com.sun.java.jdk8.win32.x86_64_1.8.0.v112\jre\bin\nio.dll
0x00007fff75e20000 - 0x00007fff75e2a000 	C:\Users\belle\AppData\Local\Temp\jansi-1.17.1-4162181781182154853.dll
0x00007fff74320000 - 0x00007fff7432a000 	C:\Users\belle\AppData\Local\Temp\jansi-1.17.1-7908474106070416296.dll

VM Arguments:
jvm_args: -Dmaven.home=E:\maven\apache-maven-3.5.4 -Dclassworlds.conf=E:\2017MyEclipseWorkspaces\.metadata\.plugins\org.eclipse.m2e.launching\launches\m2conf3538336952456349714.tmp -Dmaven.multiModuleProjectDirectory=E:\GitWarehouse\ProvidentFund Maven Webapp -Dfile.encoding=GBK 
java_command: org.codehaus.plexus.classworlds.launcher.Launcher -B -gs E:\maven\apache-maven-3.5.4\conf\settings.xml -s E:\maven\apache-maven-3.5.4\conf\settings.xml tomcat7:run
java_class_path (initial): E:\maven\apache-maven-3.5.4\boot\plexus-classworlds-2.5.2.jar
Launcher Type: SUN_STANDARD

Environment Variables:
JAVA_HOME=E:\MyEclipse Professional 2017\binary\com.sun.java.jdk8.win32.x86_64_1.8.0.v112
CLASSPATH=.;E:\MyEclipse Professional 2017\binary\com.sun.java.jdk8.win32.x86_64_1.8.0.v112\lib\dt.jar;E:\MyEclipse Professional 2017\binary\com.sun.java.jdk8.win32.x86_64_1.8.0.v112\lib\tools.jar;
PATH=C:\app\belle\product\11.1.0\db_1\bin;C:\Program Files (x86)\Intel\iCLS Client\;C:\Program Files\Intel\iCLS Client\;C:\Windows\system32;C:\Windows;C:\Windows\System32\Wbem;C:\Windows\System32\WindowsPowerShell\v1.0\;C:\Program Files (x86)\Intel\Intel(R) Management Engine Components\DAL;C:\Program Files\Intel\Intel(R) Management Engine Components\DAL;C:\Program Files (x86)\Intel\Intel(R) Management Engine Components\IPT;C:\Program Files\Intel\Intel(R) Management Engine Components\IPT;C:\Program Files (x86)\NVIDIA Corporation\PhysX\Common;C:\WINDOWS\system32;C:\WINDOWS;C:\WINDOWS\System32\Wbem;C:\WINDOWS\System32\WindowsPowerShell\v1.0\;C:\Program Files (x86)\Microsoft SQL Server\Client SDK\ODBC\110\Tools\Binn\;C:\Program Files (x86)\Microsoft SQL Server\120\Tools\Binn\;C:\Program Files (x86)\Microsoft SQL Server\120\DTS\Binn\;C:\Program Files (x86)\Microsoft SQL Server\120\Tools\Binn\ManagementStudio\;E:\MyEclipse Professional 2017\binary\com.sun.java.jdk8.win32.x86_64_1.8.0.v112\bin;C:\Program Files\TortoiseSVN\bin;C:\Program Files (x86)\VisualSVN Server\bin;E:\maven\apache-maven-3.5.4\bin;C:\WINDOWS\System32\OpenSSH\;E:\maven\apache-maven-3.5.4\bin;E:\安装文件位置\Node.js\;;E:\安装文件位置\Git\cmd;C:\Users\belle\AppData\Local\Microsoft\WindowsApps;C:\Users\belle\AppData\Roaming\npm
USERNAME=belle
OS=Windows_NT
PROCESSOR_IDENTIFIER=Intel64 Family 6 Model 78 Stepping 3, GenuineIntel



---------------  S Y S T E M  ---------------

OS: Windows 10.0 , 64 bit Build 17134 (10.0.17134.1)

CPU:total 4 (2 cores per cpu, 2 threads per core) family 6 model 78 stepping 3, cmov, cx8, fxsr, mmx, sse, sse2, sse3, ssse3, sse4.1, sse4.2, popcnt, avx, avx2, aes, clmul, erms, 3dnowpref, lzcnt, ht, tsc, tscinvbit, bmi1, bmi2, adx

Memory: 4k page, physical 4058244k(643316k free), swap 6155396k(3096k free)

vm_info: Java HotSpot(TM) 64-Bit Server VM (25.112-b15) for windows-amd64 JRE (1.8.0_112-b15), built on Sep 22 2016 21:31:56 by "java_re" with MS VC++ 10.0 (VS2010)

time: Sun Nov 11 18:07:10 2018
elapsed time: 4 seconds (0d 0h 0m 4s)

