#
# There is insufficient memory for the Java Runtime Environment to continue.
# Native memory allocation (malloc) failed to allocate 262160 bytes for Chunk::new
# Possible reasons:
#   The system is out of physical RAM or swap space
#   In 32 bit mode, the process size limit was hit
# Possible solutions:
#   Reduce memory load on the system
#   Increase physical memory or swap space
#   Check if swap backing store is full
#   Use 64 bit Java on a 64 bit OS
#   Decrease Java heap size (-Xmx/-Xms)
#   Decrease number of Java threads
#   Decrease Java thread stack sizes (-Xss)
#   Set larger code cache with -XX:ReservedCodeCacheSize=
# This output file may be truncated or incomplete.
#
#  Out of Memory Error (allocation.cpp:390), pid=14240, tid=0x000000000000276c
#
# JRE version: Java(TM) SE Runtime Environment (8.0_112-b15) (build 1.8.0_112-b15)
# Java VM: Java HotSpot(TM) 64-Bit Server VM (25.112-b15 mixed mode windows-amd64 compressed oops)
# Failed to write core dump. Minidumps are not enabled by default on client versions of Windows
#

---------------  T H R E A D  ---------------

Current thread (0x000000001542d000):  JavaThread "C2 CompilerThread1" daemon [_thread_in_native, id=10092, stack(0x0000000016e70000,0x0000000016f70000)]

Stack: [0x0000000016e70000,0x0000000016f70000]
[error occurred during error reporting (printing stack bounds), id 0xc0000005]

Native frames: (J=compiled Java code, j=interpreted, Vv=VM code, C=native code)


Current CompileTask:
C2:  39290 4152   !   4       org.apache.catalina.startup.ContextConfig::checkHandlesTypes (453 bytes)


---------------  P R O C E S S  ---------------

Java Threads: ( => current thread )
  0x00000000169e0000 JavaThread "localhost-startStop-1" daemon [_thread_blocked, id=14236, stack(0x000000001da20000,0x000000001db20000)]
  0x000000001ba17800 JavaThread "Tomcat-startStop-1" daemon [_thread_blocked, id=13784, stack(0x000000001d920000,0x000000001da20000)]
  0x00000000167fd000 JavaThread "Service Thread" daemon [_thread_blocked, id=13948, stack(0x0000000017070000,0x0000000017170000)]
  0x000000001543a800 JavaThread "C1 CompilerThread2" daemon [_thread_blocked, id=16080, stack(0x0000000016f70000,0x0000000017070000)]
=>0x000000001542d000 JavaThread "C2 CompilerThread1" daemon [_thread_in_native, id=10092, stack(0x0000000016e70000,0x0000000016f70000)]
  0x0000000015421000 JavaThread "C2 CompilerThread0" daemon [_thread_in_native, id=16808, stack(0x0000000016d70000,0x0000000016e70000)]
  0x000000001541f800 JavaThread "Attach Listener" daemon [_thread_blocked, id=14132, stack(0x0000000016c70000,0x0000000016d70000)]
  0x00000000167b3800 JavaThread "Signal Dispatcher" daemon [_thread_blocked, id=4548, stack(0x0000000016b70000,0x0000000016c70000)]
  0x00000000153ff800 JavaThread "Finalizer" daemon [_thread_blocked, id=16212, stack(0x0000000016670000,0x0000000016770000)]
  0x0000000002e64000 JavaThread "Reference Handler" daemon [_thread_blocked, id=8568, stack(0x0000000016570000,0x0000000016670000)]
  0x000000000290e000 JavaThread "main" [_thread_blocked, id=16364, stack(0x0000000002c70000,0x0000000002d70000)]

Other Threads:
  0x00000000153d8000 VMThread [stack: 0x0000000016470000,0x0000000016570000] [id=15848]
  0x0000000016856800 WatcherThread [stack: 0x0000000017170000,0x0000000017270000] [id=11808]

VM state:at safepoint (normal execution)

VM Mutex/Monitor currently owned by a thread:  ([mutex/lock_event])
[0x000000000290d8b0] Threads_lock - owner thread: 0x00000000153d8000
[0x0000000002d71cd0] Heap_lock - owner thread: 0x00000000169e0000

Heap:
 PSYoungGen      total 75776K, used 10664K [0x00000000eb580000, 0x00000000f0e00000, 0x0000000100000000)
  eden space 63488K, 0% used [0x00000000eb580000,0x00000000eb580000,0x00000000ef380000)
  from space 12288K, 86% used [0x00000000f0080000,0x00000000f0aea1d0,0x00000000f0c80000)
  to   space 13312K, 0% used [0x00000000ef380000,0x00000000ef380000,0x00000000f0080000)
 ParOldGen       total 33792K, used 31058K [0x00000000c2000000, 0x00000000c4100000, 0x00000000eb580000)
  object space 33792K, 91% used [0x00000000c2000000,0x00000000c3e54ab8,0x00000000c4100000)
 Metaspace       used 23932K, capacity 24392K, committed 24496K, reserved 1071104K
  class space    used 2786K, capacity 2933K, committed 2992K, reserved 1048576K

Card table byte_map: [0x0000000012230000,0x0000000012430000] byte_map_base: 0x0000000011c20000

Marking Bits: (ParMarkBitMap*) 0x0000000056d8a6d0
 Begin Bits: [0x0000000012980000, 0x0000000013900000)
 End Bits:   [0x0000000013900000, 0x0000000014880000)

Polling page: 0x00000000011d0000

CodeCache: size=245760Kb used=13092Kb max_used=13092Kb free=232667Kb
 bounds [0x0000000002e70000, 0x0000000003b50000, 0x0000000011e70000]
 total_blobs=4014 nmethods=3603 adapters=323
 compilation: enabled

Compilation events (10 events):
Event: 37.510 Thread 0x000000001543a800 4178       3       org.apache.tomcat.util.bcel.classfile.ParameterAnnotations::<init> (16 bytes)
Event: 37.510 Thread 0x000000001543a800 nmethod 4178 0x0000000003b30f90 code [0x0000000003b31100, 0x0000000003b31490]
Event: 37.511 Thread 0x000000001543a800 4179       3       org.apache.tomcat.util.bcel.classfile.ParameterAnnotations::setParameterAnnotationTable (20 bytes)
Event: 37.511 Thread 0x000000001543a800 nmethod 4179 0x0000000003b33710 code [0x0000000003b33860, 0x0000000003b33a30]
Event: 37.512 Thread 0x000000001543a800 4180       3       org.apache.tomcat.util.bcel.classfile.ParameterAnnotations::<init> (70 bytes)
Event: 37.513 Thread 0x000000001543a800 nmethod 4180 0x0000000003b46a90 code [0x0000000003b46c80, 0x0000000003b47668]
Event: 37.711 Thread 0x000000001543a800 4181       3       org.apache.tomcat.util.bcel.classfile.Deprecated::<init> (40 bytes)
Event: 37.711 Thread 0x000000001543a800 nmethod 4181 0x0000000003b30550 code [0x0000000003b30700, 0x0000000003b30d18]
Event: 38.018 Thread 0x000000001543a800 4183       3       java.util.zip.Inflater::finalize (5 bytes)
Event: 38.019 Thread 0x000000001543a800 nmethod 4183 0x0000000003b47bd0 code [0x0000000003b47d40, 0x0000000003b47ee8]

GC Heap History (10 events):
Event: 37.528 GC heap after
Heap after GC invocations=26 (full 1):
 PSYoungGen      total 49664K, used 8101K [0x00000000eb580000, 0x00000000efc00000, 0x0000000100000000)
  eden space 41472K, 0% used [0x00000000eb580000,0x00000000eb580000,0x00000000ede00000)
  from space 8192K, 98% used [0x00000000ede00000,0x00000000ee5e94e8,0x00000000ee600000)
  to   space 9216K, 0% used [0x00000000ef300000,0x00000000ef300000,0x00000000efc00000)
 ParOldGen       total 33792K, used 29782K [0x00000000c2000000, 0x00000000c4100000, 0x00000000eb580000)
  object space 33792K, 88% used [0x00000000c2000000,0x00000000c3d15998,0x00000000c4100000)
 Metaspace       used 23932K, capacity 24392K, committed 24496K, reserved 1071104K
  class space    used 2786K, capacity 2933K, committed 2992K, reserved 1048576K
}
Event: 37.824 GC heap before
{Heap before GC invocations=27 (full 1):
 PSYoungGen      total 49664K, used 49573K [0x00000000eb580000, 0x00000000efc00000, 0x0000000100000000)
  eden space 41472K, 100% used [0x00000000eb580000,0x00000000ede00000,0x00000000ede00000)
  from space 8192K, 98% used [0x00000000ede00000,0x00000000ee5e94e8,0x00000000ee600000)
  to   space 9216K, 0% used [0x00000000ef300000,0x00000000ef300000,0x00000000efc00000)
 ParOldGen       total 33792K, used 29782K [0x00000000c2000000, 0x00000000c4100000, 0x00000000eb580000)
  object space 33792K, 88% used [0x00000000c2000000,0x00000000c3d15998,0x00000000c4100000)
 Metaspace       used 23932K, capacity 24392K, committed 24496K, reserved 1071104K
  class space    used 2786K, capacity 2933K, committed 2992K, reserved 1048576K
Event: 37.841 GC heap after
Heap after GC invocations=27 (full 1):
 PSYoungGen      total 61952K, used 8811K [0x00000000eb580000, 0x00000000efe00000, 0x0000000100000000)
  eden space 52736K, 0% used [0x00000000eb580000,0x00000000eb580000,0x00000000ee900000)
  from space 9216K, 95% used [0x00000000ef300000,0x00000000efb9ad18,0x00000000efc00000)
  to   space 10240K, 0% used [0x00000000ee900000,0x00000000ee900000,0x00000000ef300000)
 ParOldGen       total 33792K, used 31361K [0x00000000c2000000, 0x00000000c4100000, 0x00000000eb580000)
  object space 33792K, 92% used [0x00000000c2000000,0x00000000c3ea07b8,0x00000000c4100000)
 Metaspace       used 23932K, capacity 24392K, committed 24496K, reserved 1071104K
  class space    used 2786K, capacity 2933K, committed 2992K, reserved 1048576K
}
Event: 37.841 GC heap before
{Heap before GC invocations=28 (full 2):
 PSYoungGen      total 61952K, used 8811K [0x00000000eb580000, 0x00000000efe00000, 0x0000000100000000)
  eden space 52736K, 0% used [0x00000000eb580000,0x00000000eb580000,0x00000000ee900000)
  from space 9216K, 95% used [0x00000000ef300000,0x00000000efb9ad18,0x00000000efc00000)
  to   space 10240K, 0% used [0x00000000ee900000,0x00000000ee900000,0x00000000ef300000)
 ParOldGen       total 33792K, used 31361K [0x00000000c2000000, 0x00000000c4100000, 0x00000000eb580000)
  object space 33792K, 92% used [0x00000000c2000000,0x00000000c3ea07b8,0x00000000c4100000)
 Metaspace       used 23932K, capacity 24392K, committed 24496K, reserved 1071104K
  class space    used 2786K, capacity 2933K, committed 2992K, reserved 1048576K
Event: 38.011 GC heap after
Heap after GC invocations=28 (full 2):
 PSYoungGen      total 61952K, used 0K [0x00000000eb580000, 0x00000000efe00000, 0x0000000100000000)
  eden space 52736K, 0% used [0x00000000eb580000,0x00000000eb580000,0x00000000ee900000)
  from space 9216K, 0% used [0x00000000ef300000,0x00000000ef300000,0x00000000efc00000)
  to   space 10240K, 0% used [0x00000000ee900000,0x00000000ee900000,0x00000000ef300000)
 ParOldGen       total 33792K, used 27935K [0x00000000c2000000, 0x00000000c4100000, 0x00000000eb580000)
  object space 33792K, 82% used [0x00000000c2000000,0x00000000c3b47e70,0x00000000c4100000)
 Metaspace       used 23932K, capacity 24392K, committed 24496K, reserved 1071104K
  class space    used 2786K, capacity 2933K, committed 2992K, reserved 1048576K
}
Event: 38.519 GC heap before
{Heap before GC invocations=29 (full 2):
 PSYoungGen      total 61952K, used 52736K [0x00000000eb580000, 0x00000000efe00000, 0x0000000100000000)
  eden space 52736K, 100% used [0x00000000eb580000,0x00000000ee900000,0x00000000ee900000)
  from space 9216K, 0% used [0x00000000ef300000,0x00000000ef300000,0x00000000efc00000)
  to   space 10240K, 0% used [0x00000000ee900000,0x00000000ee900000,0x00000000ef300000)
 ParOldGen       total 33792K, used 27935K [0x00000000c2000000, 0x00000000c4100000, 0x00000000eb580000)
  object space 33792K, 82% used [0x00000000c2000000,0x00000000c3b47e70,0x00000000c4100000)
 Metaspace       used 23932K, capacity 24392K, committed 24496K, reserved 1071104K
  class space    used 2786K, capacity 2933K, committed 2992K, reserved 1048576K
Event: 38.533 GC heap after
Heap after GC invocations=29 (full 2):
 PSYoungGen      total 62976K, used 10236K [0x00000000eb580000, 0x00000000f0c80000, 0x0000000100000000)
  eden space 52736K, 0% used [0x00000000eb580000,0x00000000eb580000,0x00000000ee900000)
  from space 10240K, 99% used [0x00000000ee900000,0x00000000ef2ff108,0x00000000ef300000)
  to   space 12288K, 0% used [0x00000000f0080000,0x00000000f0080000,0x00000000f0c80000)
 ParOldGen       total 33792K, used 28769K [0x00000000c2000000, 0x00000000c4100000, 0x00000000eb580000)
  object space 33792K, 85% used [0x00000000c2000000,0x00000000c3c18708,0x00000000c4100000)
 Metaspace       used 23932K, capacity 24392K, committed 24496K, reserved 1071104K
  class space    used 2786K, capacity 2933K, committed 2992K, reserved 1048576K
}
Event: 39.125 GC heap before
{Heap before GC invocations=30 (full 2):
 PSYoungGen      total 62976K, used 62972K [0x00000000eb580000, 0x00000000f0c80000, 0x0000000100000000)
  eden space 52736K, 100% used [0x00000000eb580000,0x00000000ee900000,0x00000000ee900000)
  from space 10240K, 99% used [0x00000000ee900000,0x00000000ef2ff108,0x00000000ef300000)
  to   space 12288K, 0% used [0x00000000f0080000,0x00000000f0080000,0x00000000f0c80000)
 ParOldGen       total 33792K, used 28769K [0x00000000c2000000, 0x00000000c4100000, 0x00000000eb580000)
  object space 33792K, 85% used [0x00000000c2000000,0x00000000c3c18708,0x00000000c4100000)
 Metaspace       used 23932K, capacity 24392K, committed 24496K, reserved 1071104K
  class space    used 2786K, capacity 2933K, committed 2992K, reserved 1048576K
Event: 39.143 GC heap after
Heap after GC invocations=30 (full 2):
 PSYoungGen      total 75776K, used 10664K [0x00000000eb580000, 0x00000000f0e00000, 0x0000000100000000)
  eden space 63488K, 0% used [0x00000000eb580000,0x00000000eb580000,0x00000000ef380000)
  from space 12288K, 86% used [0x00000000f0080000,0x00000000f0aea1d0,0x00000000f0c80000)
  to   space 13312K, 0% used [0x00000000ef380000,0x00000000ef380000,0x00000000f0080000)
 ParOldGen       total 33792K, used 31058K [0x00000000c2000000, 0x00000000c4100000, 0x00000000eb580000)
  object space 33792K, 91% used [0x00000000c2000000,0x00000000c3e54ab8,0x00000000c4100000)
 Metaspace       used 23932K, capacity 24392K, committed 24496K, reserved 1071104K
  class space    used 2786K, capacity 2933K, committed 2992K, reserved 1048576K
}
Event: 39.143 GC heap before
{Heap before GC invocations=31 (full 3):
 PSYoungGen      total 75776K, used 10664K [0x00000000eb580000, 0x00000000f0e00000, 0x0000000100000000)
  eden space 63488K, 0% used [0x00000000eb580000,0x00000000eb580000,0x00000000ef380000)
  from space 12288K, 86% used [0x00000000f0080000,0x00000000f0aea1d0,0x00000000f0c80000)
  to   space 13312K, 0% used [0x00000000ef380000,0x00000000ef380000,0x00000000f0080000)
 ParOldGen       total 33792K, used 31058K [0x00000000c2000000, 0x00000000c4100000, 0x00000000eb580000)
  object space 33792K, 91% used [0x00000000c2000000,0x00000000c3e54ab8,0x00000000c4100000)
 Metaspace       used 23932K, capacity 24392K, committed 24496K, reserved 1071104K
  class space    used 2786K, capacity 2933K, committed 2992K, reserved 1048576K

Deoptimization events (10 events):
Event: 34.557 Thread 0x00000000169e0000 Uncommon trap: reason=class_check action=maybe_recompile pc=0x00000000038bbf1c method=com.sun.org.apache.xerces.internal.impl.XMLDocumentFragmentScannerImpl.scanEndElement()I @ 145
Event: 35.493 Thread 0x00000000169e0000 Uncommon trap: reason=unloaded action=reinterpret pc=0x00000000034dd040 method=org.apache.tomcat.util.bcel.classfile.Constant.readConstant(Ljava/io/DataInputStream;)Lorg/apache/tomcat/util/bcel/classfile/Constant; @ 155
Event: 35.494 Thread 0x00000000169e0000 Uncommon trap: reason=unloaded action=reinterpret pc=0x00000000034cb014 method=org.apache.tomcat.util.bcel.classfile.Attribute.readAttribute(Ljava/io/DataInputStream;Lorg/apache/tomcat/util/bcel/classfile/ConstantPool;)Lorg/apache/tomcat/util/bcel/classfi
Event: 35.555 Thread 0x00000000169e0000 Uncommon trap: reason=unstable_if action=reinterpret pc=0x0000000003085c30 method=org.codehaus.plexus.classworlds.realm.Entry.matches(Ljava/lang/String;)Z @ 209
Event: 35.584 Thread 0x00000000169e0000 Uncommon trap: reason=unloaded action=reinterpret pc=0x0000000003aa9e34 method=org.apache.tomcat.util.bcel.classfile.Constant.readConstant(Ljava/io/DataInputStream;)Lorg/apache/tomcat/util/bcel/classfile/Constant; @ 164
Event: 35.800 Thread 0x00000000169e0000 Uncommon trap: reason=unstable_if action=reinterpret pc=0x0000000003a94704 method=org.apache.tomcat.util.bcel.classfile.ConstantUtf8$1.removeEldestEntry(Ljava/util/Map$Entry;)Z @ 7
Event: 35.939 Thread 0x00000000169e0000 Uncommon trap: reason=unstable_if action=reinterpret pc=0x00000000038659a8 method=java.util.HashMap.removeNode(ILjava/lang/Object;Ljava/lang/Object;ZZ)Ljava/util/HashMap$Node; @ 71
Event: 36.100 Thread 0x00000000169e0000 Uncommon trap: reason=unstable_if action=reinterpret pc=0x000000000330e024 method=java.util.HashMap.removeNode(ILjava/lang/Object;Ljava/lang/Object;ZZ)Ljava/util/HashMap$Node; @ 71
Event: 36.347 Thread 0x00000000169e0000 Uncommon trap: reason=unstable_if action=reinterpret pc=0x000000000320e1f8 method=java.util.jar.JarFile.maybeInstantiateVerifier()V @ 21
Event: 37.384 Thread 0x00000000169e0000 Uncommon trap: reason=unloaded action=reinterpret pc=0x0000000003b0968c method=org.apache.tomcat.util.bcel.classfile.Attribute.readAttribute(Ljava/io/DataInputStream;Lorg/apache/tomcat/util/bcel/classfile/ConstantPool;)Lorg/apache/tomcat/util/bcel/classfi

Internal exceptions (10 events):
Event: 36.259 Thread 0x00000000169e0000 Exception <a 'java/security/PrivilegedActionException'> (0x00000000ec2657d8) thrown at [C:\re\workspace\8-2-build-windows-amd64-cygwin\jdk8u112\7884\hotspot\src\share\vm\prims\jvm.cpp, line 1390]
Event: 36.260 Thread 0x00000000169e0000 Exception <a 'java/security/PrivilegedActionException'> (0x00000000ec2808b0) thrown at [C:\re\workspace\8-2-build-windows-amd64-cygwin\jdk8u112\7884\hotspot\src\share\vm\prims\jvm.cpp, line 1390]
Event: 36.260 Thread 0x00000000169e0000 Exception <a 'java/security/PrivilegedActionException'> (0x00000000ec280ca8) thrown at [C:\re\workspace\8-2-build-windows-amd64-cygwin\jdk8u112\7884\hotspot\src\share\vm\prims\jvm.cpp, line 1390]
Event: 36.261 Thread 0x00000000169e0000 Exception <a 'java/security/PrivilegedActionException'> (0x00000000ec2bbd48) thrown at [C:\re\workspace\8-2-build-windows-amd64-cygwin\jdk8u112\7884\hotspot\src\share\vm\prims\jvm.cpp, line 1390]
Event: 36.261 Thread 0x00000000169e0000 Exception <a 'java/security/PrivilegedActionException'> (0x00000000ec2bc140) thrown at [C:\re\workspace\8-2-build-windows-amd64-cygwin\jdk8u112\7884\hotspot\src\share\vm\prims\jvm.cpp, line 1390]
Event: 36.262 Thread 0x00000000169e0000 Exception <a 'java/security/PrivilegedActionException'> (0x00000000ec2e9d30) thrown at [C:\re\workspace\8-2-build-windows-amd64-cygwin\jdk8u112\7884\hotspot\src\share\vm\prims\jvm.cpp, line 1390]
Event: 36.262 Thread 0x00000000169e0000 Exception <a 'java/security/PrivilegedActionException'> (0x00000000ec2ea128) thrown at [C:\re\workspace\8-2-build-windows-amd64-cygwin\jdk8u112\7884\hotspot\src\share\vm\prims\jvm.cpp, line 1390]
Event: 36.263 Thread 0x00000000169e0000 Exception <a 'java/security/PrivilegedActionException'> (0x00000000ec344f48) thrown at [C:\re\workspace\8-2-build-windows-amd64-cygwin\jdk8u112\7884\hotspot\src\share\vm\prims\jvm.cpp, line 1390]
Event: 36.263 Thread 0x00000000169e0000 Exception <a 'java/security/PrivilegedActionException'> (0x00000000ec345340) thrown at [C:\re\workspace\8-2-build-windows-amd64-cygwin\jdk8u112\7884\hotspot\src\share\vm\prims\jvm.cpp, line 1390]
Event: 36.347 Thread 0x00000000169e0000 Implicit null exception at 0x000000000320de33 to 0x000000000320e1e9

Events (10 events):
Event: 38.011 Executing VM operation: ParallelGCFailedAllocation done
Event: 38.011 Executing VM operation: RevokeBias
Event: 38.011 Executing VM operation: RevokeBias done
Event: 38.012 Executing VM operation: RevokeBias
Event: 38.012 Executing VM operation: RevokeBias done
Event: 38.519 Executing VM operation: ParallelGCFailedAllocation
Event: 38.533 Executing VM operation: ParallelGCFailedAllocation done
Event: 38.534 Executing VM operation: RevokeBias
Event: 38.534 Executing VM operation: RevokeBias done
Event: 39.125 Executing VM operation: ParallelGCFailedAllocation


Dynamic libraries:
0x00007ff63c790000 - 0x00007ff63c7c7000 	E:\MyEclipse Professional 2017\binary\com.sun.java.jdk8.win32.x86_64_1.8.0.v112\bin\javaw.exe
0x00007fff7ba40000 - 0x00007fff7bc21000 	C:\WINDOWS\SYSTEM32\ntdll.dll
0x00007fff7b390000 - 0x00007fff7b442000 	C:\WINDOWS\System32\KERNEL32.DLL
0x00007fff77e30000 - 0x00007fff780a3000 	C:\WINDOWS\System32\KERNELBASE.dll
0x00007fff7b1b0000 - 0x00007fff7b251000 	C:\WINDOWS\System32\ADVAPI32.dll
0x00007fff7b2c0000 - 0x00007fff7b35e000 	C:\WINDOWS\System32\msvcrt.dll
0x00007fff7b260000 - 0x00007fff7b2bb000 	C:\WINDOWS\System32\sechost.dll
0x00007fff7b450000 - 0x00007fff7b574000 	C:\WINDOWS\System32\RPCRT4.dll
0x00007fff791f0000 - 0x00007fff79380000 	C:\WINDOWS\System32\USER32.dll
0x00007fff77e10000 - 0x00007fff77e30000 	C:\WINDOWS\System32\win32u.dll
0x00007fff7a7c0000 - 0x00007fff7a7e8000 	C:\WINDOWS\System32\GDI32.dll
0x00007fff78c30000 - 0x00007fff78dc2000 	C:\WINDOWS\System32\gdi32full.dll
0x00007fff78ae0000 - 0x00007fff78b7f000 	C:\WINDOWS\System32\msvcp_win.dll
0x00007fff78dd0000 - 0x00007fff78eca000 	C:\WINDOWS\System32\ucrtbase.dll
0x00007fff6b290000 - 0x00007fff6b4f9000 	C:\WINDOWS\WinSxS\amd64_microsoft.windows.common-controls_6595b64144ccf1df_6.0.17134.345_none_fb429a5930656358\COMCTL32.dll
0x00007fff7b6e0000 - 0x00007fff7ba03000 	C:\WINDOWS\System32\combase.dll
0x00007fff789b0000 - 0x00007fff78a2a000 	C:\WINDOWS\System32\bcryptPrimitives.dll
0x00007fff7aac0000 - 0x00007fff7aaed000 	C:\WINDOWS\System32\IMM32.DLL
0x0000000057720000 - 0x00000000577f2000 	E:\MyEclipse Professional 2017\binary\com.sun.java.jdk8.win32.x86_64_1.8.0.v112\jre\bin\msvcr100.dll
0x0000000056570000 - 0x0000000056e0a000 	E:\MyEclipse Professional 2017\binary\com.sun.java.jdk8.win32.x86_64_1.8.0.v112\jre\bin\server\jvm.dll
0x00007fff78fa0000 - 0x00007fff78fa8000 	C:\WINDOWS\System32\PSAPI.DLL
0x00007fff73d30000 - 0x00007fff73d53000 	C:\WINDOWS\SYSTEM32\WINMM.dll
0x00007fff673b0000 - 0x00007fff673b9000 	C:\WINDOWS\SYSTEM32\WSOCK32.dll
0x00007fff75d60000 - 0x00007fff75d6a000 	C:\WINDOWS\SYSTEM32\VERSION.dll
0x00007fff7b140000 - 0x00007fff7b1ac000 	C:\WINDOWS\System32\WS2_32.dll
0x00007fff73d00000 - 0x00007fff73d2a000 	C:\WINDOWS\SYSTEM32\winmmbase.dll
0x00007fff78a30000 - 0x00007fff78a79000 	C:\WINDOWS\System32\cfgmgr32.dll
0x00000000578f0000 - 0x00000000578ff000 	E:\MyEclipse Professional 2017\binary\com.sun.java.jdk8.win32.x86_64_1.8.0.v112\jre\bin\verify.dll
0x00000000578c0000 - 0x00000000578e9000 	E:\MyEclipse Professional 2017\binary\com.sun.java.jdk8.win32.x86_64_1.8.0.v112\jre\bin\java.dll
0x00000000578a0000 - 0x00000000578b6000 	E:\MyEclipse Professional 2017\binary\com.sun.java.jdk8.win32.x86_64_1.8.0.v112\jre\bin\zip.dll
0x00007fff79380000 - 0x00007fff7a7bf000 	C:\WINDOWS\System32\SHELL32.dll
0x00007fff7aa10000 - 0x00007fff7aab9000 	C:\WINDOWS\System32\shcore.dll
0x00007fff782a0000 - 0x00007fff789ad000 	C:\WINDOWS\System32\windows.storage.dll
0x00007fff7b0e0000 - 0x00007fff7b131000 	C:\WINDOWS\System32\shlwapi.dll
0x00007fff77df0000 - 0x00007fff77e01000 	C:\WINDOWS\System32\kernel.appcore.dll
0x00007fff77db0000 - 0x00007fff77dcf000 	C:\WINDOWS\System32\profapi.dll
0x00007fff77d60000 - 0x00007fff77dac000 	C:\WINDOWS\System32\powrprof.dll
0x00007fff77d50000 - 0x00007fff77d5a000 	C:\WINDOWS\System32\FLTLIB.DLL
0x00007fff77760000 - 0x00007fff77777000 	C:\WINDOWS\SYSTEM32\CRYPTSP.dll
0x00007fff77190000 - 0x00007fff771c3000 	C:\WINDOWS\system32\rsaenh.dll
0x00007fff77890000 - 0x00007fff778b5000 	C:\WINDOWS\SYSTEM32\bcrypt.dll
0x00007fff77c50000 - 0x00007fff77c78000 	C:\WINDOWS\SYSTEM32\USERENV.dll
0x00007fff77780000 - 0x00007fff7778b000 	C:\WINDOWS\SYSTEM32\CRYPTBASE.dll
0x0000000057880000 - 0x000000005789a000 	E:\MyEclipse Professional 2017\binary\com.sun.java.jdk8.win32.x86_64_1.8.0.v112\jre\bin\net.dll
0x00007fff775b0000 - 0x00007fff77616000 	C:\WINDOWS\system32\mswsock.dll
0x00007fff77330000 - 0x00007fff77368000 	C:\WINDOWS\SYSTEM32\IPHLPAPI.DLL
0x00007fff7b360000 - 0x00007fff7b368000 	C:\WINDOWS\System32\NSI.dll
0x00007fff6e9d0000 - 0x00007fff6e9e6000 	C:\WINDOWS\SYSTEM32\dhcpcsvc6.DLL
0x00007fff6eab0000 - 0x00007fff6eaca000 	C:\WINDOWS\SYSTEM32\dhcpcsvc.DLL
0x0000000057860000 - 0x0000000057871000 	E:\MyEclipse Professional 2017\binary\com.sun.java.jdk8.win32.x86_64_1.8.0.v112\jre\bin\nio.dll
0x00007fff70ed0000 - 0x00007fff70eda000 	C:\Users\belle\AppData\Local\Temp\jansi-1.17.1-5165131087427608781.dll
0x00007fff70d50000 - 0x00007fff70d5a000 	C:\Users\belle\AppData\Local\Temp\jansi-1.17.1-4954707271699619368.dll
0x0000000057700000 - 0x000000005770d000 	E:\MyEclipse Professional 2017\binary\com.sun.java.jdk8.win32.x86_64_1.8.0.v112\jre\bin\management.dll

VM Arguments:
jvm_args: -Dmaven.home=E:\maven\apache-maven-3.5.4 -Dclassworlds.conf=E:\2017MyEclipseWorkspaces\.metadata\.plugins\org.eclipse.m2e.launching\launches\m2conf3934399374208256278.tmp -Dmaven.multiModuleProjectDirectory=E:\GitWarehouse\ProvidentFund Maven Webapp -Dfile.encoding=GBK 
java_command: org.codehaus.plexus.classworlds.launcher.Launcher -B -gs E:\maven\apache-maven-3.5.4\conf\settings.xml -s E:\maven\apache-maven-3.5.4\conf\settings.xml tomcat7:run
java_class_path (initial): E:\maven\apache-maven-3.5.4\boot\plexus-classworlds-2.5.2.jar
Launcher Type: SUN_STANDARD

Environment Variables:
JAVA_HOME=E:\MyEclipse Professional 2017\binary\com.sun.java.jdk8.win32.x86_64_1.8.0.v112
CLASSPATH=.;E:\MyEclipse Professional 2017\binary\com.sun.java.jdk8.win32.x86_64_1.8.0.v112\lib\dt.jar;E:\MyEclipse Professional 2017\binary\com.sun.java.jdk8.win32.x86_64_1.8.0.v112\lib\tools.jar;
PATH=C:\app\belle\product\11.1.0\db_1\bin;C:\Program Files (x86)\Intel\iCLS Client\;C:\Program Files\Intel\iCLS Client\;C:\Windows\system32;C:\Windows;C:\Windows\System32\Wbem;C:\Windows\System32\WindowsPowerShell\v1.0\;C:\Program Files (x86)\Intel\Intel(R) Management Engine Components\DAL;C:\Program Files\Intel\Intel(R) Management Engine Components\DAL;C:\Program Files (x86)\Intel\Intel(R) Management Engine Components\IPT;C:\Program Files\Intel\Intel(R) Management Engine Components\IPT;C:\Program Files (x86)\NVIDIA Corporation\PhysX\Common;C:\WINDOWS\system32;C:\WINDOWS;C:\WINDOWS\System32\Wbem;C:\WINDOWS\System32\WindowsPowerShell\v1.0\;C:\Program Files (x86)\Microsoft SQL Server\Client SDK\ODBC\110\Tools\Binn\;C:\Program Files (x86)\Microsoft SQL Server\120\Tools\Binn\;C:\Program Files (x86)\Microsoft SQL Server\120\DTS\Binn\;C:\Program Files (x86)\Microsoft SQL Server\120\Tools\Binn\ManagementStudio\;E:\MyEclipse Professional 2017\binary\com.sun.java.jdk8.win32.x86_64_1.8.0.v112\bin;C:\Program Files\TortoiseSVN\bin;C:\Program Files (x86)\VisualSVN Server\bin;E:\maven\apache-maven-3.5.4\bin;C:\WINDOWS\System32\OpenSSH\;E:\maven\apache-maven-3.5.4\bin;E:\安装文件位置\Node.js\;;E:\安装文件位置\Git\cmd;C:\Users\belle\AppData\Local\Microsoft\WindowsApps;C:\Users\belle\AppData\Roaming\npm
USERNAME=belle
OS=Windows_NT
PROCESSOR_IDENTIFIER=Intel64 Family 6 Model 78 Stepping 3, GenuineIntel



---------------  S Y S T E M  ---------------

OS: Windows 10.0 , 64 bit Build 17134 (10.0.17134.1)

CPU:total 4 (2 cores per cpu, 2 threads per core) family 6 model 78 stepping 3, cmov, cx8, fxsr, mmx, sse, sse2, sse3, ssse3, sse4.1, sse4.2, popcnt, avx, avx2, aes, clmul, erms, 3dnowpref, lzcnt, ht, tsc, tscinvbit, bmi1, bmi2, adx

Memory: 4k page, physical 4058244k(355612k free), swap 6155396k(3288k free)

vm_info: Java HotSpot(TM) 64-Bit Server VM (25.112-b15) for windows-amd64 JRE (1.8.0_112-b15), built on Sep 22 2016 21:31:56 by "java_re" with MS VC++ 10.0 (VS2010)

time: Sat Nov 10 21:58:10 2018
elapsed time: 39 seconds (0d 0h 0m 39s)

