#
# There is insufficient memory for the Java Runtime Environment to continue.
# Native memory allocation (malloc) failed to allocate 2368176 bytes for Chunk::new
# Possible reasons:
#   The system is out of physical RAM or swap space
#   In 32 bit mode, the process size limit was hit
# Possible solutions:
#   Reduce memory load on the system
#   Increase physical memory or swap space
#   Check if swap backing store is full
#   Use 64 bit Java on a 64 bit OS
#   Decrease Java heap size (-Xmx/-Xms)
#   Decrease number of Java threads
#   Decrease Java thread stack sizes (-Xss)
#   Set larger code cache with -XX:ReservedCodeCacheSize=
# This output file may be truncated or incomplete.
#
#  Out of Memory Error (allocation.cpp:390), pid=16916, tid=0x0000000000002cc0
#
# JRE version: Java(TM) SE Runtime Environment (8.0_112-b15) (build 1.8.0_112-b15)
# Java VM: Java HotSpot(TM) 64-Bit Server VM (25.112-b15 mixed mode windows-amd64 compressed oops)
# Failed to write core dump. Minidumps are not enabled by default on client versions of Windows
#

---------------  T H R E A D  ---------------

Current thread (0x00000000180eb000):  JavaThread "C2 CompilerThread1" daemon [_thread_in_native, id=11456, stack(0x0000000019b50000,0x0000000019c50000)]

Stack: [0x0000000019b50000,0x0000000019c50000]
[error occurred during error reporting (printing stack bounds), id 0xc0000005]

Native frames: (J=compiled Java code, j=interpreted, Vv=VM code, C=native code)


Current CompileTask:
C2:  14775 6425   !   4       java.net.URLClassLoader$1::run (63 bytes)


---------------  P R O C E S S  ---------------

Java Threads: ( => current thread )
  0x000000001a27c800 JavaThread "http-bio-8080-exec-4" daemon [_thread_in_native, id=3092, stack(0x00000000254d0000,0x00000000255d0000)]
  0x000000001a27e000 JavaThread "http-bio-8080-exec-3" daemon [_thread_blocked, id=16420, stack(0x00000000253d0000,0x00000000254d0000)]
  0x000000001aa39800 JavaThread "http-bio-8080-exec-2" daemon [_thread_in_native, id=11372, stack(0x00000000252d0000,0x00000000253d0000)]
  0x000000001b625800 JavaThread "http-bio-8080-exec-1" daemon [_thread_blocked, id=13964, stack(0x00000000251d0000,0x00000000252d0000)]
  0x000000001d52b800 JavaThread "http-bio-8080-AsyncTimeout" daemon [_thread_blocked, id=16108, stack(0x00000000250d0000,0x00000000251d0000)]
  0x00000000213b8800 JavaThread "http-bio-8080-Acceptor-0" daemon [_thread_in_native, id=14248, stack(0x0000000024fd0000,0x00000000250d0000)]
  0x0000000020a18800 JavaThread "ContainerBackgroundProcessor[StandardEngine[Tomcat]]" daemon [_thread_blocked, id=9572, stack(0x0000000024880000,0x0000000024980000)]
  0x000000002327a800 JavaThread "Abandoned connection cleanup thread" daemon [_thread_blocked, id=10260, stack(0x0000000024120000,0x0000000024220000)]
  0x000000001bfe4800 JavaThread "Thread-3" daemon [_thread_in_native, id=14876, stack(0x0000000023a20000,0x0000000023b20000)]
  0x000000001c04e800 JavaThread "localhost-startStop-1" daemon [_thread_blocked, id=2328, stack(0x000000001e610000,0x000000001e710000)]
  0x000000001da06000 JavaThread "Tomcat-startStop-1" daemon [_thread_blocked, id=2264, stack(0x000000001e230000,0x000000001e330000)]
  0x00000000194da800 JavaThread "Service Thread" daemon [_thread_blocked, id=12388, stack(0x0000000019d50000,0x0000000019e50000)]
  0x00000000180ee000 JavaThread "C1 CompilerThread2" daemon [_thread_blocked, id=12788, stack(0x0000000019c50000,0x0000000019d50000)]
=>0x00000000180eb000 JavaThread "C2 CompilerThread1" daemon [_thread_in_native, id=11456, stack(0x0000000019b50000,0x0000000019c50000)]
  0x000000001809d000 JavaThread "C2 CompilerThread0" daemon [_thread_in_native, id=13560, stack(0x0000000019a50000,0x0000000019b50000)]
  0x000000001809b800 JavaThread "Attach Listener" daemon [_thread_blocked, id=13324, stack(0x0000000019950000,0x0000000019a50000)]
  0x0000000019458800 JavaThread "Signal Dispatcher" daemon [_thread_blocked, id=16652, stack(0x0000000019850000,0x0000000019950000)]
  0x000000001807a800 JavaThread "Finalizer" daemon [_thread_blocked, id=15548, stack(0x00000000192f0000,0x00000000193f0000)]
  0x0000000018058800 JavaThread "Reference Handler" daemon [_thread_blocked, id=11572, stack(0x00000000191f0000,0x00000000192f0000)]
  0x00000000033e2800 JavaThread "main" [_thread_blocked, id=16120, stack(0x0000000002f80000,0x0000000003080000)]

Other Threads:
  0x0000000018057800 VMThread [stack: 0x00000000190f0000,0x00000000191f0000] [id=14872]
  0x000000001950f000 WatcherThread [stack: 0x0000000019e50000,0x0000000019f50000] [id=14696]

VM state:not at safepoint (normal execution)

VM Mutex/Monitor currently owned by a thread: None

Heap:
 PSYoungGen      total 372224K, used 200618K [0x00000000d5d80000, 0x00000000ef300000, 0x0000000100000000)
  eden space 349696K, 54% used [0x00000000d5d80000,0x00000000e1852ce8,0x00000000eb300000)
  from space 22528K, 41% used [0x00000000edd00000,0x00000000ee617c10,0x00000000ef300000)
  to   space 32768K, 0% used [0x00000000eb300000,0x00000000eb300000,0x00000000ed300000)
 ParOldGen       total 123392K, used 38675K [0x0000000081800000, 0x0000000089080000, 0x00000000d5d80000)
  object space 123392K, 31% used [0x0000000081800000,0x0000000083dc4cc0,0x0000000089080000)
 Metaspace       used 42876K, capacity 43568K, committed 44080K, reserved 1087488K
  class space    used 5091K, capacity 5317K, committed 5424K, reserved 1048576K

Card table byte_map: [0x0000000012900000,0x0000000012d00000] byte_map_base: 0x00000000124f4000

Marking Bits: (ParMarkBitMap*) 0x0000000070c3a6d0
 Begin Bits: [0x00000000133b0000, 0x0000000015350000)
 End Bits:   [0x0000000015350000, 0x00000000172f0000)

Polling page: 0x0000000001280000

CodeCache: size=245760Kb used=16641Kb max_used=16933Kb free=229118Kb
 bounds [0x0000000003540000, 0x00000000045f0000, 0x0000000012540000]
 total_blobs=6113 nmethods=5632 adapters=392
 compilation: enabled

Compilation events (10 events):
Event: 14.369 Thread 0x00000000180ee000 nmethod 6439 0x0000000003d0e450 code [0x0000000003d0e660, 0x0000000003d0f328]
Event: 14.369 Thread 0x000000001809d000 6431       4       org.codehaus.plexus.classworlds.realm.ClassRealm::getImportClassLoader (47 bytes)
Event: 14.377 Thread 0x000000001809d000 nmethod 6431 0x0000000003ea6850 code [0x0000000003ea69e0, 0x0000000003ea6da8]
Event: 14.377 Thread 0x000000001809d000 6432       4       java.net.URLClassLoader$1::run (5 bytes)
Event: 14.661 Thread 0x00000000180ee000 6440       1       org.apache.tomcat.util.http.MimeHeaderField::getName (5 bytes)
Event: 14.661 Thread 0x00000000180ee000 nmethod 6440 0x0000000004576f10 code [0x0000000004577060, 0x0000000004577170]
Event: 14.662 Thread 0x00000000180ee000 6441       3       org.apache.tomcat.util.buf.Ascii::toLower (14 bytes)
Event: 14.662 Thread 0x00000000180ee000 nmethod 6441 0x0000000003e1f790 code [0x0000000003e1f8e0, 0x0000000003e1fa50]
Event: 14.663 Thread 0x00000000180ee000 6442       3       org.apache.tomcat.util.http.CookieSupport::isHttpSeparator (34 bytes)
Event: 14.663 Thread 0x00000000180ee000 nmethod 6442 0x0000000003fa3910 code [0x0000000003fa3a80, 0x0000000003fa3d48]

GC Heap History (10 events):
Event: 6.422 GC heap before
{Heap before GC invocations=10 (full 1):
 PSYoungGen      total 205824K, used 205796K [0x00000000d5d80000, 0x00000000e5700000, 0x0000000100000000)
  eden space 189952K, 100% used [0x00000000d5d80000,0x00000000e1700000,0x00000000e1700000)
  from space 15872K, 99% used [0x00000000e2c80000,0x00000000e3bf9218,0x00000000e3c00000)
  to   space 22016K, 0% used [0x00000000e1700000,0x00000000e1700000,0x00000000e2c80000)
 ParOldGen       total 69632K, used 32641K [0x0000000081800000, 0x0000000085c00000, 0x00000000d5d80000)
  object space 69632K, 46% used [0x0000000081800000,0x00000000837e06d0,0x0000000085c00000)
 Metaspace       used 23875K, capacity 24332K, committed 24496K, reserved 1071104K
  class space    used 2778K, capacity 2933K, committed 2992K, reserved 1048576K
Event: 6.462 GC heap after
Heap after GC invocations=10 (full 1):
 PSYoungGen      total 211968K, used 21988K [0x00000000d5d80000, 0x00000000e9d00000, 0x0000000100000000)
  eden space 189952K, 0% used [0x00000000d5d80000,0x00000000d5d80000,0x00000000e1700000)
  from space 22016K, 99% used [0x00000000e1700000,0x00000000e2c791e8,0x00000000e2c80000)
  to   space 31232K, 0% used [0x00000000e7e80000,0x00000000e7e80000,0x00000000e9d00000)
 ParOldGen       total 69632K, used 48198K [0x0000000081800000, 0x0000000085c00000, 0x00000000d5d80000)
  object space 69632K, 69% used [0x0000000081800000,0x0000000084711828,0x0000000085c00000)
 Metaspace       used 23875K, capacity 24332K, committed 24496K, reserved 1071104K
  class space    used 2778K, capacity 2933K, committed 2992K, reserved 1048576K
}
Event: 7.746 GC heap before
{Heap before GC invocations=11 (full 1):
 PSYoungGen      total 211968K, used 211940K [0x00000000d5d80000, 0x00000000e9d00000, 0x0000000100000000)
  eden space 189952K, 100% used [0x00000000d5d80000,0x00000000e1700000,0x00000000e1700000)
  from space 22016K, 99% used [0x00000000e1700000,0x00000000e2c791e8,0x00000000e2c80000)
  to   space 31232K, 0% used [0x00000000e7e80000,0x00000000e7e80000,0x00000000e9d00000)
 ParOldGen       total 69632K, used 48198K [0x0000000081800000, 0x0000000085c00000, 0x00000000d5d80000)
  object space 69632K, 69% used [0x0000000081800000,0x0000000084711828,0x0000000085c00000)
 Metaspace       used 29959K, capacity 30592K, committed 30896K, reserved 1077248K
  class space    used 3528K, capacity 3718K, committed 3760K, reserved 1048576K
Event: 7.789 GC heap after
Heap after GC invocations=11 (full 1):
 PSYoungGen      total 291840K, used 28778K [0x00000000d5d80000, 0x00000000ea480000, 0x0000000100000000)
  eden space 260608K, 0% used [0x00000000d5d80000,0x00000000d5d80000,0x00000000e5c00000)
  from space 31232K, 92% used [0x00000000e7e80000,0x00000000e9a9aa20,0x00000000e9d00000)
  to   space 35328K, 0% used [0x00000000e5c00000,0x00000000e5c00000,0x00000000e7e80000)
 ParOldGen       total 69632K, used 52186K [0x0000000081800000, 0x0000000085c00000, 0x00000000d5d80000)
  object space 69632K, 74% used [0x0000000081800000,0x0000000084af6a78,0x0000000085c00000)
 Metaspace       used 29959K, capacity 30592K, committed 30896K, reserved 1077248K
  class space    used 3528K, capacity 3718K, committed 3760K, reserved 1048576K
}
Event: 9.309 GC heap before
{Heap before GC invocations=12 (full 1):
 PSYoungGen      total 291840K, used 196759K [0x00000000d5d80000, 0x00000000ea480000, 0x0000000100000000)
  eden space 260608K, 64% used [0x00000000d5d80000,0x00000000e018b510,0x00000000e5c00000)
  from space 31232K, 92% used [0x00000000e7e80000,0x00000000e9a9aa20,0x00000000e9d00000)
  to   space 35328K, 0% used [0x00000000e5c00000,0x00000000e5c00000,0x00000000e7e80000)
 ParOldGen       total 69632K, used 52186K [0x0000000081800000, 0x0000000085c00000, 0x00000000d5d80000)
  object space 69632K, 74% used [0x0000000081800000,0x0000000084af6a78,0x0000000085c00000)
 Metaspace       used 34645K, capacity 35242K, committed 35496K, reserved 1081344K
  class space    used 4135K, capacity 4365K, committed 4400K, reserved 1048576K
Event: 9.340 GC heap after
Heap after GC invocations=12 (full 1):
 PSYoungGen      total 295936K, used 16703K [0x00000000d5d80000, 0x00000000efe00000, 0x0000000100000000)
  eden space 260608K, 0% used [0x00000000d5d80000,0x00000000d5d80000,0x00000000e5c00000)
  from space 35328K, 47% used [0x00000000e5c00000,0x00000000e6c4fdf8,0x00000000e7e80000)
  to   space 33792K, 0% used [0x00000000edd00000,0x00000000edd00000,0x00000000efe00000)
 ParOldGen       total 69632K, used 59246K [0x0000000081800000, 0x0000000085c00000, 0x00000000d5d80000)
  object space 69632K, 85% used [0x0000000081800000,0x00000000851dbb38,0x0000000085c00000)
 Metaspace       used 34645K, capacity 35242K, committed 35496K, reserved 1081344K
  class space    used 4135K, capacity 4365K, committed 4400K, reserved 1048576K
}
Event: 9.340 GC heap before
{Heap before GC invocations=13 (full 2):
 PSYoungGen      total 295936K, used 16703K [0x00000000d5d80000, 0x00000000efe00000, 0x0000000100000000)
  eden space 260608K, 0% used [0x00000000d5d80000,0x00000000d5d80000,0x00000000e5c00000)
  from space 35328K, 47% used [0x00000000e5c00000,0x00000000e6c4fdf8,0x00000000e7e80000)
  to   space 33792K, 0% used [0x00000000edd00000,0x00000000edd00000,0x00000000efe00000)
 ParOldGen       total 69632K, used 59246K [0x0000000081800000, 0x0000000085c00000, 0x00000000d5d80000)
  object space 69632K, 85% used [0x0000000081800000,0x00000000851dbb38,0x0000000085c00000)
 Metaspace       used 34645K, capacity 35242K, committed 35496K, reserved 1081344K
  class space    used 4135K, capacity 4365K, committed 4400K, reserved 1048576K
Event: 9.454 GC heap after
Heap after GC invocations=13 (full 2):
 PSYoungGen      total 295936K, used 0K [0x00000000d5d80000, 0x00000000efe00000, 0x0000000100000000)
  eden space 260608K, 0% used [0x00000000d5d80000,0x00000000d5d80000,0x00000000e5c00000)
  from space 35328K, 0% used [0x00000000e5c00000,0x00000000e5c00000,0x00000000e7e80000)
  to   space 33792K, 0% used [0x00000000edd00000,0x00000000edd00000,0x00000000efe00000)
 ParOldGen       total 123392K, used 38667K [0x0000000081800000, 0x0000000089080000, 0x00000000d5d80000)
  object space 123392K, 31% used [0x0000000081800000,0x0000000083dc2cc0,0x0000000089080000)
 Metaspace       used 34645K, capacity 35242K, committed 35496K, reserved 1081344K
  class space    used 4135K, capacity 4365K, committed 4400K, reserved 1048576K
}
Event: 10.352 GC heap before
{Heap before GC invocations=14 (full 2):
 PSYoungGen      total 295936K, used 260608K [0x00000000d5d80000, 0x00000000efe00000, 0x0000000100000000)
  eden space 260608K, 100% used [0x00000000d5d80000,0x00000000e5c00000,0x00000000e5c00000)
  from space 35328K, 0% used [0x00000000e5c00000,0x00000000e5c00000,0x00000000e7e80000)
  to   space 33792K, 0% used [0x00000000edd00000,0x00000000edd00000,0x00000000efe00000)
 ParOldGen       total 123392K, used 38667K [0x0000000081800000, 0x0000000089080000, 0x00000000d5d80000)
  object space 123392K, 31% used [0x0000000081800000,0x0000000083dc2cc0,0x0000000089080000)
 Metaspace       used 36591K, capacity 37230K, committed 37680K, reserved 1083392K
  class space    used 4309K, capacity 4531K, committed 4656K, reserved 1048576K
Event: 10.366 GC heap after
Heap after GC invocations=14 (full 2):
 PSYoungGen      total 372224K, used 9311K [0x00000000d5d80000, 0x00000000ef300000, 0x0000000100000000)
  eden space 349696K, 0% used [0x00000000d5d80000,0x00000000d5d80000,0x00000000eb300000)
  from space 22528K, 41% used [0x00000000edd00000,0x00000000ee617c10,0x00000000ef300000)
  to   space 32768K, 0% used [0x00000000eb300000,0x00000000eb300000,0x00000000ed300000)
 ParOldGen       total 123392K, used 38675K [0x0000000081800000, 0x0000000089080000, 0x00000000d5d80000)
  object space 123392K, 31% used [0x0000000081800000,0x0000000083dc4cc0,0x0000000089080000)
 Metaspace       used 36591K, capacity 37230K, committed 37680K, reserved 1083392K
  class space    used 4309K, capacity 4531K, committed 4656K, reserved 1048576K
}

Deoptimization events (10 events):
Event: 11.059 Thread 0x000000001c04e800 Uncommon trap: reason=class_check action=maybe_recompile pc=0x0000000003db06f0 method=java.util.Collections$UnmodifiableMap$UnmodifiableEntrySet$1.next()Ljava/util/Map$Entry; @ 8
Event: 11.059 Thread 0x000000001c04e800 Uncommon trap: reason=class_check action=maybe_recompile pc=0x0000000003d6ebc0 method=java.util.Collections$UnmodifiableMap$UnmodifiableEntrySet$UnmodifiableEntry.getKey()Ljava/lang/Object; @ 4
Event: 11.059 Thread 0x000000001c04e800 Uncommon trap: reason=class_check action=maybe_recompile pc=0x0000000003d76580 method=java.util.Collections$UnmodifiableMap$UnmodifiableEntrySet$UnmodifiableEntry.getValue()Ljava/lang/Object; @ 4
Event: 11.059 Thread 0x000000001c04e800 Uncommon trap: reason=class_check action=maybe_recompile pc=0x0000000003db06f0 method=java.util.Collections$UnmodifiableMap$UnmodifiableEntrySet$1.next()Ljava/util/Map$Entry; @ 8
Event: 11.059 Thread 0x000000001c04e800 Uncommon trap: reason=class_check action=maybe_recompile pc=0x0000000003d6ebc0 method=java.util.Collections$UnmodifiableMap$UnmodifiableEntrySet$UnmodifiableEntry.getKey()Ljava/lang/Object; @ 4
Event: 11.059 Thread 0x000000001c04e800 Uncommon trap: reason=class_check action=maybe_recompile pc=0x0000000003d76580 method=java.util.Collections$UnmodifiableMap$UnmodifiableEntrySet$UnmodifiableEntry.getValue()Ljava/lang/Object; @ 4
Event: 11.508 Thread 0x000000001c04e800 Uncommon trap: reason=class_check action=maybe_recompile pc=0x0000000003db06f0 method=java.util.Collections$UnmodifiableMap$UnmodifiableEntrySet$1.next()Ljava/util/Map$Entry; @ 8
Event: 11.508 Thread 0x000000001c04e800 Uncommon trap: reason=class_check action=maybe_recompile pc=0x0000000003d6ebc0 method=java.util.Collections$UnmodifiableMap$UnmodifiableEntrySet$UnmodifiableEntry.getKey()Ljava/lang/Object; @ 4
Event: 11.509 Thread 0x000000001c04e800 Uncommon trap: reason=class_check action=maybe_recompile pc=0x0000000003d76580 method=java.util.Collections$UnmodifiableMap$UnmodifiableEntrySet$UnmodifiableEntry.getValue()Ljava/lang/Object; @ 4
Event: 14.143 Thread 0x000000001aa39800 Uncommon trap: reason=unstable_if action=reinterpret pc=0x00000000040fa2a0 method=org.codehaus.plexus.classworlds.realm.ClassRealm.loadClassFromSelf(Ljava/lang/String;)Ljava/lang/Class; @ 15

Internal exceptions (10 events):
Event: 11.726 Thread 0x000000001c04e800 Exception <a 'java/lang/ClassNotFoundException': org/springframework/web/servlet/support/AbstractFlashMapManagerCustomizer> (0x00000000df84f6c8) thrown at [C:\re\workspace\8-2-build-windows-amd64-cygwin\jdk8u112\7884\hotspot\src\share\vm\classfile\systemD
Event: 11.728 Thread 0x000000001c04e800 Exception <a 'java/lang/ClassNotFoundException': org/springframework/web/servlet/support/SessionFlashMapManagerCustomizer> (0x00000000df87e400) thrown at [C:\re\workspace\8-2-build-windows-amd64-cygwin\jdk8u112\7884\hotspot\src\share\vm\classfile\systemDi
Event: 14.341 Thread 0x000000001b625800 Exception <a 'java/lang/ClassNotFoundException': org/apache/jasper/runtime/PageContextImplBeanInfo> (0x00000000e1198078) thrown at [C:\re\workspace\8-2-build-windows-amd64-cygwin\jdk8u112\7884\hotspot\src\share\vm\classfile\systemDictionary.cpp, line 210]
Event: 14.343 Thread 0x000000001b625800 Exception <a 'java/lang/ClassNotFoundException': javax/servlet/jsp/PageContextBeanInfo> (0x00000000e11ac1e0) thrown at [C:\re\workspace\8-2-build-windows-amd64-cygwin\jdk8u112\7884\hotspot\src\share\vm\classfile\systemDictionary.cpp, line 210]
Event: 14.344 Thread 0x000000001b625800 Exception <a 'java/lang/ClassNotFoundException': javax/servlet/jsp/JspContextBeanInfo> (0x00000000e11c0700) thrown at [C:\re\workspace\8-2-build-windows-amd64-cygwin\jdk8u112\7884\hotspot\src\share\vm\classfile\systemDictionary.cpp, line 210]
Event: 14.344 Thread 0x000000001b625800 Exception <a 'java/lang/ClassNotFoundException': javax/servlet/jsp/JspContextCustomizer> (0x00000000e11d4d78) thrown at [C:\re\workspace\8-2-build-windows-amd64-cygwin\jdk8u112\7884\hotspot\src\share\vm\classfile\systemDictionary.cpp, line 210]
Event: 14.345 Thread 0x000000001b625800 Exception <a 'java/lang/ClassNotFoundException': javax/servlet/jsp/PageContextCustomizer> (0x00000000e11f5198) thrown at [C:\re\workspace\8-2-build-windows-amd64-cygwin\jdk8u112\7884\hotspot\src\share\vm\classfile\systemDictionary.cpp, line 210]
Event: 14.347 Thread 0x000000001b625800 Exception <a 'java/lang/ClassNotFoundException': org/apache/jasper/runtime/PageContextImplCustomizer> (0x00000000e121f9f8) thrown at [C:\re\workspace\8-2-build-windows-amd64-cygwin\jdk8u112\7884\hotspot\src\share\vm\classfile\systemDictionary.cpp, line 21
Event: 14.350 Thread 0x000000001b625800 Exception <a 'java/lang/ClassNotFoundException': org/apache/catalina/connector/RequestFacadeBeanInfo> (0x00000000e12732c8) thrown at [C:\re\workspace\8-2-build-windows-amd64-cygwin\jdk8u112\7884\hotspot\src\share\vm\classfile\systemDictionary.cpp, line 21
Event: 14.352 Thread 0x000000001b625800 Exception <a 'java/lang/ClassNotFoundException': org/apache/catalina/connector/RequestFacadeCustomizer> (0x00000000e128b7e8) thrown at [C:\re\workspace\8-2-build-windows-amd64-cygwin\jdk8u112\7884\hotspot\src\share\vm\classfile\systemDictionary.cpp, line 

Events (10 events):
Event: 14.661 Executing VM operation: RevokeBias done
Event: 14.661 Executing VM operation: RevokeBias
Event: 14.662 Executing VM operation: RevokeBias done
Event: 14.665 Executing VM operation: RevokeBias
Event: 14.665 Executing VM operation: RevokeBias done
Event: 14.665 Executing VM operation: RevokeBias
Event: 14.665 Executing VM operation: RevokeBias done
Event: 14.665 Executing VM operation: RevokeBias
Event: 14.666 Executing VM operation: RevokeBias done
Event: 14.666 Thread 0x000000001a27c800 Thread added: 0x000000001a27c800


Dynamic libraries:
0x00007ff64d3d0000 - 0x00007ff64d407000 	H:\MyEclipse 2017 CI\binary\com.sun.java.jdk8.win32.x86_64_1.8.0.v112\bin\javaw.exe
0x00007ffbafd90000 - 0x00007ffbaff71000 	C:\Windows\SYSTEM32\ntdll.dll
0x00007ffbae080000 - 0x00007ffbae132000 	C:\Windows\System32\KERNEL32.DLL
0x00007ffbac160000 - 0x00007ffbac3d3000 	C:\Windows\System32\KERNELBASE.dll
0x00007ffbad2c0000 - 0x00007ffbad361000 	C:\Windows\System32\ADVAPI32.dll
0x00007ffbad4c0000 - 0x00007ffbad55e000 	C:\Windows\System32\msvcrt.dll
0x00007ffbafd00000 - 0x00007ffbafd5b000 	C:\Windows\System32\sechost.dll
0x00007ffbae310000 - 0x00007ffbae434000 	C:\Windows\System32\RPCRT4.dll
0x00007ffbae5e0000 - 0x00007ffbae770000 	C:\Windows\System32\USER32.dll
0x00007ffbad130000 - 0x00007ffbad150000 	C:\Windows\System32\win32u.dll
0x00007ffbad290000 - 0x00007ffbad2b8000 	C:\Windows\System32\GDI32.dll
0x00007ffbacdf0000 - 0x00007ffbacf82000 	C:\Windows\System32\gdi32full.dll
0x00007ffbacf90000 - 0x00007ffbad02f000 	C:\Windows\System32\msvcp_win.dll
0x00007ffbad030000 - 0x00007ffbad12a000 	C:\Windows\System32\ucrtbase.dll
0x00007ffb9f580000 - 0x00007ffb9f7e9000 	C:\Windows\WinSxS\amd64_microsoft.windows.common-controls_6595b64144ccf1df_6.0.17134.345_none_fb429a5930656358\COMCTL32.dll
0x00007ffbadb90000 - 0x00007ffbadeb3000 	C:\Windows\System32\combase.dll
0x00007ffbad1a0000 - 0x00007ffbad21a000 	C:\Windows\System32\bcryptPrimitives.dll
0x00007ffbae040000 - 0x00007ffbae06d000 	C:\Windows\System32\IMM32.DLL
0x0000000070cc0000 - 0x0000000070d92000 	H:\MyEclipse 2017 CI\binary\com.sun.java.jdk8.win32.x86_64_1.8.0.v112\jre\bin\msvcr100.dll
0x0000000070420000 - 0x0000000070cba000 	H:\MyEclipse 2017 CI\binary\com.sun.java.jdk8.win32.x86_64_1.8.0.v112\jre\bin\server\jvm.dll
0x00007ffbad220000 - 0x00007ffbad228000 	C:\Windows\System32\PSAPI.DLL
0x00007ffba9eb0000 - 0x00007ffba9ed3000 	C:\Windows\SYSTEM32\WINMM.dll
0x00007ffb9d200000 - 0x00007ffb9d209000 	C:\Windows\SYSTEM32\WSOCK32.dll
0x00007ffbae140000 - 0x00007ffbae1ac000 	C:\Windows\System32\WS2_32.dll
0x00007ffba9e80000 - 0x00007ffba9eaa000 	C:\Windows\SYSTEM32\winmmbase.dll
0x00007ffbad150000 - 0x00007ffbad199000 	C:\Windows\System32\cfgmgr32.dll
0x00007ffbaaca0000 - 0x00007ffbaacaa000 	C:\Windows\SYSTEM32\VERSION.dll
0x0000000070410000 - 0x000000007041f000 	H:\MyEclipse 2017 CI\binary\com.sun.java.jdk8.win32.x86_64_1.8.0.v112\jre\bin\verify.dll
0x00000000703e0000 - 0x0000000070409000 	H:\MyEclipse 2017 CI\binary\com.sun.java.jdk8.win32.x86_64_1.8.0.v112\jre\bin\java.dll
0x00000000703c0000 - 0x00000000703d6000 	H:\MyEclipse 2017 CI\binary\com.sun.java.jdk8.win32.x86_64_1.8.0.v112\jre\bin\zip.dll
0x00007ffbae8c0000 - 0x00007ffbafcff000 	C:\Windows\System32\SHELL32.dll
0x00007ffbad410000 - 0x00007ffbad4b9000 	C:\Windows\System32\shcore.dll
0x00007ffbac630000 - 0x00007ffbacd3d000 	C:\Windows\System32\windows.storage.dll
0x00007ffbad230000 - 0x00007ffbad281000 	C:\Windows\System32\shlwapi.dll
0x00007ffbac110000 - 0x00007ffbac121000 	C:\Windows\System32\kernel.appcore.dll
0x00007ffbac0f0000 - 0x00007ffbac10f000 	C:\Windows\System32\profapi.dll
0x00007ffbac0a0000 - 0x00007ffbac0ec000 	C:\Windows\System32\powrprof.dll
0x00007ffbac150000 - 0x00007ffbac15a000 	C:\Windows\System32\FLTLIB.DLL
0x00007ffbabab0000 - 0x00007ffbabac7000 	C:\Windows\SYSTEM32\CRYPTSP.dll
0x00007ffbab4e0000 - 0x00007ffbab513000 	C:\Windows\system32\rsaenh.dll
0x00007ffbabbe0000 - 0x00007ffbabc05000 	C:\Windows\SYSTEM32\bcrypt.dll
0x00007ffbabfd0000 - 0x00007ffbabff8000 	C:\Windows\SYSTEM32\USERENV.dll
0x00007ffbabad0000 - 0x00007ffbabadb000 	C:\Windows\SYSTEM32\CRYPTBASE.dll
0x00000000703a0000 - 0x00000000703ba000 	H:\MyEclipse 2017 CI\binary\com.sun.java.jdk8.win32.x86_64_1.8.0.v112\jre\bin\net.dll
0x00007ffbab900000 - 0x00007ffbab966000 	C:\Windows\system32\mswsock.dll
0x00007ffbab680000 - 0x00007ffbab6b8000 	C:\Windows\SYSTEM32\IPHLPAPI.DLL
0x00007ffbad560000 - 0x00007ffbad568000 	C:\Windows\System32\NSI.dll
0x00007ffba50b0000 - 0x00007ffba50c6000 	C:\Windows\SYSTEM32\dhcpcsvc6.DLL
0x00007ffba5230000 - 0x00007ffba524a000 	C:\Windows\SYSTEM32\dhcpcsvc.DLL
0x0000000070380000 - 0x0000000070391000 	H:\MyEclipse 2017 CI\binary\com.sun.java.jdk8.win32.x86_64_1.8.0.v112\jre\bin\nio.dll
0x00007ffbaad50000 - 0x00007ffbaad5a000 	C:\Users\¡ı¡÷ÃŒ\AppData\Local\Temp\jansi-1.17.1-5162219956954611999.dll
0x00007ffbaad40000 - 0x00007ffbaad4a000 	C:\Users\¡ı¡÷ÃŒ\AppData\Local\Temp\jansi-1.17.1-7869550418797895972.dll
0x0000000070190000 - 0x000000007019d000 	H:\MyEclipse 2017 CI\binary\com.sun.java.jdk8.win32.x86_64_1.8.0.v112\jre\bin\management.dll

VM Arguments:
jvm_args: -Dmaven.multiModuleProjectDirectory=$MAVEN_HOME -Dmaven.home=H:\apache-maven-3.5.4 -Dclassworlds.conf=F:\Workspaces\.metadata\.plugins\org.eclipse.m2e.launching\launches\m2conf3878696540029495764.tmp -Dmaven.multiModuleProjectDirectory=H:\GitSpace\ProvidentFund\ProvidentFund Maven Webapp -Dfile.encoding=GBK 
java_command: org.codehaus.plexus.classworlds.launcher.Launcher -B -gs H:\apache-maven-3.5.4\conf\settings.xml -s H:\apache-maven-3.5.4\conf\settings.xml tomcat7:run
java_class_path (initial): H:\apache-maven-3.5.4\boot\plexus-classworlds-2.5.2.jar
Launcher Type: SUN_STANDARD

Environment Variables:
JAVA_HOME=C:\Program Files (x86)\Java\jdk1.8.0_144
CLASSPATH=.;C:\Program Files (x86)\Java\jdk1.8.0_144\lib;C:\Program Files (x86)\Java\jdk1.8.0_144\lib\tools.jar
PATH=C:\ProgramData\Oracle\Java\javapath;C:\Windows\system32;C:\Windows;C:\Windows\System32\Wbem;C:\Windows\System32\WindowsPowerShell\v1.0\;C:\Windows\System32\OpenSSH\;"C:\Program Files (x86)\Java\jdk1.8.0_144\bin;C:\Program Files (x86)\Java\jdk1.8.0_144\jre\bin\";H:\apache-maven-3.5.4\bin\;C:\Program Files\Git\cmd;H:\nodejs\;H:\nodejs\node_global;C:\Users\¡ı¡÷ÃŒ\AppData\Local\Microsoft\WindowsApps;C:\Users\¡ı¡÷ÃŒ\AppData\Local\GitHubDesktop\bin;C:\Users\¡ı¡÷ÃŒ\AppData\Roaming\npm
USERNAME=¡ı¡÷ÃŒ
OS=Windows_NT
PROCESSOR_IDENTIFIER=Intel64 Family 6 Model 142 Stepping 9, GenuineIntel



---------------  S Y S T E M  ---------------

OS: Windows 10.0 , 64 bit Build 17134 (10.0.17134.1)

CPU:total 4 (2 cores per cpu, 2 threads per core) family 6 model 142 stepping 9, cmov, cx8, fxsr, mmx, sse, sse2, sse3, ssse3, sse4.1, sse4.2, popcnt, avx, avx2, aes, clmul, erms, 3dnowpref, lzcnt, ht, tsc, tscinvbit, bmi1, bmi2, adx

Memory: 4k page, physical 8283716k(2145060k free), swap 15884992k(4184k free)

vm_info: Java HotSpot(TM) 64-Bit Server VM (25.112-b15) for windows-amd64 JRE (1.8.0_112-b15), built on Sep 22 2016 21:31:56 by "java_re" with MS VC++ 10.0 (VS2010)

time: Fri Oct 26 15:30:16 2018
elapsed time: 14 seconds (0d 0h 0m 14s)

