#
# There is insufficient memory for the Java Runtime Environment to continue.
# Native memory allocation (malloc) failed to allocate 2577936 bytes for Chunk::new
# Possible reasons:
#   The system is out of physical RAM or swap space
#   In 32 bit mode, the process size limit was hit
# Possible solutions:
#   Reduce memory load on the system
#   Increase physical memory or swap space
#   Check if swap backing store is full
#   Use 64 bit Java on a 64 bit OS
#   Decrease Java heap size (-Xmx/-Xms)
#   Decrease number of Java threads
#   Decrease Java thread stack sizes (-Xss)
#   Set larger code cache with -XX:ReservedCodeCacheSize=
# This output file may be truncated or incomplete.
#
#  Out of Memory Error (allocation.cpp:390), pid=18384, tid=0x00000000000061e4
#
# JRE version: Java(TM) SE Runtime Environment (8.0_112-b15) (build 1.8.0_112-b15)
# Java VM: Java HotSpot(TM) 64-Bit Server VM (25.112-b15 mixed mode windows-amd64 compressed oops)
# Failed to write core dump. Minidumps are not enabled by default on client versions of Windows
#

---------------  T H R E A D  ---------------

Current thread (0x0000000017efd000):  JavaThread "C2 CompilerThread0" daemon [_thread_in_native, id=25060, stack(0x00000000198c0000,0x00000000199c0000)]

Stack: [0x00000000198c0000,0x00000000199c0000]
[error occurred during error reporting (printing stack bounds), id 0xc0000005]

Native frames: (J=compiled Java code, j=interpreted, Vv=VM code, C=native code)


Current CompileTask:
C2:  12167 3990   !   4       org.apache.catalina.startup.ContextConfig::checkHandlesTypes (453 bytes)


---------------  P R O C E S S  ---------------

Java Threads: ( => current thread )
  0x000000001d866000 JavaThread "http-bio-8080-AsyncTimeout" daemon [_thread_blocked, id=20400, stack(0x0000000025a70000,0x0000000025b70000)]
  0x000000001d865800 JavaThread "http-bio-8080-Acceptor-0" daemon [_thread_in_native, id=8160, stack(0x0000000025970000,0x0000000025a70000)]
  0x000000001eda4800 JavaThread "ContainerBackgroundProcessor[StandardEngine[Tomcat]]" daemon [_thread_blocked, id=11812, stack(0x0000000025870000,0x0000000025970000)]
  0x000000001a1b2000 JavaThread "Abandoned connection cleanup thread" daemon [_thread_blocked, id=23708, stack(0x0000000020dd0000,0x0000000020ed0000)]
  0x000000001bd00800 JavaThread "Thread-3" daemon [_thread_in_native, id=21772, stack(0x0000000020ad0000,0x0000000020bd0000)]
  0x000000001da3c000 JavaThread "localhost-startStop-1" daemon [_thread_blocked, id=15972, stack(0x000000001e780000,0x000000001e880000)]
  0x000000001da3b800 JavaThread "Tomcat-startStop-1" daemon [_thread_blocked, id=5160, stack(0x000000001e680000,0x000000001e780000)]
  0x0000000019363800 JavaThread "Service Thread" daemon [_thread_blocked, id=13972, stack(0x0000000019bc0000,0x0000000019cc0000)]
  0x0000000017f03000 JavaThread "C1 CompilerThread2" daemon [_thread_blocked, id=26904, stack(0x0000000019ac0000,0x0000000019bc0000)]
  0x0000000017eff000 JavaThread "C2 CompilerThread1" daemon [_thread_in_native, id=14024, stack(0x00000000199c0000,0x0000000019ac0000)]
=>0x0000000017efd000 JavaThread "C2 CompilerThread0" daemon [_thread_in_native, id=25060, stack(0x00000000198c0000,0x00000000199c0000)]
  0x0000000017efb800 JavaThread "Attach Listener" daemon [_thread_blocked, id=23276, stack(0x00000000197c0000,0x00000000198c0000)]
  0x00000000192c8800 JavaThread "Signal Dispatcher" daemon [_thread_blocked, id=10472, stack(0x00000000196c0000,0x00000000197c0000)]
  0x0000000017eda800 JavaThread "Finalizer" daemon [_thread_blocked, id=6836, stack(0x0000000019160000,0x0000000019260000)]
  0x0000000017eb8800 JavaThread "Reference Handler" daemon [_thread_blocked, id=24012, stack(0x0000000019060000,0x0000000019160000)]
  0x00000000032a2800 JavaThread "main" [_thread_blocked, id=21824, stack(0x0000000002e10000,0x0000000002f10000)]

Other Threads:
  0x0000000017eb7800 VMThread [stack: 0x0000000018f60000,0x0000000019060000] [id=15108]
  0x000000001938d800 WatcherThread [stack: 0x0000000019cc0000,0x0000000019dc0000] [id=9372]

VM state:not at safepoint (normal execution)

VM Mutex/Monitor currently owned by a thread: None

Heap:
 PSYoungGen      total 340480K, used 212079K [0x00000000d5d80000, 0x00000000eca80000, 0x0000000100000000)
  eden space 308224K, 66% used [0x00000000d5d80000,0x00000000e266d508,0x00000000e8a80000)
  from space 32256K, 19% used [0x00000000eab00000,0x00000000eb12e8b0,0x00000000eca80000)
  to   space 32768K, 0% used [0x00000000e8a80000,0x00000000e8a80000,0x00000000eaa80000)
 ParOldGen       total 130048K, used 40534K [0x0000000081800000, 0x0000000089700000, 0x00000000d5d80000)
  object space 130048K, 31% used [0x0000000081800000,0x0000000083f958b0,0x0000000089700000)
 Metaspace       used 41752K, capacity 42406K, committed 42672K, reserved 1087488K
  class space    used 4983K, capacity 5187K, committed 5296K, reserved 1048576K

Card table byte_map: [0x0000000012760000,0x0000000012b60000] byte_map_base: 0x0000000012354000

Marking Bits: (ParMarkBitMap*) 0x0000000060c2a6d0
 Begin Bits: [0x0000000013210000, 0x00000000151b0000)
 End Bits:   [0x00000000151b0000, 0x0000000017150000)

Polling page: 0x00000000014e0000

CodeCache: size=245760Kb used=15907Kb max_used=15951Kb free=229852Kb
 bounds [0x00000000033a0000, 0x0000000004350000, 0x00000000123a0000]
 total_blobs=6072 nmethods=5592 adapters=391
 compilation: enabled

Compilation events (10 events):
Event: 10.276 Thread 0x0000000017f03000 6273       1       org.apache.catalina.LifecycleState::getLifecycleEvent (5 bytes)
Event: 10.276 Thread 0x0000000017f03000 nmethod 6273 0x000000000433efd0 code [0x000000000433f120, 0x000000000433f230]
Event: 10.277 Thread 0x0000000017f03000 6274       2       java.util.GregorianCalendar::getWeekNumber (89 bytes)
Event: 10.278 Thread 0x0000000017f03000 nmethod 6274 0x000000000433f290 code [0x000000000433f400, 0x000000000433f7d0]
Event: 10.278 Thread 0x0000000017f03000 6275       2       sun.util.calendar.AbstractCalendar::getDayOfWeekDateOnOrBefore (31 bytes)
Event: 10.278 Thread 0x0000000017f03000 nmethod 6275 0x000000000433fa50 code [0x000000000433fbc0, 0x000000000433fe50]
Event: 10.283 Thread 0x0000000017f03000 6276       1       org.apache.catalina.core.ContainerBase::getName (5 bytes)
Event: 10.283 Thread 0x0000000017f03000 nmethod 6276 0x000000000433ff90 code [0x00000000043400e0, 0x00000000043401f0]
Event: 10.283 Thread 0x0000000017f03000 6277       2       java.util.EventObject::<init> (24 bytes)
Event: 10.283 Thread 0x0000000017f03000 nmethod 6277 0x0000000003513c90 code [0x0000000003513e00, 0x0000000003514008]

GC Heap History (10 events):
Event: 5.975 GC heap before
{Heap before GC invocations=10 (full 1):
 PSYoungGen      total 196608K, used 196586K [0x00000000d5d80000, 0x00000000e4a80000, 0x0000000100000000)
  eden space 180224K, 100% used [0x00000000d5d80000,0x00000000e0d80000,0x00000000e0d80000)
  from space 16384K, 99% used [0x00000000e2400000,0x00000000e33fa990,0x00000000e3400000)
  to   space 23040K, 0% used [0x00000000e0d80000,0x00000000e0d80000,0x00000000e2400000)
 ParOldGen       total 72192K, used 34501K [0x0000000081800000, 0x0000000085e80000, 0x00000000d5d80000)
  object space 72192K, 47% used [0x0000000081800000,0x00000000839b1618,0x0000000085e80000)
 Metaspace       used 23841K, capacity 24342K, committed 24496K, reserved 1071104K
  class space    used 2782K, capacity 2935K, committed 2992K, reserved 1048576K
Event: 6.008 GC heap after
Heap after GC invocations=10 (full 1):
 PSYoungGen      total 203264K, used 23014K [0x00000000d5d80000, 0x00000000e8300000, 0x0000000100000000)
  eden space 180224K, 0% used [0x00000000d5d80000,0x00000000d5d80000,0x00000000e0d80000)
  from space 23040K, 99% used [0x00000000e0d80000,0x00000000e23f9bb0,0x00000000e2400000)
  to   space 31232K, 0% used [0x00000000e6480000,0x00000000e6480000,0x00000000e8300000)
 ParOldGen       total 72192K, used 46039K [0x0000000081800000, 0x0000000085e80000, 0x00000000d5d80000)
  object space 72192K, 63% used [0x0000000081800000,0x00000000844f5c60,0x0000000085e80000)
 Metaspace       used 23841K, capacity 24342K, committed 24496K, reserved 1071104K
  class space    used 2782K, capacity 2935K, committed 2992K, reserved 1048576K
}
Event: 6.766 GC heap before
{Heap before GC invocations=11 (full 1):
 PSYoungGen      total 203264K, used 203238K [0x00000000d5d80000, 0x00000000e8300000, 0x0000000100000000)
  eden space 180224K, 100% used [0x00000000d5d80000,0x00000000e0d80000,0x00000000e0d80000)
  from space 23040K, 99% used [0x00000000e0d80000,0x00000000e23f9bb0,0x00000000e2400000)
  to   space 31232K, 0% used [0x00000000e6480000,0x00000000e6480000,0x00000000e8300000)
 ParOldGen       total 72192K, used 46039K [0x0000000081800000, 0x0000000085e80000, 0x00000000d5d80000)
  object space 72192K, 63% used [0x0000000081800000,0x00000000844f5c60,0x0000000085e80000)
 Metaspace       used 26997K, capacity 27656K, committed 27952K, reserved 1073152K
  class space    used 3181K, capacity 3362K, committed 3376K, reserved 1048576K
Event: 6.801 GC heap after
Heap after GC invocations=11 (full 1):
 PSYoungGen      total 266752K, used 25622K [0x00000000d5d80000, 0x00000000e8980000, 0x0000000100000000)
  eden space 235520K, 0% used [0x00000000d5d80000,0x00000000d5d80000,0x00000000e4380000)
  from space 31232K, 82% used [0x00000000e6480000,0x00000000e7d85bc0,0x00000000e8300000)
  to   space 33792K, 0% used [0x00000000e4380000,0x00000000e4380000,0x00000000e6480000)
 ParOldGen       total 72192K, used 49974K [0x0000000081800000, 0x0000000085e80000, 0x00000000d5d80000)
  object space 72192K, 69% used [0x0000000081800000,0x00000000848cdbd0,0x0000000085e80000)
 Metaspace       used 26997K, capacity 27656K, committed 27952K, reserved 1073152K
  class space    used 3181K, capacity 3362K, committed 3376K, reserved 1048576K
}
Event: 8.273 GC heap before
{Heap before GC invocations=12 (full 1):
 PSYoungGen      total 266752K, used 223024K [0x00000000d5d80000, 0x00000000e8980000, 0x0000000100000000)
  eden space 235520K, 83% used [0x00000000d5d80000,0x00000000e1e46450,0x00000000e4380000)
  from space 31232K, 82% used [0x00000000e6480000,0x00000000e7d85bc0,0x00000000e8300000)
  to   space 33792K, 0% used [0x00000000e4380000,0x00000000e4380000,0x00000000e6480000)
 ParOldGen       total 72192K, used 49974K [0x0000000081800000, 0x0000000085e80000, 0x00000000d5d80000)
  object space 72192K, 69% used [0x0000000081800000,0x00000000848cdbd0,0x0000000085e80000)
 Metaspace       used 34572K, capacity 35242K, committed 35496K, reserved 1081344K
  class space    used 4142K, capacity 4365K, committed 4400K, reserved 1048576K
Event: 8.305 GC heap after
Heap after GC invocations=12 (full 1):
 PSYoungGen      total 269312K, used 18724K [0x00000000d5d80000, 0x00000000ecb80000, 0x0000000100000000)
  eden space 235520K, 0% used [0x00000000d5d80000,0x00000000d5d80000,0x00000000e4380000)
  from space 33792K, 55% used [0x00000000e4380000,0x00000000e55c93c8,0x00000000e6480000)
  to   space 33280K, 0% used [0x00000000eab00000,0x00000000eab00000,0x00000000ecb80000)
 ParOldGen       total 72192K, used 57074K [0x0000000081800000, 0x0000000085e80000, 0x00000000d5d80000)
  object space 72192K, 79% used [0x0000000081800000,0x0000000084fbc8d8,0x0000000085e80000)
 Metaspace       used 34572K, capacity 35242K, committed 35496K, reserved 1081344K
  class space    used 4142K, capacity 4365K, committed 4400K, reserved 1048576K
}
Event: 8.305 GC heap before
{Heap before GC invocations=13 (full 2):
 PSYoungGen      total 269312K, used 18724K [0x00000000d5d80000, 0x00000000ecb80000, 0x0000000100000000)
  eden space 235520K, 0% used [0x00000000d5d80000,0x00000000d5d80000,0x00000000e4380000)
  from space 33792K, 55% used [0x00000000e4380000,0x00000000e55c93c8,0x00000000e6480000)
  to   space 33280K, 0% used [0x00000000eab00000,0x00000000eab00000,0x00000000ecb80000)
 ParOldGen       total 72192K, used 57074K [0x0000000081800000, 0x0000000085e80000, 0x00000000d5d80000)
  object space 72192K, 79% used [0x0000000081800000,0x0000000084fbc8d8,0x0000000085e80000)
 Metaspace       used 34572K, capacity 35242K, committed 35496K, reserved 1081344K
  class space    used 4142K, capacity 4365K, committed 4400K, reserved 1048576K
Event: 8.409 GC heap after
Heap after GC invocations=13 (full 2):
 PSYoungGen      total 269312K, used 0K [0x00000000d5d80000, 0x00000000ecb80000, 0x0000000100000000)
  eden space 235520K, 0% used [0x00000000d5d80000,0x00000000d5d80000,0x00000000e4380000)
  from space 33792K, 0% used [0x00000000e4380000,0x00000000e4380000,0x00000000e6480000)
  to   space 33280K, 0% used [0x00000000eab00000,0x00000000eab00000,0x00000000ecb80000)
 ParOldGen       total 130048K, used 40526K [0x0000000081800000, 0x0000000089700000, 0x00000000d5d80000)
  object space 130048K, 31% used [0x0000000081800000,0x0000000083f938b0,0x0000000089700000)
 Metaspace       used 34572K, capacity 35242K, committed 35496K, reserved 1081344K
  class space    used 4142K, capacity 4365K, committed 4400K, reserved 1048576K
}
Event: 9.087 GC heap before
{Heap before GC invocations=14 (full 2):
 PSYoungGen      total 269312K, used 235520K [0x00000000d5d80000, 0x00000000ecb80000, 0x0000000100000000)
  eden space 235520K, 100% used [0x00000000d5d80000,0x00000000e4380000,0x00000000e4380000)
  from space 33792K, 0% used [0x00000000e4380000,0x00000000e4380000,0x00000000e6480000)
  to   space 33280K, 0% used [0x00000000eab00000,0x00000000eab00000,0x00000000ecb80000)
 ParOldGen       total 130048K, used 40526K [0x0000000081800000, 0x0000000089700000, 0x00000000d5d80000)
  object space 130048K, 31% used [0x0000000081800000,0x0000000083f938b0,0x0000000089700000)
 Metaspace       used 36811K, capacity 37454K, committed 37936K, reserved 1083392K
  class space    used 4352K, capacity 4563K, committed 4656K, reserved 1048576K
Event: 9.099 GC heap after
Heap after GC invocations=14 (full 2):
 PSYoungGen      total 340480K, used 6330K [0x00000000d5d80000, 0x00000000eca80000, 0x0000000100000000)
  eden space 308224K, 0% used [0x00000000d5d80000,0x00000000d5d80000,0x00000000e8a80000)
  from space 32256K, 19% used [0x00000000eab00000,0x00000000eb12e8b0,0x00000000eca80000)
  to   space 32768K, 0% used [0x00000000e8a80000,0x00000000e8a80000,0x00000000eaa80000)
 ParOldGen       total 130048K, used 40534K [0x0000000081800000, 0x0000000089700000, 0x00000000d5d80000)
  object space 130048K, 31% used [0x0000000081800000,0x0000000083f958b0,0x0000000089700000)
 Metaspace       used 36811K, capacity 37454K, committed 37936K, reserved 1083392K
  class space    used 4352K, capacity 4563K, committed 4656K, reserved 1048576K
}

Deoptimization events (10 events):
Event: 9.764 Thread 0x000000001da3c000 Uncommon trap: reason=class_check action=maybe_recompile pc=0x0000000003c71080 method=java.util.Collections$UnmodifiableMap$UnmodifiableEntrySet$UnmodifiableEntry.getValue()Ljava/lang/Object; @ 4
Event: 9.764 Thread 0x000000001da3c000 Uncommon trap: reason=class_check action=maybe_recompile pc=0x0000000003c71bf0 method=java.util.Collections$UnmodifiableMap$UnmodifiableEntrySet$1.next()Ljava/util/Map$Entry; @ 8
Event: 9.765 Thread 0x000000001da3c000 Uncommon trap: reason=class_check action=maybe_recompile pc=0x0000000003bff440 method=java.util.Collections$UnmodifiableMap$UnmodifiableEntrySet$UnmodifiableEntry.getKey()Ljava/lang/Object; @ 4
Event: 9.765 Thread 0x000000001da3c000 Uncommon trap: reason=class_check action=maybe_recompile pc=0x0000000003c71080 method=java.util.Collections$UnmodifiableMap$UnmodifiableEntrySet$UnmodifiableEntry.getValue()Ljava/lang/Object; @ 4
Event: 9.765 Thread 0x000000001da3c000 Uncommon trap: reason=class_check action=maybe_recompile pc=0x0000000003c71bf0 method=java.util.Collections$UnmodifiableMap$UnmodifiableEntrySet$1.next()Ljava/util/Map$Entry; @ 8
Event: 9.765 Thread 0x000000001da3c000 Uncommon trap: reason=class_check action=maybe_recompile pc=0x0000000003bff440 method=java.util.Collections$UnmodifiableMap$UnmodifiableEntrySet$UnmodifiableEntry.getKey()Ljava/lang/Object; @ 4
Event: 9.765 Thread 0x000000001da3c000 Uncommon trap: reason=class_check action=maybe_recompile pc=0x0000000003c71080 method=java.util.Collections$UnmodifiableMap$UnmodifiableEntrySet$UnmodifiableEntry.getValue()Ljava/lang/Object; @ 4
Event: 10.100 Thread 0x000000001da3c000 Uncommon trap: reason=class_check action=maybe_recompile pc=0x0000000003c71bf0 method=java.util.Collections$UnmodifiableMap$UnmodifiableEntrySet$1.next()Ljava/util/Map$Entry; @ 8
Event: 10.100 Thread 0x000000001da3c000 Uncommon trap: reason=class_check action=maybe_recompile pc=0x0000000003bff440 method=java.util.Collections$UnmodifiableMap$UnmodifiableEntrySet$UnmodifiableEntry.getKey()Ljava/lang/Object; @ 4
Event: 10.100 Thread 0x000000001da3c000 Uncommon trap: reason=class_check action=maybe_recompile pc=0x0000000003c71080 method=java.util.Collections$UnmodifiableMap$UnmodifiableEntrySet$UnmodifiableEntry.getValue()Ljava/lang/Object; @ 4

Internal exceptions (10 events):
Event: 10.244 Thread 0x000000001da3c000 Exception <a 'java/lang/ClassNotFoundException': org/springframework/web/servlet/theme/FixedThemeResolverBeanInfo> (0x00000000e184daf8) thrown at [C:\re\workspace\8-2-build-windows-amd64-cygwin\jdk8u112\7884\hotspot\src\share\vm\classfile\systemDictionary
Event: 10.245 Thread 0x000000001da3c000 Exception <a 'java/lang/ClassNotFoundException': org/springframework/web/servlet/theme/AbstractThemeResolverBeanInfo> (0x00000000e1874aa8) thrown at [C:\re\workspace\8-2-build-windows-amd64-cygwin\jdk8u112\7884\hotspot\src\share\vm\classfile\systemDiction
Event: 10.245 Thread 0x000000001da3c000 Exception <a 'java/lang/ClassNotFoundException': org/springframework/web/servlet/theme/AbstractThemeResolverCustomizer> (0x00000000e189bde8) thrown at [C:\re\workspace\8-2-build-windows-amd64-cygwin\jdk8u112\7884\hotspot\src\share\vm\classfile\systemDicti
Event: 10.246 Thread 0x000000001da3c000 Exception <a 'java/lang/ClassNotFoundException': org/springframework/web/servlet/theme/FixedThemeResolverCustomizer> (0x00000000e18c4be0) thrown at [C:\re\workspace\8-2-build-windows-amd64-cygwin\jdk8u112\7884\hotspot\src\share\vm\classfile\systemDictiona
Event: 10.249 Thread 0x000000001da3c000 Exception <a 'java/lang/ClassNotFoundException': org/springframework/web/servlet/view/DefaultRequestToViewNameTranslatorBeanInfo> (0x00000000e1933140) thrown at [C:\re\workspace\8-2-build-windows-amd64-cygwin\jdk8u112\7884\hotspot\src\share\vm\classfile\s
Event: 10.249 Thread 0x000000001da3c000 Exception <a 'java/lang/ClassNotFoundException': org/springframework/web/servlet/view/DefaultRequestToViewNameTranslatorCustomizer> (0x00000000e195d3c8) thrown at [C:\re\workspace\8-2-build-windows-amd64-cygwin\jdk8u112\7884\hotspot\src\share\vm\classfile
Event: 10.252 Thread 0x000000001da3c000 Exception <a 'java/lang/ClassNotFoundException': org/springframework/web/servlet/support/SessionFlashMapManagerBeanInfo> (0x00000000e19d16e8) thrown at [C:\re\workspace\8-2-build-windows-amd64-cygwin\jdk8u112\7884\hotspot\src\share\vm\classfile\systemDict
Event: 10.253 Thread 0x000000001da3c000 Exception <a 'java/lang/ClassNotFoundException': org/springframework/web/servlet/support/AbstractFlashMapManagerBeanInfo> (0x00000000e19f95b8) thrown at [C:\re\workspace\8-2-build-windows-amd64-cygwin\jdk8u112\7884\hotspot\src\share\vm\classfile\systemDic
Event: 10.253 Thread 0x000000001da3c000 Exception <a 'java/lang/ClassNotFoundException': org/springframework/web/servlet/support/AbstractFlashMapManagerCustomizer> (0x00000000e1a21810) thrown at [C:\re\workspace\8-2-build-windows-amd64-cygwin\jdk8u112\7884\hotspot\src\share\vm\classfile\systemD
Event: 10.255 Thread 0x000000001da3c000 Exception <a 'java/lang/ClassNotFoundException': org/springframework/web/servlet/support/SessionFlashMapManagerCustomizer> (0x00000000e1a50d08) thrown at [C:\re\workspace\8-2-build-windows-amd64-cygwin\jdk8u112\7884\hotspot\src\share\vm\classfile\systemDi

Events (10 events):
Event: 10.285 loading class org/apache/tomcat/maven/common/run/EmbeddedRegistry$1
Event: 10.285 loading class org/apache/tomcat/maven/common/run/EmbeddedRegistry$1 done
Event: 10.285 Executing VM operation: RevokeBias
Event: 10.285 Executing VM operation: RevokeBias done
Event: 10.285 loading class org/apache/tomcat/maven/common/run/EmbeddedRegistry$1
Event: 10.285 loading class org/apache/tomcat/maven/common/run/EmbeddedRegistry$1 done
Event: 10.286 loading class java/net/Socket
Event: 10.286 loading class java/net/Socket done
Event: 11.285 loading class java/util/concurrent/ConcurrentLinkedQueue$Itr
Event: 11.286 loading class java/util/concurrent/ConcurrentLinkedQueue$Itr done


Dynamic libraries:
0x00007ff603c80000 - 0x00007ff603cb7000 	H:\MyEclipse 2017 CI\binary\com.sun.java.jdk8.win32.x86_64_1.8.0.v112\bin\javaw.exe
0x00007ff934850000 - 0x00007ff934a31000 	C:\Windows\SYSTEM32\ntdll.dll
0x00007ff933ac0000 - 0x00007ff933b72000 	C:\Windows\System32\KERNEL32.DLL
0x00007ff931350000 - 0x00007ff9315c3000 	C:\Windows\System32\KERNELBASE.dll
0x00007ff933480000 - 0x00007ff933521000 	C:\Windows\System32\ADVAPI32.dll
0x00007ff933120000 - 0x00007ff9331be000 	C:\Windows\System32\msvcrt.dll
0x00007ff933590000 - 0x00007ff9335eb000 	C:\Windows\System32\sechost.dll
0x00007ff933350000 - 0x00007ff933474000 	C:\Windows\System32\RPCRT4.dll
0x00007ff9344b0000 - 0x00007ff934640000 	C:\Windows\System32\USER32.dll
0x00007ff931090000 - 0x00007ff9310b0000 	C:\Windows\System32\win32u.dll
0x00007ff933c50000 - 0x00007ff933c78000 	C:\Windows\System32\GDI32.dll
0x00007ff930d10000 - 0x00007ff930ea2000 	C:\Windows\System32\gdi32full.dll
0x00007ff930c20000 - 0x00007ff930cbf000 	C:\Windows\System32\msvcp_win.dll
0x00007ff930f30000 - 0x00007ff93102a000 	C:\Windows\System32\ucrtbase.dll
0x00007ff922ed0000 - 0x00007ff923139000 	C:\Windows\WinSxS\amd64_microsoft.windows.common-controls_6595b64144ccf1df_6.0.17134.345_none_fb429a5930656358\COMCTL32.dll
0x00007ff9336b0000 - 0x00007ff9339d3000 	C:\Windows\System32\combase.dll
0x00007ff930eb0000 - 0x00007ff930f2a000 	C:\Windows\System32\bcryptPrimitives.dll
0x00007ff934270000 - 0x00007ff93429d000 	C:\Windows\System32\IMM32.DLL
0x0000000060cb0000 - 0x0000000060d82000 	H:\MyEclipse 2017 CI\binary\com.sun.java.jdk8.win32.x86_64_1.8.0.v112\jre\bin\msvcr100.dll
0x0000000060410000 - 0x0000000060caa000 	H:\MyEclipse 2017 CI\binary\com.sun.java.jdk8.win32.x86_64_1.8.0.v112\jre\bin\server\jvm.dll
0x00007ff934640000 - 0x00007ff934648000 	C:\Windows\System32\PSAPI.DLL
0x00007ff92d9c0000 - 0x00007ff92d9e3000 	C:\Windows\SYSTEM32\WINMM.dll
0x00007ff92b560000 - 0x00007ff92b56a000 	C:\Windows\SYSTEM32\VERSION.dll
0x00007ff92d990000 - 0x00007ff92d9ba000 	C:\Windows\SYSTEM32\WINMMBASE.dll
0x00007ff921bf0000 - 0x00007ff921bf9000 	C:\Windows\SYSTEM32\WSOCK32.dll
0x00007ff930cc0000 - 0x00007ff930d09000 	C:\Windows\System32\cfgmgr32.dll
0x00007ff934650000 - 0x00007ff9346bc000 	C:\Windows\System32\WS2_32.dll
0x0000000060400000 - 0x000000006040f000 	H:\MyEclipse 2017 CI\binary\com.sun.java.jdk8.win32.x86_64_1.8.0.v112\jre\bin\verify.dll
0x00000000603d0000 - 0x00000000603f9000 	H:\MyEclipse 2017 CI\binary\com.sun.java.jdk8.win32.x86_64_1.8.0.v112\jre\bin\java.dll
0x00000000603b0000 - 0x00000000603c6000 	H:\MyEclipse 2017 CI\binary\com.sun.java.jdk8.win32.x86_64_1.8.0.v112\jre\bin\zip.dll
0x00007ff931ce0000 - 0x00007ff93311f000 	C:\Windows\System32\SHELL32.dll
0x00007ff933a10000 - 0x00007ff933ab9000 	C:\Windows\System32\shcore.dll
0x00007ff9315d0000 - 0x00007ff931cdd000 	C:\Windows\System32\windows.storage.dll
0x00007ff9335f0000 - 0x00007ff933641000 	C:\Windows\System32\shlwapi.dll
0x00007ff930c00000 - 0x00007ff930c11000 	C:\Windows\System32\kernel.appcore.dll
0x00007ff930be0000 - 0x00007ff930bff000 	C:\Windows\System32\profapi.dll
0x00007ff930b90000 - 0x00007ff930bdc000 	C:\Windows\System32\powrprof.dll
0x00007ff930b60000 - 0x00007ff930b6a000 	C:\Windows\System32\FLTLIB.DLL
0x00007ff930570000 - 0x00007ff930587000 	C:\Windows\SYSTEM32\CRYPTSP.dll
0x00007ff92ffa0000 - 0x00007ff92ffd3000 	C:\Windows\system32\rsaenh.dll
0x00007ff9306a0000 - 0x00007ff9306c5000 	C:\Windows\SYSTEM32\bcrypt.dll
0x00007ff930a60000 - 0x00007ff930a88000 	C:\Windows\SYSTEM32\USERENV.dll
0x00007ff930590000 - 0x00007ff93059b000 	C:\Windows\SYSTEM32\CRYPTBASE.dll
0x0000000060390000 - 0x00000000603aa000 	H:\MyEclipse 2017 CI\binary\com.sun.java.jdk8.win32.x86_64_1.8.0.v112\jre\bin\net.dll
0x00007ff9303c0000 - 0x00007ff930426000 	C:\Windows\system32\mswsock.dll
0x00007ff930140000 - 0x00007ff930178000 	C:\Windows\SYSTEM32\IPHLPAPI.DLL
0x00007ff9331c0000 - 0x00007ff9331c8000 	C:\Windows\System32\NSI.dll
0x00007ff926760000 - 0x00007ff926776000 	C:\Windows\SYSTEM32\dhcpcsvc6.DLL
0x00007ff926970000 - 0x00007ff92698a000 	C:\Windows\SYSTEM32\dhcpcsvc.DLL
0x0000000060370000 - 0x0000000060381000 	H:\MyEclipse 2017 CI\binary\com.sun.java.jdk8.win32.x86_64_1.8.0.v112\jre\bin\nio.dll
0x00007ff92d980000 - 0x00007ff92d98a000 	C:\Users\¡ı¡÷ÃŒ\AppData\Local\Temp\jansi-1.17.1-5077264461738208872.dll
0x00007ff92d8b0000 - 0x00007ff92d8ba000 	C:\Users\¡ı¡÷ÃŒ\AppData\Local\Temp\jansi-1.17.1-603356799854963654.dll
0x0000000060180000 - 0x000000006018d000 	H:\MyEclipse 2017 CI\binary\com.sun.java.jdk8.win32.x86_64_1.8.0.v112\jre\bin\management.dll

VM Arguments:
jvm_args: -Dmaven.multiModuleProjectDirectory=$MAVEN_HOME -Dmaven.home=H:\apache-maven-3.5.4 -Dclassworlds.conf=F:\Workspaces\.metadata\.plugins\org.eclipse.m2e.launching\launches\m2conf4878904130929646246.tmp -Dmaven.multiModuleProjectDirectory=H:\GitSpace\ProvidentFund\ProvidentFund Maven Webapp -Dfile.encoding=GBK 
java_command: org.codehaus.plexus.classworlds.launcher.Launcher -B -gs H:\apache-maven-3.5.4\conf\settings.xml -s H:\apache-maven-3.5.4\conf\settings.xml tomcat7:run
java_class_path (initial): H:\apache-maven-3.5.4\boot\plexus-classworlds-2.5.2.jar
Launcher Type: SUN_STANDARD

Environment Variables:
JAVA_HOME=C:\Program Files (x86)\Java\jdk1.8.0_144
CLASSPATH=.;C:\Program Files (x86)\Java\jdk1.8.0_144\lib;C:\Program Files (x86)\Java\jdk1.8.0_144\lib\tools.jar
PATH=C:\ProgramData\Oracle\Java\javapath;C:\Windows\system32;C:\Windows;C:\Windows\System32\Wbem;C:\Windows\System32\WindowsPowerShell\v1.0\;C:\Windows\System32\OpenSSH\;"C:\Program Files (x86)\Java\jdk1.8.0_144\bin;C:\Program Files (x86)\Java\jdk1.8.0_144\jre\bin\";H:\apache-maven-3.5.4\bin\;C:\Program Files\Git\cmd;H:\nodejs\;H:\nodejs\node_global;C:\Users\¡ı¡÷ÃŒ\AppData\Local\Microsoft\WindowsApps;C:\Users\¡ı¡÷ÃŒ\AppData\Local\GitHubDesktop\bin;C:\Users\¡ı¡÷ÃŒ\AppData\Roaming\npm
USERNAME=¡ı¡÷ÃŒ
OS=Windows_NT
PROCESSOR_IDENTIFIER=Intel64 Family 6 Model 142 Stepping 9, GenuineIntel



---------------  S Y S T E M  ---------------

OS: Windows 10.0 , 64 bit Build 17134 (10.0.17134.1)

CPU:total 4 (2 cores per cpu, 2 threads per core) family 6 model 142 stepping 9, cmov, cx8, fxsr, mmx, sse, sse2, sse3, ssse3, sse4.1, sse4.2, popcnt, avx, avx2, aes, clmul, erms, 3dnowpref, lzcnt, ht, tsc, tscinvbit, bmi1, bmi2, adx

Memory: 4k page, physical 8283716k(1946896k free), swap 15884992k(6952k free)

vm_info: Java HotSpot(TM) 64-Bit Server VM (25.112-b15) for windows-amd64 JRE (1.8.0_112-b15), built on Sep 22 2016 21:31:56 by "java_re" with MS VC++ 10.0 (VS2010)

time: Tue Oct 30 00:02:24 2018
elapsed time: 12 seconds (0d 0h 0m 12s)

